
4095
4095
4095
4095
4095
4095
4095
4095
4095
4095
4095
4095
4095
4095
4095
4095
4095
4095
4095
4095
4095
4095
4095
4095
4095
4095
4095
4095
4095
4095
4095
4095
4095
4095
4095
4095
4095
4095
4095
4095
4095
4095
4095
4095
4095
4095
4095
4095
4095
4095
4095
4095
4095
4095
4095
4095
4095
4095
4095
4095
4095
4095
4095
4095
4095
4095
4095
4095
4095
4095
4095
4095
4095
4095
4095
4095
4095
4095
4095
4095
4095
4095
4095
4095
4095
4095
4095
4095
4095
4095
4095
4095
4095
4095
4095
4095
4095
4095
4095
4095
4095
4095
4095
4095
4095
4095
4095
4095
4095
4095
4095
4095
4095
4095
4095
4095
4095
4095
4095
4095
4095
4095
4095
4095
4095
4095
4043
4095
4095
4095
4095
4095
4095
4095
4095
4095
4095
4095
4095
4095
4095
4095
4095
4095
4095
4095
4095
4095
4095
4095
4095
4095
4095
4095
4095
4095
4095
4095
4095
4095
4095
4095
4095
4095
4095
4095
4095
4095
4095
4095
4095
4095
4095
4095
4095
4095
4095
4095
4095
4095
4095
4095
4095
4095
4095
4095
4095
4095
4095
4095
4095
4095
4095
4095
4095
4095
4095
4095
4095
4095
4095
4095
4095
4095
4095
4095
4095
4095
4095
4095
4095
4095
4095
4095
4095
4095
4095
4095
4095
4095
4095
4095
4095
4095
4095
4095
4095
4095
4095
4095
4095
4095
4095
4095
4095
4095
4095
4095
4095
4095
4095
4095
4095
4095
4095
4095
4095
4095
4095
4095
4095
4095
4095
4095
4095
4095
4095
4095
4095
4095
4095
4095
4095
4095
4095
4095
4095
4095
4095
4095
4095
4095
4095
4095
4095
4095
4095
4095
4095
4095
4095
4095
4095
4095
4095
4095
4095
4095
4095
4095
4095
4095
4095
4095
4095
4095
4095
4095
4095
4095
4095
4095
4095
4095
4095
4095
4095
4095
4095
4095
4095
4095
4095
4095
4095
4095
4095
4095
4095
4095
4095
4095
4095
4095
4095
4095
4095
4095
4095
4095
4095
4095
4095
4095
4095
4095
4095
4095
4095
4095
4095
4095
4095
4095
4095
4095
4095
4095
4095
4095
4095
4095
4095
4095
4095
4095
4095
4095
4095
4095
4095
4095
4095
4095
4095
4095
4095
4095
4095
4095
4095
4095
4095
4095
4095
4095
4095
4095
4095
4095
4095
4095
4095
4095
4095
4095
4095
4095
4095
4095
4095
4095
4095
4095
4095
4095
4095
4095
4095
4095
4095
4095
4095
4095
4095
4095
4095
4095
4095
4095
4095
4095
4095
4095
4095
4095
4095
4095
4095
4095
4095
4095
4095
4095
4095
4095
4095
4095
4095
4095
4095
4095
4095
4095
4095
4095
4095
4095
4095
4095
4095
4095
4095
4095
4095
4095
4095
4095
4095
4095
4095
4095
4095
4095
4095
4095
4095
4095
4095
4095
4095
4095
4095
4095
4095
4095
4095
4095
4095
4095
4095
4095
4095
4095
4095
4095
4095
4095
4095
4095
4095
4095
4095
4095
4095
4095
4095
4095
4095
4095
4095
4095
4095
4095
4095
4095
4095
4095
4095
4095
4095
4095
4095
4095
4095
4095
4095
4095
4095
4095
4095
4095
4095
4095
4095
4095
4095
4095
4095
4095
4095
4095
4095
4095
4095
4095
4095
4095
4095
4095
4095
4095
4095
4095
4095
4095
4095
4095
4095
4095
4095
4095
4095
4095
4095
4095
4095
4095
4095
4095
4095
4095
4095
4095
4095
4095
4095
4095
4095
4095
4095
4095
4095
4095
4095
4095
4095
4095
4095
4095
4095
4095
4095
4095
4095
4095
4095
4095
4095
4095
4095
4095
4095
4095
4095
4095
4095
4095
4095
4095
4095
4095
4095
4095
4095
4095
4095
4095
4095
4095
4095
4095
4095
4095
4095
4095
4095
4095
4095
4095
4095
4095
4095
4095
4095
4095
4095
4095
4095
4095
4095
4095
4095
4095
4095
4095
4095
4095
4095
4095
4095
4095
4095
4095
4095
4095
4095
4095
4095
4095
4095
4095
4095
4095
4095
4095
4095
4095
4095
4095
4095
4095
4095
4095
4095
4095
4095
4095
4095
4095
4095
4095
4095
4095
4095
4095
4095
4095
4095
4095
4095
4095
4095
4095
4095
4095
4095
4095
4095
4095
4095
4095
4095
4095
4095
4095
4095
4095
4095
4095
4095
4095
4095
4095
4095
4095
4095
4095
4095
4095
4095
4095
4095
4095
4095
4095
4095
4095
4095
4095
4095
4095
4095
4095
4095
4095
4095
4095
4095
4095
4095
4095
4095
4095
4095
4095
4095
4095
4095
4095
4095
4095
4095
4095
4095
4095
4095
4095
4095
4095
4095
4095
4095
4095
4095
4095
4095
4095
4095
4095
4095
4095
4095
4095
4095
4095
4095
4095
4095
4095
4095
4095
4095
4095
4095
4095
4095
4095
4095
4095
4095
4095
4095
4095
4095
4095
4095
4095
4095
4095
4095
4095
4095
4095
4095
4095
4095
4095
4095
4095
4095
4095
4095
4095
4095
4095
4095
4095
4095
4095
4095
4095
4095
4095
4095
4095
4095
4095
4095
4095
4095
4095
4095
4095
4095
4095
4095
4095
4095
4095
4095
4095
4095
4095
4095
4095
4095
4095
4095
4095
4095
4095
4095
4095
4095
4095
4095
4095
4095
4095
4095
4095
4095
4095
4095
4095
4095
4095
4095
4095
4095
4095
4095
4095
4095
4095
4095
4095
4095
4095
4095
4095
4095
4095
4095
4095
4095
4095
4095
4095
4095
4095
4095
4095
4095
4095
4095
4095
4095
4095
4095
4095
4095
4095
4095
4095
4095
4095
4095
4095
4095
4095
4095
4095
4095
4095
4095
4095
4095
4095
4095
4095
4095
4095
4095
4095
4095
4095
4095
4095
4095
4095
4095
4095
4095
4095
4095
4095
4095
4095
4095
4095
4095
4095
4095
4095
4095
4095
4095
4095
4095
4095
4095
4095
4095
4095
4095
4095
4095
4095
4095
4095
4095
4095
4095
4095
4095
4095
4095
4095
4095
4095
4095
4095
4095
4095
4095
4095
4095
4095
4095
4095
4095
4095
4095
4095
4095
4095
4095
4095
4095
4095
4095
4095
4095
4095
4095
4095
4095
4095
4095
4095
4095
4095
4095
4095
4095
4095
4095
4095
4095
4095
4095
4095
4095
4095
4095
4095
4095
4095
4095
4095
4095
4095
4095
4095
4095
4095
4095
4095
4095
4095
4095
4095
4095
4095
4095
4095
4095
4095
4095
4095
4095
4095
4095
4095
4095
4095
4095
4095
4095
4095
4095
4095
4095
4095
4095
4095
4095
4095
4095
4095
4095
4095
4095
4095
4095
4095
4095
4095
4095
4095
4095
4095
4095
4095
4095
4095
4095
4095
4095
4095
4095
4095
4095
4095
4095
4095
4095
4095
4095
4095
4095
4095
4095
4095
4095
4095
4095
4095
4095
4095
4095
4095
4095
4095
4095
4095
4095
4095
4095
4095
4095
4095
4095
4095
4095
4095
4095
4095
4095
4095
4095
4095
4095
4095
4095
4095
4095
4095
4095
4095
4095
4095
4095
4095
4095
4095
4095
4095
4095
4095
4095
4095
4095
4095
4095
4095
4095
4095
4095
4095
4095
4095
4095
4095
4095
4095
4095
4095
4095
4095
4095
4095
4095
4095
4095
4095
4095
4095
4095
4095
4095
4095
4095
4095
4095
4095
4095
4095
4095
4095
4095
4095
4095
4095
4095
4095
4095
4095
4095
4095
4095
4095
4095
4095
4095
4095
4095
4095
4095
4095
4095
4095
4095
4095
4095
4095
4095
4095
4095
4095
4095
4095
4095
4095
4095
4095
4095
4095
4095
4095
4095
4095
4095
4095
4095
4095
4095
4095
4095
4095
4095
4095
4095
4095
4095
4095
4095
4095
4095
4095
4095
4095
4095
4095
4095
4095
4095
4095
4095
4095
4095
4095
4095
4095
4095
4095
4095
4095
4095
4095
4095
4095
4095
4095
4095
4095
4095
4095
4095
4095
4095
4095
4095
4095
4095
4095
4095
4095
4095
4095
4095
4095
4095
4095
4095
4095
4095
4095
4095
4095
4095
4095
4095
4095
4095
4095
4095
4095
4095
4095
4095
4095
4095
4095
4095
4095
4095
4095
4095
4095
4095
4095
4095
4095
4095
4095
4095
4095
4095
4095
4095
4095
4095
4095
4095
4095
4095
4095
4095
4095
4095
4095
4095
4095
4095
4095
4095
4095
4095
4095
4095
4095
4095
4095
4095
4095
4095
4095
4095
4095
4095
4095
4095
4095
4095
4095
4095
4095
4095
4095
4095
4095
4095
4095
4095
4095
4095
4095
4095
4095
4095
4095
4095
4095
4095
4095
4095
4095
4095
4095
4095
4095
4095
4095
4095
4095
4095
4095
4095
4095
4095
4095
4095
4095
4095
4095
4095
4095
4095
4095
4095
4095
4095
4095
4095
4095
4095
4095
4095
4095
4095
4095
4095
4095
4095
4095
4095
4095
4095
4095
4095
4095
4095
4095
4095
4095
4095
4095
4095
4095
4095
4095
4095
4095
4095
4095
4095
4095
4095
4095
4095
4095
4095
4095
4095
4095
4095
4095
4095
4095
4095
4095
4095
4095
4095
4095
4095
4095
4095
4095
4095
4095
4095
4095
4095
4095
4095
4095
4095
4095
4095
4095
4095
4095
4095
4095
4095
4095
4095
4095
4095
4095
4095
4095
4095
4095
4095
4095
4095
4095
4095
4095
4095
4095
4095
4095
4095
4095
4095
4095
4095
4095
4095
4095
4095
4095
4095
4095
4095
4095
4095
4095
4095
4095
4095
4095
4095
4095
4095
4095
4095
4095
4095
4095
4095
4095
4095
4095
Packet received from server!
C> left track: forward, right track: forward
4095
4095
4095
4095
3918
3695
3492
3344
3249
3242
3299
4095
4095
4095
4095
4095
4095
4095
4095
4095
3970
3250
3253
4095
4095
4095
4095
4095
4095
4095
4095
3862
3166
2932
2928
3722
4095
4095
4095
4095
4095
4095
3249
3214
4095
4095
4095
4095
4095
3200
2975
3227
4095
4095
4095
4095
3650
2941
2982
3597
4095
4095
4095
4095
3153
3542
4095
4095
4095
4067
2983
3142
4095
4095
4095
4095
3311
2960
3598
4095
4095
4095
3355
3150
4095
4095
4095
4095
3295
3111
4095
4095
4095
4095
4095
4095
3703
4095
4095
4095
4095
3391
4095
4095
4095
4095
4095
4095
4095
4095
4095
4095
4095
4095
4095
4095
4095
3216
4095
4095
4095
4095
3136
3019
4095
4095
4095
3776
2959
3090
4095
4095
4095
3862
3153
4047
4095
4095
4095
3008
3157
4095
4095
4095
3393
2846
3133
4095
4095
4095
3487
3294
4095
4095
4095
3440
3067
3607
4095
4095
4095
3062
3055
3795
4095
4095
3979
3212
4095
4095
4095
3629
3199
4095
4095
4095
4095
3043
3727
4095
4095
4095
4095
3077
3811
4095
4095
4095
3014
3155
4095
4095
4095
3399
2923
3382
4095
4095
4095
3200
3541
4095
4095
4095
4095
4079
4095
4095
4095
4095
4095
4095
4095
4095
4095
4095
4095
4095
4095
4095
3403
4095
4095
4095
4095
3294
2841
3294
4095
4095
4095
3262
3255
4095
4095
4095
3161
2907
3785
4095
4095
3855
2889
2967
4095
4095
4095
3712
3105
4095
4095
4095
3563
2961
3345
4095
4095
4095
3058
3085
4095
4095
4095
3799
3262
4095
4095
4095
3616
3034
3438
4095
4095
4095
3008
3019
3696
4095
4095
4095
3084
3607
4095
4095
4095
2930
Packet received from server!
C> left track: stop3071
, right track: stop
4095
4095
4095
3542
2880
2947
3547
4095
4095
4095
4095
4095
4095
4095
4095
4095
4095
4095
4095
4095
4095
4095
3497
3180
3031
2989
2989
3018
3077
3143
3215
3283
3329
3371
3376
3376
3361
3344
3322
3217
3295
3293
3294
3295
3290
3289
3293
3293
3290
3294
3294
3295
3288
3296
3292
3289
3289
3290
3293
3204
3203
3297
3294
3281
3291
3295
3294
3295
3286
3283
3290
3292
3289
3286
3294
3294
3293
3287
3286
3283
3209
3200
3200
3289
3297
3294
3293
3293
3295
3291
3293
3291
3286
3295
3290
3295
3287
3290
3290
3291
3200
3201
3291
3293
3283
3291
3290
3283
3291
3289
3286
3291
3293
3287
3290
3294
3287
3290
3287
3286
3290
3201
3205
3290
3294
3287
3293
3285
3291
3293
3294
3287
3294
3293
3291
3287
3290
3290
3293
3285
3299
3205
3189
3296
3287
3294
3291
3287
3293
3284
3267
3295
3293
3291
3297
3294
3296
3296
3290
3294
3293
3296
3206
3292
3296
3296
3295
3293
3294
3298
3290
3291
3296
3291
3287
3298
3297
3293
3296
3294
3293
3296
3207
3197
3203
3215
3203
3290
3297
3293
3294
3289
3295
3291
3296
3291
3297
3294
3293
3295
3291
3292
3295
3206
3294
3287
3290
3295
3295
3287
3294
3293
3289
3289
3291
3296
3294
3293
3295
3293
3287
3296
3290
3201
3269
3295
3297
3293
3298
3295
3291
3294
3292
3291
3290
3297
3296
3293
3287
3297
3289
3289
3291
3293
3208
3296
3286
3287
3290
3294
3291
3293
3293
3287
3292
3295
3290
3290
3296
3295
3294
3296
3287
3299
3211
3216
3210
3295
3299
3295
3292
3293
3297
3293
3286
3287
3287
3295
3298
3294
3287
3298
3291
3290
3289
3206
3186
3184
3291
3294
3290
3295
3289
3289
3289
3294
3293
3292
3293
3291
3290
3297
3303
3292
3292
3200
3205
3203
3291
3294
3291
3289
3296
3293
3291
3297
3291
3295
3295
3311
3296
3293
3288
3291
3291
3290
3200
3289
3296
3296
3297
3291
3296
3293
3297
3290
3291
3294
3294
3294
3307
3291
3294
3291
3297
3294
3207
3211
3209
3292
3299
3285
3283
3291
3282
3285
3281
3289
3286
3287
3289
3287
3290
3284
3296
3285
3289
3203
3200
3286
3292
3291
3292
3291
3280
3282
3291
3290
3291
3299
3286
3290
3282
3290
3293
3291
3291
3203
3295
3295
3287
3285
3286
3287
3291
3291
3287
3289
3285
3285
3294
3285
3291
3295
3287
3280
3291
3282
3199
3282
3285
3281
3286
3283
3286
3282
3287
3291
3287
3291
3290
3289
3287
3290
3294
3293
3298
3285
3200
3281
3289
3295
3286
3290
3285
3287
3291
3286
3291
3287
3289
3285
3283
3311
3284
3286
3294
3286
3279
3207
3291
3293
3282
3287
3285
3285
3282
3289
3286
3293
3286
3286
3286
3282
3291
3286
3291
3289
3287
3200
3293
3285
3290
3291
3291
3291
3287
3290
3290
3307
3289
3283
3283
3282
3290
3290
3283
3284
3286
3227
3203
3197
3287
3285
3286
3284
3287
3280
3283
3285
3291
3291
3293
3282
3290
3281
3286
3286
3291
3287
3191
3276
3285
3287
3287
3284
3290
3286
3283
3287
3283
3287
3287
3280
3291
3281
3293
3291
3286
3288
3201
3263
3291
3289
3290
3285
3292
3285
3265
3291
3293
3286
3286
3286
3295
3289
3290
3294
3291
3291
3291
3203
3292
3296
3289
3290
3290
3294
3294
3293
3291
3294
3294
3287
3295
3290
3285
3296
3290
3294
3295
3200
3207
3207
3281
3287
3287
3286
3290
3294
3290
3296
3291
3287
3291
3294
3290
3293
3293
3292
3290
3289
3203
3291
3291
3284
3285
3290
3290
3290
3286
3296
3291
3294
3289
3287
3297
3293
3293
3290
3301
3293
3203
3291
3293
3287
3299
3294
3293
3294
3291
3291
3287
3289
3283
3293
3290
3294
3295
3295
3293
3294
3293
3201
3291
3291
3295
3293
3295
3296
3289
3295
3291
3290
3291
3293
3296
3287
3289
3298
3295
3294
3291
3205
3301
3291
3289
3290
3295
3286
3293
3288
3295
3298
3292
3294
3289
3287
3294
3287
3287
3286
3289
3298
3203
3187
3201
3201
3210
3211
3203
3206
3206
3204
3200
3196
3207
3293
3301
3293
3290
3289
3293
3290
3200
3289
3294
3295
3287
3298
3290
3292
3290
3290
3299
3286
3297
3295
3287
3289
3289
3289
3293
3287
3293
3210
3210
3299
3298
3294
3293
3294
3286
3298
3298
3294
3296
3298
3295
3293
3297
3298
3289
3294
3291
3201
3297
3287
3294
3293
3291
3293
3295
3296
3283
3292
3295
3297
3292
3287
3283
3294
3289
3302
3291
3284
3196
3286
3287
3283
3291
3281
3294
3290
3286
3288
3280
3287
3286
3284
3294
3283
3289
3281
3287
3282
3195
3199
3203
3286
3290
3283
3286
3287
3291
3282
3286
3290
3282
3285
3293
3283
3286
3290
3282
3291
3230
3209
3287
3284
3290
3291
3290
3287
3295
3291
3286
3285
3286
3282
3287
3291
3286
3285
3289
3291
3281
3200
3287
3285
3295
3284
3285
3294
3280
3290
3286
3283
3291
3296
3287
3281
3285
3286
3283
3283
3282
3191
3194
3287
3283
3292
3286
3293
3283
3287
3285
3289
3286
3280
3292
3284
3282
3282
3280
3286
3285
3291
3209
3287
3290
3293
3285
3287
3285
3291
3285
3291
3294
3292
3291
3286
3284
3287
3286
3285
3285
3295
3200
3207
3199
3294
3292
3290
3285
3289
3292
3289
3291
3286
3284
3283
3294
3289
3280
3286
3290
3291
3287
3203
3287
3293
3286
3293
3287
3291
3285
3290
3294
3283
3288
3294
3285
3282
3287
3282
3286
3292
3284
3200
3284
3295
3281
3291
3287
3290
3290
3282
3280
3288
3286
3289
3283
3285
3285
3286
3284
3286
3290
3285
3202
3283
3290
3285
3286
3286
3294
3286
3287
3289
3294
3296
3297
3299
3296
3294
3294
3290
3293
3294
3197
3289
3297
3290
3293
3291
3286
3291
3292
3295
3291
3283
3289
3293
3283
3290
3293
3295
3291
3295
3286
3195
3202
3209
3184
3190
3289
3288
3293
3298
3291
3287
3293
3287
3299
3289
3294
3287
3289
3287
3291
3200
3290
3294
3295
3293
3290
3287
3296
3294
3291
3297
3292
3287
3282
3291
3300
3291
3295
3287
3296
3287
3201
3291
3286
3293
3289
3294
3291
3294
3294
3283
3292
3291
3287
3286
3294
3280
3286
3293
3290
3294
3199
3297
3296
3296
3296
3293
3291
3300
3287
3293
3298
3287
3291
3290
3289
3283
3291
3291
3293
3291
3293
3202
3283
3290
3294
3295
3291
3297
3291
3294
3291
3286
3294
3296
3287
3294
3291
3289
3291
3287
3293
3201
3225
3199
3295
3294
3293
3289
3286
3296
3294
3287
3292
3290
3294
3287
3290
3286
3291
3297
3293
3265
3205
3202
3289
3287
3286
3291
3289
3293
3290
3298
3285
3297
3294
3294
3287
3295
3293
3291
3290
3295
3202
3287
3294
3290
3294
3292
3294
3291
3294
3285
3297
3285
3291
3297
3295
3290
3293
3287
3297
3289
3225
3205
3295
3291
3295
3296
3287
3287
3293
3287
3284
3286
3286
3282
3283
3289
3287
3287
3289
3294
3292
3196
3191
3255
3290
3285
3282
3282
3281
3293
3287
3291
3289
3285
3289
3282
3290
3291
3283
3290
3290
3186
3199
3283
3286
3283
3290
3290
3289
3290
3286
3284
3282
3286
3287
3286
3289
3287
3287
3286
3285
3291
3200
3287
3287
3291
3290
3289
3294
3289
3283
3289
3293
3283
3284
3290
3287
3287
3281
3282
3281
3286
3194
3199
3289
3289
3285
3291
3286
3287
3286
3289
3291
3287
3283
3309
3284
3281
3282
3287
3290
3281
3287
3206
3283
3280
3286
3286
3291
3281
3287
3284
3287
3285
3288
3285
3289
3287
3289
3287
3287
3288
3284
3206
3201
3287
3283
3273
3295
3289
3287
3292
3282
3294
3286
3290
3290
3287
3285
3280
3286
3285
3291
3285
3198
3201
3199
3283
3292
3290
3293
3291
3282
3283
3288
3285
3281
3287
3285
3291
3286
3283
3291
3293
3202
3179
3290
3291
3286
3302
3280
3280
3283
3286
3285
3285
3291
3287
3291
3281
3287
3287
3285
3284
3283
3200
3289
3295
3285
3281
3293
3286
3290
3291
3283
3284
3283
3283
3288
3289
3284
3281
3285
3285
3292
3195
3199
3295
3297
3294
3289
3294
3297
3283
3290
3290
3289
3289
3293
3293
3286
3291
3287
3291
3291
3291
3202
Packet received from server!
3195
3209
3201
3200
3205
3204
3203
3196
3202
3213
3200
3185
3291
3295
3293
3295
3290
3295
3290
3207
3259
3288
3296
3291
3290
3296
3296
3294
3294
3285
3298
3297
3290
3291
3285
3287
3291
3297
3286
3287
3207
3293
3291
3290
3295
3294
3284
3287
3294
3293
3295
3293
3290
3291
3293
3290
3285
3286
3293
3289
3200
3263
3291
3290
3290
3287
3286
3291
3287
3294
3286
3295
3289
3295
3289
3289
3293
3286
3290
3294
3296
3204
3291
3294
3291
3287
3296
3291
3289
3294
3271
3299
3292
3286
3285
3290
3289
3298
3293
3290
3291
3205
3200
3200
3291
3294
3291
3286
3298
3290
3295
3295
3293
3294
3295
3293
3291
3294
3293
3297
3294
3294
3203
3203
3291
3298
3294
3290
3289
3290
3295
3289
3291
3291
3295
3291
3294
3287
3293
3291
3295
3293
3201
3296
3301
3293
3283
3295
3293
3291
3285
3290
3295
3292
3291
3287
3291
3287
3309
3283
3293
3295
3298
3205
3300
3294
3289
3294
3294
3297
3293
3291
3294
3295
3283
3287
3294
3291
3290
3291
3280
3290
3291
3191
3287
3290
3286
3283
3293
3283
3291
3285
3286
3282
3287
3287
3283
3289
3281
3291
3287
3291
3285
3283
3203
3202
3285
3287
3285
3281
3287
3283
3290
3289
3282
3282
3286
3289
3283
3284
3282
3286
3294
3280
3199
3287
3287
3291
3292
3294
3287
3281
3289
3287
3289
3291
3287
3289
3281
3287
3283
3292
3291
3285
3280
3204
3291
3285
3289
3287
3286
3290
3286
3288
3292
3291
3285
3282
3290
3286
3290
3285
3296
3286
3286
3207
3288
3285
3290
3285
3292
3286
3287
3287
3281
3283
3293
3299
3293
3293
3282
3287
3295
3290
3281
3239
3200
3287
3289
3294
3292
3289
3290
3282
3290
3286
3284
3291
3281
3290
3293
3283
3295
3305
3291
3289
3200
3205
3201
3284
3291
3288
3287
3285
3282
3282
3297
3287
3283
3286
3283
3300
3287
3283
3286
3281
3195
3254
3293
3284
3291
3286
3287
3283
3282
3283
3284
3280
3278
3283
3287
3291
3295
3280
3287
3294
3292
3205
3287
3289
3287
3289
3280
3287
3295
3287
3289
3282
3285
3293
3292
3289
3293
3286
3286
3291
3293
3203
3259
3289
3293
3286
3283
3285
3282
3285
3283
3287
3291
3295
3282
3292
3290
3289
3292
3292
3289
3293
3216
3294
3290
3289
3294
3284
3286
3286
3287
3294
3295
3288
3286
3291
3289
3287
3291
3294
3294
3294
3203
3202
3199
3287
3288
3291
3291
3293
3295
3288
3287
3294
3285
3285
3297
3293
3291
3293
3291
3290
3291
3205
3293
3296
3291
3295
3294
3291
3298
3295
3291
3294
3293
3290
3291
3291
3293
3289
3294
3294
3297
3203
3292
3296
3291
3284
3286
3293
3285
3290
3295
3290
3291
3295
3301
3295
3311
3295
3290
3291
3287
3300
3200
3296
3295
3296
3286
3289
3299
3302
3290
3287
3291
3293
3298
3295
3290
3295
3285
3294
3295
3290
3200
3289
3291
3294
3291
3287
3287
3293
3290
3293
3289
3292
3285
3286
3295
3295
3295
3302
3291
3296
3293
3202
3203
3290
3297
3297
3291
3293
3298
3292
3295
3292
3286
3293
3284
3291
3295
3297
3295
3292
3300
3205
3200
3266
3298
3291
3297
3295
3295
3292
3291
3295
3284
3290
3292
3294
3291
3295
3296
3294
3295
3291
3209
3299
3286
3283
3293
3290
3287
3295
3297
3293
3295
3293
3282
3298
3291
3296
3291
3295
3295
3293
3205
3291
3291
3293
3286
3291
3289
3291
3281
3291
3286
3283
3285
3285
3280
3290
3286
3286
3284
3283
3264
3200
3293
3288
3285
3287
3282
3283
3286
3286
3281
3289
3285
3294
3285
3291
3287
3297
3281
3291
3291
3197
3187
3182
3282
3286
3285
3290
3280
3285
3290
3282
3290
3294
3287
3283
3285
3293
3284
3293
3293
3231
3209
3288
3287
3278
3287
3283
3290
3289
3280
3287
3290
3287
3289
3285
3287
3305
3285
3286
3283
3287
3199
3293
3282
3287
3291
3287
3283
3285
3287
3287
3286
3287
3290
3288
3287
3291
3283
3288
3287
3287
3200
3202
3299
3291
3285
3289
3294
3286
3286
3290
3280
3292
3287
3287
3282
3286
3286
3287
3285
3299
3287
3198
3288
3286
3293
3289
3283
3283
3282
3285
3291
3287
3290
3289
3281
3287
3289
3285
3287
3291
3282
3200
3202
3203
3292
3298
3291
3284
3283
3293
3297
3283
3285
3285
3292
3287
3287
3281
3283
3294
3287
3285
3199
3287
3287
3296
3286
3290
3283
3283
3287
3287
3286
3293
3283
3285
3293
3289
3295
3287
3289
3286
3195
3203
3286
3286
3281
3280
3286
3275
3291
3285
3281
3297
3285
3284
3281
3286
3287
3290
3293
3291
3287
3200
3315
3287
3293
3293
3292
3294
3294
3291
3289
3289
3293
3297
3293
3297
3290
3297
3290
3293
3291
3201
3186
3207
3296
3291
3294
3289
3293
3293
3291
3291
3290
3291
3292
3299
3298
3291
3287
3292
3287
3292
3207
Packet received from server!
3211
C> left track: forward, right track: forward
3182
3202
3247
3312
3408
3548
3734
4016
4095
4095
4095
4095
4095
4095
4095
4095
4095
4095
4095
4095
4007
3533
3230
3057
2954
2911
2927
3088
4095
4095
4095
4095
4095
4095
4095
4095
4095
4095
4095
3775
3362
3159
3532
4095
4095
4095
4095
4095
4095
4095
4095
3779
3175
2991
2992
4095
4095
4095
4095
4095
4095
4095
3935
3214
2957
2921
4095
4095
4095
4095
4095
4095
4095
4095
3312
3150
3711
4095
4095
4095
4095
4095
4095
3111
2966
3137
3696
4095
4095
4095
4095
4095
4095
2929
2963
3294
4095
4095
4095
4095
4095
3651
3181
3248
4095
4095
4095
4095
4095
4095
4095
4095
4095
4095
4095
4095
4095
3573
4095
4095
4095
3618
4095
4095
4095
4095
4095
3663
4095
4095
4095
4095
4095
4095
4095
3147
3227
4095
4095
4095
4095
4095
4095
3385
2960
2931
3446
4095
4095
4095
4095
4095
3443
3158
3501
4095
4095
4095
4095
4095
3055
2988
3216
4095
4095
4095
4095
4095
4095
4095
3009
3533
4095
4095
4095
4095
4095
4095
4095
4095
4095
4095
4095
4095
3264
4095
4095
4095
4095
4095
4095
4095
3387
2974
3595
4095
4095
4095
4095
4095
4095
3678
3158
3185
4095
4095
4095
4095
4095
3264
2961
3115
3721
4095
4095
4095
4095
3390
2961
2928
3217
4095
4095
4095
4095
4095
4095
3410
3593
4095
4095
4095
4095
4095
4095
4095
3826
4095
4095
4095
4095
4095
4095
4095
3349
4095
4095
4095
4095
3951
4095
4095
4095
4095
4095
4095
4095
3301
2970
3043
4050
4095
4095
4095
4095
3472
2989
2907
3121
4095
4095
4095
4095
4095
3447
3141
3507
4095
4095
4095
4095
4095
4095
4095
3711
4095
4095
4095
4095
4045
4095
4095
4095
4095
4095
4095
4095
4095
3649
4095
4095
4095
4095
4095
4095
3429
2997
3327
4095
4095
4095
4095
4095
3466
2974
2905
3110
4095
4095
4095
4095
4095
3472
3157
3376
4095
4095
4095
4095
4095
3472
2961
3090
3667
4095
4095
4095
4095
4095
4095
4095
3475
3991
4095
4095
4095
4095
4095
4095
4095
4095
4095
4095
4095
4095
3275
4095
4095
4095
4095
4095
4095
4095
3197
2908
3215
3550
4095
4095
4095
4095
3803
3174
3280
4095
4095
4095
4095
4095
3372
2972
3216
4095
4095
4095
4095
4095
3157
2836
2909
3325
4095
4095
4095
4095
4095
4095
4095
4095
4095
4095
4095
4095
4095
4095
4095
4095
4095
4095
4095
4095
3792
3238
4095
4095
4095
4095
4095
4095
4095
3568
3152
4095
4095
4095
4095
4095
4095
3001
2970
3267
4095
4095
4095
4095
4095
3449
2917
3005
3465
4095
4095
4095
4095
4095
3181
3263
4095
4095
4095
4095
4095
4095
4095
4095
3696
4095
4095
4095
4095
4095
4095
4095
4095
3888
4095
4095
4095
4095
3861
4095
4095
4095
4095
4095
4095
4095
4095
4095
4095
4095
4095
4095
4095
4095
3403
2976
4095
4095
4095
4095
4095
4095
4095
3435
3152
3626
4095
4095
4095
4095
3754
3030
2995
3349
4095
4095
4095
4095
4095
3069
2987
3206
4095
4095
4095
4095
4095
4095
4095
4095
4095
4095
4095
4095
4095
4095
4095
4095
4095
4095
4095
4095
4095
4095
4095
4095
4095
4095
4095
4095
4095
3712
3167
4095
4095
4095
4095
4095
4049
3098
2899
3253
4095
4095
4095
4095
3719
3053
2912
3093
3799
4095
4095
4095
4095
4095
3567
3394
4095
4095
4095
4095
4095
4095
4095
4095
4095
4095
4095
4095
4095
4095
4095
4095
3792
4095
4095
4095
4095
4095
4095
3318
3999
4095
4095
4095
4095
3671
3031
3583
4095
4095
4095
4095
4095
4030
3130
2909
3134
4095
4095
4095
4095
Packet received from server!
C> left track: stop, right track: stop
4095
3898
3200
3105
3383
4095
4095
4095
4095
4095
4095
4095
4095
4095
4095
4095
4095
4095
3473
3145
4095
4095
4095
4095
4095
4095
4095
4095
4095
4095
4095
4095
4095
4095
4095
4095
4095
4095
4095
3202
4095
4095
4095
4095
4095
4095
4095
4095
4095
4095
4095
4095
4095
4095
4095
4095
4095
4095
4095
3191
3175
4095
4095
4095
4095
4095
4095
4095
4095
4095
4095
4095
4095
4095
4095
4095
4095
4095
4095
4095
3195
3202
3199
4095
4095
4095
4095
4095
4095
4095
4095
4095
4095
4095
4095
4095
4095
4095
4095
4095
3190
4095
4095
4095
4095
4095
4095
4095
4095
4095
4095
4095
4095
4095
4095
4095
4095
4095
4095
4095
4095
3190
4095
4095
4095
4095
4095
4095
4095
4095
4095
4095
4095
4095
4095
4095
4095
4095
4095
4095
4095
3200
4095
4095
4095
4095
4095
4095
4095
4095
4095
4095
4095
4095
4095
4095
4095
4095
4095
4095
4095
4095
3207
Packet received from server!
C> left track: backward3141
, right track: backward
3154
3157
3149
3148
3110
3102
3101
3125
3200
3239
3519
4095
4095
4095
4095
4095
4095
4095
4095
4095
4095
4095
3706
3521
4095
4095
4095
4095
4095
4095
4095
4095
4095
4095
4095
4007
4095
4095
4095
3052
4095
4095
3783
4095
4095
4095
4095
4095
4095
4095
4095
4095
4095
4095
3229
3531
4095
4095
4095
4095
4095
4095
4095
4095
4095
3541
3687
4095
4095
4095
4095
4095
4095
4095
4095
4095
2938
3137
3711
4095
4095
4095
4095
4095
4095
4095
3406
2992
3281
4095
4095
4095
4095
4095
4095
4095
3159
3280
4037
4095
4095
4095
4095
4095
4095
3110
2931
2928
3125
4095
4095
4095
4095
4095
4095
3748
3200
2992
3017
4095
4095
4095
4095
4095
4095
4095
3440
4095
4095
4095
4095
4095
4095
4095
4095
3426
3551
4095
4095
4095
4095
4095
4095
4095
4095
4033
3292
4095
4095
4095
4095
4095
4095
4095
4095
4095
4095
4095
4095
4095
4095
4095
4095
4095
3439
4095
4095
4095
4095
4095
4095
4095
4095
4095
3341
4095
4095
4095
4095
4095
4095
4095
4095
4095
4095
4095
4095
4095
4095
4095
4095
3552
3477
4095
4095
4095
4095
4095
4095
4095
4095
3504
3187
3056
3243
4095
4095
4095
4095
4095
3989
4095
4095
4095
4095
4095
4095
4095
4095
3490
4095
4095
4095
3463
4095
4095
4095
4095
4095
3760
4095
4095
4095
4095
4095
4095
4095
4095
4095
4095
4095
4095
4095
4095
4095
4095
4095
3399
4095
4095
4095
4095
4095
4095
4095
4095
3609
3693
4095
4095
4095
4095
4095
4095
4095
4095
4095
4095
4095
4095
4095
4095
4095
4095
3442
4095
4095
4095
4095
4095
4095
4095
4095
4006
3189
3076
4095
4095
4095
4095
4095
4095
4095
3600
4095
4095
4095
4095
4095
4095
4095
3614
3079
3650
4095
3501
4095
4095
4095
4095
4095
3344
3009
2992
4095
4095
4095
4095
4095
3937
3216
3206
3911
4095
4095
4095
4095
4095
3026
2910
3044
3658
4095
4095
4095
4095
4095
3086
2966
3212
4095
4095
4095
4095
4095
4095
3067
3358
4095
4095
4095
4095
4095
3380
2969
2859
3124
4016
4095
4095
4095
4095
3566
3104
2898
3160
4095
4095
4095
4095
4095
3699
3230
3211
4095
4095
4095
4095
4095
3583
3133
2991
2975
3549
4095
4095
4095
4095
4095
4095
4095
4095
4095
4095
4095
4095
4095
4095
4095
4095
4095
4095
4095
4095
4095
4095
4095
2999
3187
3764
4095
4095
4095
4095
4095
4095
4095
4095
4095
4095
4095
4095
4095
4095
4095
4095
4095
4095
4095
4095
4095
4095
4095
4095
4095
4095
4095
4095
4095
4095
4095
4095
4095
4095
4095
4095
4095
4095
4095
3827
4095
4095
4095
4095
4095
4095
4095
3491
3241
4095
4095
4095
4095
4095
4095
4095
3500
3050
4095
3455
4095
4095
4095
4095
4095
3310
3170
3923
4095
4095
4095
4095
3707
3088
2922
3055
4095
4095
4095
4095
4095
3984
3219
2979
3453
4095
4095
4095
4095
4095
3801
3203
3234
3984
4095
4095
4095
4095
3757
3130
2859
2871
3282
4095
4095
4095
4095
4095
3545
3091
2971
4095
4095
4095
4095
4095
4095
3633
3167
3295
4095
4095
4095
4095
4095
3465
2913
2855
3056
3825
4095
4095
4095
4095
3536
2978
2901
3163
4095
4095
4095
4095
4095
4095
3154
3311
4095
4095
4095
4095
4095
4095
3203
2919
3018
3489
4095
4095
4095
4095
4095
3217
2997
3003
3406
4095
4095
4095
4095
4095
3697
3156
3437
4095
4095
4095
4095
4095
4095
4095
2926
3136
3731
4095
4095
4095
4095
3745
3184
2898
3125
4095
4095
4095
4095
4095
3436
3277
3763
4095
4095
4095
4095
3680
3131
4095
4095
4095
4095
4095
4095
4095
3811
4095
4095
4095
4095
4095
4095
4095
4095
3567
4095
3494
4095
4095
4095
4095
4095
3245
2899
2851
3234
4095
4095
4095
4095
4095
3378
2991
3057
3319
4095
4095
4095
4095
4095
3602
3439
4095
4095
4095
4095
4095
4095
3504
3024
2919
3255
4095
4095
4095
4095
4095
3632
3121
2964
4095
4095
4095
4095
4095
4095
3546
3163
3350
4095
4095
4095
4095
4095
4095
3008
2924
3019
3744
4095
4095
4095
4095
4095
3171
2977
3092
4095
4095
4095
4095
4095
3824
3213
3216
3903
4095
4095
4095
Packet received from server!
4095
C> left track: stop, right track: stop
3808
3040
2880
2889
3056
3472
4095
4095
4095
4095
4095
4095
4095
4095
4095
4095
4095
3961
3699
3725
3675
3648
3649
3654
3654
3648
3654
3649
3654
3663
3664
3650
3651
3652
3658
3660
3657
3657
3536
3574
3664
3650
3654
3650
3648
3654
3653
3651
3651
3653
3658
3643
3649
3655
3653
3654
3659
3659
3658
3545
3651
3657
3655
3662
3653
3664
3655
3653
3651
3664
3662
3655
3653
3657
3659
3653
3659
3654
3648
3549
3541
3541
3651
3659
3658
3658
3662
3655
3658
3654
3652
3653
3664
3651
3659
3649
3652
3658
3648
3660
3544
3654
3654
3659
3657
3660
3649
3652
3651
3648
3653
3651
3651
3653
3653
3654
3661
3659
3654
3661
3547
3655
3653
3649
3659
3650
3658
3651
3658
3655
3658
3655
3653
3660
3657
3650
3661
3654
3658
3653
3652
3549
3655
3660
3661
3661
3655
3658
3657
3649
3650
3653
3651
3652
3649
3650
3655
3651
3662
3651
3654
3538
3654
3651
3657
3653
3654
3650
3658
3647
3658
3649
3659
3652
3649
3651
3653
3653
3662
3662
3661
3654
3545
3659
3651
3657
3648
3649
3654
3655
3662
3655
3662
3662
3650
3649
3655
3655
3650
3655
3654
3654
3539
3543
3540
3662
3651
3654
3651
3661
3659
3654
3651
3660
3659
3650
3649
3655
3655
3652
3659
3653
3650
3537
3536
3658
3655
3652
3654
3653
3649
3657
3658
3650
3660
3655
3655
3653
3661
3649
3652
3651
3655
3537
3653
3657
3657
3655
3654
3654
3653
3649
3659
3655
3648
3654
3653
3655
3653
3655
3658
3658
3648
3650
3536
3654
3648
3658
3653
3650
3651
3652
3651
3650
3653
3654
3651
3654
3647
3658
3648
3649
3648
3651
3536
3536
3539
3541
3537
3537
3539
3540
3541
3538
3536
3541
3539
3537
3541
3655
3651
3647
3652
3657
3583
3541
3648
3655
3649
3648
3658
3649
3654
3649
3658
3654
3657
3648
3657
3648
3651
3651
3657
3654
3651
3536
3655
3654
3657
3650
3661
3651
3648
3649
3648
3654
3645
3652
3649
3651
3650
3654
3648
3648
3661
3537
3529
3653
3659
3651
3658
3659
3648
3648
3650
3655
3653
3648
3657
3651
3651
3648
3658
3649
3647
3651
3536
3645
3655
3650
3645
3649
3649
3642
3646
3651
3654
3657
3651
3648
3652
3658
3651
3650
3649
3653
3536
3520
3538
3652
3648
3650
3655
3651
3648
3649
3648
3651
3654
3649
3655
3654
3648
3648
3653
3650
3651
3537
3650
3655
3650
3653
3645
3649
3655
3651
3647
3655
3651
3652
3648
3651
3648
3653
3649
3649
3651
3536
3648
3648
3649
3648
3649
3650
3652
3652
3648
3646
3649
3653
3654
3651
3659
3647
3662
3648
3651
3650
3536
3659
3651
3655
3650
3652
3657
3648
3651
3648
3648
3650
3647
3653
3648
3649
3649
3654
3655
3655
3541
3648
3650
3651
3655
3652
3657
3655
3664
3664
3654
3654
3648
3654
3648
3653
3653
3654
3653
3650
3654
3543
3538
3653
3648
3650
3655
3651
3650
3648
3649
3650
3654
3649
3657
3648
3653
3643
3650
3655
3649
3536
3659
3652
3651
3655
3650
3653
3653
3651
3654
3659
3653
3649
3659
3651
3646
3656
3658
3653
3651
3661
3547
3649
3651
3651
3653
3651
3657
3655
3651
3657
3652
3650
3648
3654
3654
3654
3653
3650
3650
3651
3540
3651
3651
3653
3654
3657
3648
3659
3651
3652
3653
3653
3650
3659
3654
3649
3648
3657
3654
3651
3651
3539
3650
3651
3654
3658
3651
3647
3655
3653
3650
3655
3648
3649
3655
3647
3648
3654
3639
3655
3651
3536
3536
3541
3650
3643
3651
3654
3648
3655
3650
3648
3658
3658
3650
3649
3658
3654
3647
3658
3648
3614
3541
3539
3651
3648
3654
3651
3655
3655
3652
3651
3655
3648
3658
3648
3651
3650
3649
3653
3654
3647
3543
3649
3648
3651
3654
3653
3658
3648
3649
3655
3649
3645
3655
3655
3648
3646
3651
3649
3650
3651
3595
3543
3652
3657
3648
3648
3647
3651
3652
3650
3655
3652
3649
3648
3648
3647
3654
3643
3651
3648
3649
3536
3648
3648
3654
3651
3647
3649
3651
3648
3648
3648
3651
3653
3649
3654
3645
3648
3649
3651
3654
3536
3536
3534
3650
3650
3648
3651
3648
3648
3655
3647
3651
3655
3646
3652
3646
3649
3650
3650
3647
3645
3538
3647
3648
3650
3646
3651
3648
3650
3636
3652
3649
3648
3657
3647
3648
3644
3645
3653
3649
3649
3536
3536
3650
3648
3653
3648
3648
3649
3648
3650
3649
3649
3654
3652
3653
3649
3653
3649
3653
3648
3651
3536
3657
3650
3648
3651
3648
3648
3648
3648
3658
3652
3655
3648
3650
3648
3651
3649
3650
3654
3653
3540
3540
3648
3654
3649
3663
3647
3648
3650
3648
3650
3646
3648
3649
3643
3647
3649
3648
3648
3643
3648
3537
3536
3531
3648
3649
3650
3648
3648
3650
3655
3649
3656
3655
3651
3660
3655
3657
3652
3657
3648
3542
3543
3659
3658
3659
3653
3659
3657
3659
3653
3652
3661
3659
3658
3657
3663
3657
3658
3659
3661
3656
