4095
4095
4095
4095
4095
4095
4095
4095
4095
4095
4095
4095
4095
4095
4095
4095
4095
4095
4095
4095
4095
4095
4095
4095
4095
4095
4095
4095
4095
4095
4095
4095
4095
4095
4095
4095
4095
4095
4095
4095
4095
4095
4095
4095
4095
4095
4095
4095
4095
4095
4095
4095
4095
4095
4095
4095
4095
4095
4095
4095
4095
4095
4095
4095
4095
4095
4095
4095
4095
4095
4095
4095
4095
4095
4095
4095
4095
4095
4095
4095
4095
4095
4095
4095
4095
4095
4095
4095
4095
4095
4095
4095
4095
4095
4095
4095
4095
4095
4095
4095
4095
4095
4095
4095
4095
4095
4095
4095
4095
4095
4095
4095
4095
4095
4095
4095
4095
4095
4095
4095
4095
4095
4095
4095
4095
4095
4095
4095
4095
4095
4095
4095
4095
4095
4095
4095
4095
4095
4095
4095
4095
4095
4095
4095
4095
4095
4095
4095
4095
4095
4095
4095
4095
4095
4095
4095
4095
4095
4095
4095
4095
4095
4095
4095
4095
4095
4095
4095
4095
4095
4095
4095
4095
4095
4095
4095
4095
4095
4095
4095
4095
4095
4095
4095
4095
4095
4095
4095
4095
4095
4095
4095
4095
4095
4095
4095
4095
4095
4095
4095
4095
4095
4095
4095
4095
4095
4095
4095
4095
4095
4095
4095
4095
4095
4095
4095
4095
4095
4095
4095
4095
4095
4095
4095
4095
4095
4095
4095
4095
4095
4095
4095
4095
4095
4095
4095
4095
4095
4095
4095
4095
4095
4095
4095
4095
4095
4095
4095
4095
4095
4095
4095
4095
4095
4095
4095
4095
4095
4095
4095
4095
4095
4095
4095
4095
4095
4095
4095
4095
4095
4095
4095
4095
4095
4095
4095
4095
4095
4095
4095
4095
4095
4095
4095
4095
4095
4095
4059
Packet received from server!
C> left track: forward, right track: forward
4095
4095
4077
3965
3701
3475
3312
3206
3210
3309
3578
4095
4095
4095
4095
4095
4095
4095
3984
3207
4095
4095
4095
4095
4095
4095
4095
4095
4095
3501
3031
3118
4095
4095
4095
4095
4095
4095
4095
3168
3191
4095
4095
4095
4095
4095
3126
2991
3315
4095
4095
4095
4095
4095
2930
3177
4095
4095
4095
4095
3359
3152
4095
4095
4095
4095
3290
3055
3456
4095
4095
4095
3503
3005
3116
4045
4095
4095
4095
3272
3485
4095
4095
4095
3382
4095
4095
4095
4095
4095
3218
2914
4095
4095
4095
4095
3619
3163
4054
4095
4095
4095
3017
3071
4095
4095
4095
4095
4095
3008
3921
4095
4095
4095
4095
3957
4095
4095
4095
4095
4095
3581
4095
4095
4095
4095
4095
4095
4095
4095
4095
3212
4095
4095
4095
4095
3203
2994
4095
4095
4095
4027
2914
2963
4095
4095
4095
4095
3156
3607
4095
4095
4095
4095
3117
4095
4095
4095
4095
4095
3135
4095
4095
4095
4095
4095
4095
4095
4095
3600
4095
4095
4095
4095
4095
3056
3579
4095
4095
4095
4095
3150
4095
4095
4095
4095
2993
3194
4095
4095
4095
3483
2918
3345
4095
4095
4095
3467
3407
4095
4095
4095
4095
3111
3914
4095
4095
4095
4095
4095
4095
4095
4095
3862
4095
4095
4095
4095
3421
3205
4095
4095
4095
4095
2931
2989
4095
4095
4095
4034
3145
3923
4095
4095
4095
2980
3254
4095
4095
4095
4095
3116
3628
4095
4095
4095
4095
4043
4095
4095
4095
4095
4095
4095
4095
4095
3263
4095
4095
4095
4095
4095
3189
4076
4095
4095
4095
3007
3164
4095
4095
4095
3136
2933
3484
4095
4095
4095
3281
3667
4095
4095
4095
4095
3397
4095
4095
4095
4095
4095
3373
4095
4095
4095
4095
4095
4095
4095
4095
3469
4095
4095
4095
4095
3357
2989
3345
4095
4095
4095
3297
3619
4095
4095
4095
3136
3055
4030
4095
4095
4095
2934
3167
4095
4095
4095
3408
3206
4095
4095
4095
4095
4095
3804
4095
4095
4095
4095
4095
4095
4095
4095
4095
4095
4095
4095
4095
3307
4095
4057
4095
4095
3978
2957
3229
4095
4095
4095
3641
3166
4095
4095
4095
3487
2960
3472
4095
4095
4095
4095
2983
3869
4095
4095
4095
4095
3873
4095
4095
4095
4095
3455
4095
4095
4095
4095
4095
3436
4095
4095
4095
4071
4095
4095
4095
4095
3099
3935
4095
4095
4095
3471
2915
4095
4095
4095
4095
3408
3158
4095
4095
4095
3715
2982
3645
4095
4095
4095
3136
3051
4095
4095
4095
3952
3411
4095
4095
4095
3565
3027
3478
4095
4095
4095
3085
3046
3920
4095
4095
3823
3215
4095
4095
4095
3674
2975
3807
4095
4095
4095
3035
2999
4095
4095
4095
3923
3168
4095
4095
4095
4095
3230
3306
4095
4095
4095
4095
4095
3651
4095
4095
4095
3219
3709
4095
4095
4095
3069
3248
4095
4095
4095
3088
2913
3406
4095
4095
4095
3116
3419
4095
4095
4095
3023
3063
4095
4095
4095
3289
2893
3231
4095
4095
4095
3265
3349
4095
4095
4095
3310
2951
3887
4095
4095
3883
3255
3410
4095
4095
4095
3715
3622
4095
4095
4095
3325
3247
4000
4095
4095
3710
2879
3119
4095
4095
4095
3454
3210
4095
4095
4095
3265
2987
3685
4095
4095
3947
2933
3042
4095
4095
4095
3471
3090
4095
4095
4095
3381
2954
3398
4095
4095
4045
3002
2958
3834
4095
4095
3917
3166
4078
4095
4095
3696
3411
3577
4095
4095
4095
3041
3132
3952
4095
4095
4095
3125
4065
4095
4095
4095
2964
3161
4095
4095
4095
3101
2915
3474
4095
4095
4095
3141
3604
4095
4095
4095
3234
3244
4095
4095
4095
3457
3105
3257
4095
4095
4095
3415
3721
4095
4095
4095
3151
3373
4095
4095
4095
3123
2898
3703
4095
4095
4095
3070
3556
4095
4095
4095
2967
3137
4095
4095
4095
3389
2898
3408
4095
4095
4095
3422
3487
4095
4095
4095
3018
3063
4095
4095
4095
3219
2926
3344
4095
4095
4095
3183
3493
4095
4095
4095
2941
3085
4095
4095
4095
3246
2896
3619
4095
4095
4095
3216
3440
4095
4095
4095
3031
3095
4095
4095
4095
3520
2923
3296
4095
4095
4095
4095
3413
4095
4095
4095
4095
4095
4095
4095
4095
4095
4095
3598
4095
4095
4095
4095
4095
4095
4095
4095
2959
3223
4095
4095
4095
3097
2837
3458
4095
4095
4095
3199
3878
4095
4095
4095
3021
3129
4095
4095
4095
3279
2842
3228
4095
4095
4095
3142
3291
4095
4095
4095
3081
3036
4039
4095
4095
3381
2935
3136
4095
4095
4095
3635
3563
4095
4095
4095
3442
3427
4095
4095
4095
3529
3134
3447
4095
4095
4095
3274
3505
4095
4095
4095
3216
2973
3967
4095
4095
3632
2925
3067
4095
4095
4095
3427
3255
4095
4095
4095
3361
3034
4015
4095
4095
4095
4095
3287
4095
4095
4095
4095
4095
4095
4095
4095
3825
4095
4095
4095
4095
3449
4095
4095
4095
4095
4095
3350
3675
4095
4095
4095
3212
3012
4095
4095
4095
3666
2941
3137
4095
4095
4095
3773
3287
4095
4095
4095
4095
3219
3711
4095
4095
4095
4095
3057
4095
4095
4095
4095
3374
4095
4095
4095
4095
4095
4095
4095
4095
3635
4095
4095
4095
4095
4095
3705
4095
4095
4095
4095
3402
2928
4095
4095
4095
4000
2963
3239
4095
4095
4095
3600
3197
4095
4095
4095
3775
2991
3648
4095
4095
3986
2944
2943
4070
4095
4095
3647
3069
4095
4095
4095
3526
2982
3381
4095
4095
4095
3107
3031
3830
4095
4095
4095
3194
4095
4095
4095
4001
4095
3599
4095
4095
4095
3105
3146
3920
4095
4095
4095
3173
3923
4095
4095
4095
3004
3231
4095
4095
4095
3187
2903
3346
4095
4095
4095
3198
3440
4095
4095
4095
3089
3071
4031
4095
4095
4095
3209
3233
4095
4095
4095
4031
3728
4095
4095
4095
3654
3407
4095
4095
4095
3807
2992
4095
4095
4095
4095
3659
4095
4095
4095
4095
3062
3875
4095
4095
4095
3379
2913
4095
4095
4095
4095
3274
Packet received from server!
C> left track: stop, right track: stop3226

4095
4095
4095
3750
2928
3035
3789
4095
4095
4095
4095
4095
3136
2959
3171
3718
4095
4095
4095
4095
4095
4095
4095
4095
4095
4095
4095
4095
4095
4095
4095
4095
4095
4095
4095
4095
4095
4095
4095
3234
4095
4095
4095
4095
4095
4095
4095
4095
4095
4095
4095
4095
4095
4095
4095
4095
4095
4095
4095
3237
4095
4095
4095
4095
4095
4095
4095
4095
4095
4095
4095
4095
4095
4095
4095
4095
4095
4095
4095
4095
3235
4095
4095
4095
4095
4095
4095
4095
4095
4095
4095
4095
4095
4095
4095
4095
4095
4095
4095
4095
3227
3279
3221
4095
4095
4095
4095
4095
4095
4095
4095
4095
4095
4095
4095
4095
4095
4095
4095
4095
3344
3247
3203
3227
4095
4095
4095
4095
4095
4095
4095
4095
4095
4095
4095
4095
4095
4095
4095
4095
4095
3229
4095
4095
4095
4095
4095
4095
4095
4095
4095
4095
4095
4095
4095
4095
4095
4095
4095
4095
4095
3227
3217
4095
4095
4095
4095
4095
4095
4095
4095
4095
4095
4095
4095
4095
4095
4095
4095
4095
4095
4095
3242
4095
4095
4095
4095
4095
4095
4095
4095
4095
4095
4095
4095
4095
4095
4095
4095
4095
4095
4095
3227
3393
4095
4095
4095
4095
4095
4095
4095
4095
4095
4095
4095
4095
4095
4095
4095
4095
4095
4095
4095
3233
4095
4095
4095
4095
4095
4095
4095
4095
4095
4095
4095
4095
4095
4095
4095
4095
4095
4095
4095
3221
4095
4095
4095
4095
4095
4095
4095
4095
4095
4095
4095
3967
4095
4095
4095
4095
4095
4095
4095
4095
3242
4095
4095
4095
4095
4095
4095
4095
4095
4095
4095
4095
4095
4095
4095
4095
4095
4095
4095
4095
3242
4095
4095
4095
4095
4095
4095
4095
4095
4095
4095
4095
4095
4095
4095
4095
4095
4095
4095
4095
4095
3239
3229
4095
4095
4095
4095
4095
4095
4095
4095
4095
4095
4095
4095
4095
4095
4095
4095
4095
4095
3234
3248
3184
Packet received from server!
C> left track: backward, right track: backward
3210
3198
3199
3190
3217
3287
3422
3632
4095
4095
4095
4095
4095
4095
4095
4095
4095
4095
3204
4095
4023
3363
3327
3696
4095
4095
4095
4095
4095
4095
4095
4095
3271
3149
3899
4095
4095
4095
4095
4095
4095
4095
3714
4095
4095
4095
4095
4095
4095
3503
3126
3150
4078
4095
4095
4095
4095
4095
2959
3008
4078
4095
4095
4095
4095
3184
3238
4095
4095
4095
4095
3951
2982
2899
3210
4095
4095
4095
4095
3187
2958
3458
4095
4095
4095
4095
3409
3139
4095
4095
4095
4095
3455
2945
3313
4095
4095
4095
4095
3485
2995
4095
4095
4095
4095
4095
3423
3423
4095
4095
4095
4095
3335
4095
4095
4095
4095
4095
4095
4047
3055
4095
4095
4095
4095
4095
4095
3798
4095
4095
4095
3903
4095
4095
3735
4095
4095
4095
4095
4095
3418
4095
4095
4095
4095
3867
4045
4095
4095
4095
4095
4095
3373
3682
4095
4095
4095
4095
4095
3148
4095
4095
4095
4095
3982
3331
4095
4095
4095
4095
3521
2931
3466
4095
4095
4095
4031
2947
3231
4095
4095
4095
3763
3133
3662
4095
4095
4095
3655
2926
3008
4095
4095
4095
4095
3136
2962
3664
4095
4095
4095
3355
3106
4095
4095
4095
4095
3071
2896
3621
4095
4095
4095
3485
2981
3264
4095
4095
4095
3825
3136
4095
4095
4095
4095
3239
2896
4095
4095
4095
4095
3621
2992
3280
4095
4095
4095
3952
3138
4095
4095
4095
4095
3234
2907
4095
4095
4095
4095
3821
3046
2976
4095
4095
4095
4095
3215
3442
4095
4095
4095
3762
2990
2974
3486
4095
4095
4095
3301
2996
3568
4095
4095
4095
3542
3390
4095
4095
4095
4095
3152
3215
3779
4095
4095
4095
3648
3184
3440
4095
4095
4095
4095
3535
4095
4095
4095
4095
3355
3327
4095
4095
4095
4095
3754
3029
3471
4095
4095
4095
4095
3761
4095
4095
4095
4095
3609
3807
4047
4095
4095
4095
4095
3391
3729
3965
4095
4095
4095
3839
4071
4095
4095
4095
3743
3887
3479
4095
4095
4095
3823
3359
3391
4095
4095
4095
4095
3194
3443
4095
4095
4095
3447
2992
3023
3751
4095
4095
4095
3228
2992
3367
4095
4095
4095
3597
3200
3952
4095
4095
4095
4095
3939
3223
4095
4095
4095
4021
3286
3327
4095
4095
4095
4095
3471
3594
4095
4095
4095
3354
2931
2960
4095
4095
4095
4095
3383
2992
4095
4095
4095
4095
3564
3312
4095
4095
4095
3616
2992
2891
3569
4095
4095
4095
3394
2944
3600
4095
4095
4095
3421
3220
4095
4095
4095
4095
3153
2871
3733
4095
4095
4095
3233
2977
3970
4095
4095
4095
3237
3365
4095
4095
4095
3903
3171
3008
4095
4095
4095
4095
3283
3023
4095
4095
4095
4095
3385
3394
4095
4095
4095
4095
3510
2966
3787
4095
4095
4095
3117
2941
3643
4095
4095
4095
3295
3213
4095
4095
4095
4095
2994
2915
3515
4095
4095
4095
3222
2929
3312
4095
4095
4095
3295
3049
4095
4095
4095
4075
2947
2821
3279
4095
4095
4095
3376
2863
3187
4095
4095
4095
3521
3111
4095
4095
4095
4095
3199
2880
3275
4095
4095
4095
3326
2937
3471
4095
4095
4095
3469
3135
4095
4095
4095
4095
3008
2897
3433
4095
4095
4095
3250
2931
3583
4095
4095
4095
3399
3139
4095
4095
4095
4095
3053
2890
3414
4095
4095
4095
3648
2975
3377
4095
4095
4095
4095
3147
3731
4095
4095
4095
3419
2852
3203
4095
4095
4095
3888
3124
3280
4095
4095
4095
4095
3334
3722
4095
4095
4095
3555
2942
3201
3740
4095
4095
4095
3333
3327
4095
4095
4095
4095
3567
3853
4095
4095
4095
3798
3153
3229
3877
4095
4095
4095
3532
3411
3792
4095
4095
4095
3725
3857
4095
4095
4095
3622
3184
3263
4095
4095
4095
4077
3375
3071
4095
4095
4095
3886
3152
3625
4095
4095
4095
3130
2902
3195
4095
4095
4095
3329
2989
3247
4095
4095
4095
3425
3155
3991
4095
4095
4095
3002
2928
3323
4095
4095
4095
3307
2971
3261
4095
4095
4095
3394
3191
4095
4095
4095
3894
2995
3155
3925
4095
4095
4095
3328
3269
3967
4095
4095
4095
3414
3685
4095
4095
4095
3409
2909
3310
4095
4095
4095
3746
3202
3619
4095
4095
4095
3931
3328
4095
4095
4095
4095
3171
2820
3187
4095
4095
4095
3365
3148
3666
4095
4095
4095
3371
3389
4095
4095
4095
3707
2955
2941
4095
4095
4095
4095
4095
3136
4095
4095
4095
4095
3153
3647
4095
4095
4095
3359
2900
2995
4095
4095
4095
3885
2977
3223
4095
4095
4095
4095
3163
3658
4095
4095
4095
3397
2897
3244
4095
4095
4095
3673
2977
3438
4095
4095
4095
3751
3290
4095
4095
4095
4095
3142
2894
3511
4095
4095
4095
3389
3141
3573
4095
4095
4095
3390
3152
4095
4095
4095
4095
3025
3018
3767
4095
4095
4095
3251
3235
3831
4095
4095
4095
3301
3611
4095
4095
4095
3648
2935
3168
4095
4095
4095
3908
3034
3276
4095
4095
4095
3982
3110
3894
4095
4095
4095
3119
2882
3149
4095
4095
4095
3374
2938
3175
4095
4095
4095
3535
3583
3932
4095
4095
4095
3087
2883
3164
4095
4095
4095
3290
2877
3125
4095
4095
4095
3379
3042
3990
4095
4095
4095
2988
2823
3229
4095
4095
4095
3440
2936
3227
4095
4095
4095
3664
3127
4059
4095
4095
4095
3310
2894
3337
4095
4095
4095
3564
2864
3216
4095
4095
4095
3463
3054
4073
4095
4095
4095
3071
2833
3343
4095
4095
4095
3248
2870
3396
4095
4095
4095
3572
3237
4095
4095
4095
4095
3423
2989
4026
4095
4095
4095
3330
3011
4095
4095
4095
4095
3154
3440
4095
4095
4095
3282
2944
3008
4095
4095
4095
3776
3071
2945
4079
4095
4095
4095
3184
3298
4095
4095
Packet received from server!
C> left track: stop, right track: stop
4095
3504
2997
2891
3520
4095
4095
4095
4095
3367
3013
2960
3140
3774
4095
4095
4095
4095
4095
4095
4095
4095
4095
4095
4065
3583
3405
3202
3139
3137
3137
3133
3141
3136
3135
3136
3135
3136
3135
3071
3055
3054
3056
3138
3134
3139
3136
3133
3136
3140
3136
3135
3136
3136
3135
3136
3134
3136
3136
3133
3047
3137
3136
3136
3136
3135
3140
3133
3133
3136
3137
3134
3136
3135
3135
3107
3135
3135
3137
3135
3056
3053
3129
3133
3137
3136
3135
3133
3133
3136
3136
3139
3135
3136
3136
3138
3137
3135
3142
3136
3136
3055
3137
3134
3136
3135
3133
3136
3130
3133
3138
3136
3135
3138
3141
3139
3136
3152
3134
3134
3139
3055
3053
3136
3142
3139
3136
3133
3136
3138
3135
3137
3133
3135
3134
3146
3135
3135
3137
3136
3146
3139
3057
3135
3137
3138
3136
3136
3142
3134
3136
3134
3136
3136
3142
3135
3137
3137
3142
3135
3136
3129
3053
3056
3139
3134
3135
3127
3136
3135
3132
3127
3129
3136
3134
3130
3125
3153
3126
3132
3135
3133
3127
3055
3127
3133
3130
3134
3125
3133
3135
3127
3138
3130
3131
3126
3133
3124
3133
3136
3136
3130
3135
3053
3034
3134
3134
3130
3130
3132
3133
3134
3129
3130
3134
3134
3131
3132
3135
3127
3134
3133
3135
3134
3053
3047
3051
3130
3131
3131
3125
3126
3133
3129
3131
3135
3123
3131
3127
3131
3131
3131
3133
3130
3051
3037
3047
3130
3133
3125
3123
3129
3130
3135
3135
3131
3135
3131
3133
3131
3134
3131
3132
3131
3131
3049
3136
3133
3131
3131
3133
3127
3134
3134
3136
3134
3134
3130
3128
3130
3131
3130
3133
3131
3133
3053
3098
3134
3125
3130
3133
3133
3136
3130
3134
3125
3134
3133
3131
3126
3135
3136
3131
3125
3135
3135
3053
3133
3135
3136
3133
3131
3134
3135
3134
3130
3132
3135
3126
3131
3136
3129
3136
3135
3130
3124
3047
3110
3130
3129
3129
3130
3133
3133
3131
3131
3134
3135
3133
3126
3129
3130
3135
3136
3135
3133
3127
3053
3130
3135
3135
3135
3129
3136
3128
3131
3126
3135
3127
3133
3131
3127
3133
3130
3135
3136
3136
3051
3137
3129
3135
3133
3135
3136
3136
3133
3135
3134
3136
3139
3137
3135
3137
3138
3134
3135
3136
3133
3050
3136
3136
3140
3136
3131
3136
3131
3135
3131
3135
3136
3136
3139
3136
3135
3131
3137
3135
3136
3049
3136
3133
3136
3136
3133
3135
3136
3137
3134
3136
3140
3136
3133
3137
3136
3135
3135
3136
3134
3135
3057
3052
3049
3135
3142
3135
3133
3135
3127
3136
3134
3136
3137
3136
3139
3133
3136
3131
3139
3136
3049
3153
3136
3136
3136
3141
3138
3136
3133
3137
3135
3136
3136
3136
3136
3137
3136
3131
3135
3134
3136
3053
3134
3137
3133
3136
3135
3135
3137
3131
3136
3136
3136
3138
3135
3136
3137
3137
3133
3137
3136
3047
3134
3136
3136
3137
3137
3138
3136
3136
3135
3135
3134
3135
3139
3135
3136
3131
3135
3136
3131
3113
3056
3138
3139
3135
3133
3136
3138
3140
3135
3136
3129
3136
3136
3136
3135
3135
3135
3133
3136
3131
3054
3131
3136
3136
3135
3134
3136
3136
3136
3136
3139
3142
3137
3138
3137
3136
3136
3136
3135
3138
3088
3051
3136
3135
3135
3137
3135
3135
3133
3136
3136
3133
3136
3135
3136
3122
3135
3130
3130
3130
3131
3051
3134
3133
3126
3130
3129
3122
3136
3131
3125
3130
3132
3131
3131
3127
3133
3135
3130
3131
3131
3043
3051
3126
3133
3127
3130
3135
3131
3132
3130
3135
3131
3134
3136
3139
3130
3127
3131
3131
3127
3135
3047
3129
3131
3126
3136
3135
3132
3131
3129
3136
3128
3126
3127
3126
3124
3133
3129
3130
3134
3127
3051
3043
3039
3046
3125
3130
3131
3121
3129
3130
3132
3129
3131
3131
3135
3133
3133
3135
3133
3133
3136
3053
3133
3135
3130
3132
3135
3136
3120
3126
3132
3130
3134
3133
3148
3137
3125
3130
3135
3133
3134
3055
3052
3131
3131
3131
3129
3135
3130
3130
3133
3130
3133
3134
3127
3131
3127
3127
3131
3132
3135
3134
3051
3130
3129
3132
3131
3133
3134
3135
3131
3131
3129
3129
3134
3131
3130
3133
3131
3132
3134
3131
3050
3051
3050
3127
3131
3131
3133
3131
3125
3127
3127
3135
3131
3123
3135
3133
3131
3126
3131
3130
3129
3045
3132
3131
3129
3129
3129
3131
3135
3132
3134
3131
3133
3133
3128
3134
3130
3130
3131
3131
3131
3045
3046
3133
3127
3131
3127
3130
3134
3133
3136
3137
3137
3136
3136
3131
3137
3136
3134
3139
3140
3136
3063
3136
3137
3136
3136
3136
3133
3136
3136
3133
3136
3137
3136
3133
3136
3136
3136
3138
3131
3139
3050
3107
3136
3139
3135
3136
3136
3135
3136
3136
3153
3129
3135
3134
3136
3137
3139
3135
3137
3135
3136
3049
3137
3136
3137
3136
3136
3135
3133
3131
3136
3131
3136
3113
3136
3135
3134
3134
3135
3137
3131
3043
3054
3049
3136
3135
3132
3134
3132
3137
3135
3136
3136
3134
3136
3134
3132
3135
3137
3133
3136
3136
3039
3052
3050
3037
3134
3136
3127
3137
3141
3152
3127
3141
3136
3136
3136
3135
3135
3136
3136
3137
3055
3055
3053
3047
3138
3136
3136
3135
3132
3136
3135
3135
3127
3143
3136
3135
3134
3135
3136
3135
3133
3051
3056
3047
3137
3136
3131
3136
3137
3136
3138
3135
3136
3135
3133
3135
3135
3136
3136
3135
3139
3054
3131
3137
3136
3135
3136
3129
3135
3138
3135
3137
3130
3135
3133
3134
3136
3136
3133
3135
3134
3135
3047
3046
3039
3136
3135
3134
3136
3133
3136
3138
3136
3135
3134
3134
3136
3136
3129
3135
3136
3136
3046
3136
3127
3130
3130
3127
3124
3135
3132
3131
3136
3131
3126
3130
3133
3135
3136
3135
3132
3134
3129
3046
3053
3047
3130
3127
3130
3134
3126
3134
3129
3123
3131
3130
3134
3121
3126
3122
3133
3132
3127
3043
3135
3133
3132
3125
3130
3130
3133
3130
3132
3134
3127
3132
3127
3134
3131
3134
3135
3130
3132
3131
3045
3050
3046
3047
3134
3127
3135
3127
3127
3126
3127
3135
3123
3127
3129
3130
3130
3123
3131
3133
3045
3045
3071
3133
3133
3129
3130
3135
3127
3131
3127
3131
3133
3127
3120
3127
3127
3133
3132
3134
3083
3045
3120
3134
3127
3123
3128
3130
3130
3130
3135
3127
3129
3134
3127
3133
3133
3133
3127
3125
3125
3045
3126
3126
3135
3127
3125
3127
3130
3127
3126
3132
3127
3127
3127
3133
3134
3135
3127
3127
3126
3067
3043
3126
3127
3125
3129
3133
3129
3127
3126
3130
3136
3133
3123
3150
3133
3127
3127
3135
3133
3131
3045
3046
3043
3127
3134
3131
3133
3123
3136
3131
3127
3130
3129
3131
3134
3129
3133
3131
3126
3131
3056
3046
3121
3127
3132
3130
3129
3126
3127
3131
3126
3126
3128
3131
3133
3135
3147
3125
3131
3136
3133
3045
3131
3135
3140
3133
3135
3134
3135
3136
3133
3136
3135
3133
3131
3133
3136
3133
3134
3136
3136
3047
3052
3136
3135
3135
3136
3135
3136
3133
3135
3136
3129
3136
3136
3134
3137
3127
3135
3136
3134
3137
3050
3047
3054
3133
3135
3133
3138
3136
3136
3136
3135
3137
3120
3139
3136
3134
3135
3136
3134
3135
3053
3052
3055
3114
3135
3136
3136
3136
3136
3123
3136
3134
3137
3136
3135
3136
3137
3132
3135
3136
3131
3051
3147
3131
3134
3136
3133
3146
3120
3133
3136
3136
3136
3134
3133
3136
3135
3135
3133
3148
3134
3051
3043
3136
3131
3126
3135
3134
3141
3136
3136
3136
3136
3131
3131
3136
3137
3136
3136
3139
3136
3134
3051
3136
3136
3136
3137
3136
3136
3130
3136
3134
3135
3135
3137
3134
3133
3136
3134
3131
3138
3136
3052
3033
3136
3135
3133
3135
3135
3136
3136
3130
3136
3136
3133
3136
3136
3135
3137
3134
3136
3136
3135
3047
3135
3134
3136
3136
3131
3136
3131
3131
3136
3133
3134
3137
3136
3132
3136
3132
3131
3131
3136
3054
3102
3137
3136
3130
3136
3135
3142
3136
3135
3136
3136
3131
3136
3131
3129
3127
3126
3135
3131
3127
3053
3145
3129
3125
3125
3133
3131
3130
3127
3125
3129
3126
3127
3126
3129
3131
3133
3129
3125
3135
3045
3122
3123
3129
3131
3136
3127
3135
3130
3127
3134
3126
3133
3123
3133
3133
3135
3129
3131
3132
3134
3054
3049
3054
3127
3134
3131
3136
3136
3129
3136
3131
3126
3131
3125
3127
3134
3134
3133
3135
3133
3050
3046
3055
3121
3135
3133
3130
3134
3133
3130
3132
3126
3127
3133
3127
3129
3127
3126
3131
3124
3125
3049
3130
3131
3125
3120
3125
3121
3125
3127
3130
3122
3126
3129
3127
3129
3132
3126
3125
3127
3124
3049
3131
3128
3131
3126
3133
3135
3127
3125
3127
3123
3127
3131
3133
3123
3131
3124
3129
3127
3127
3126
3051
3126
3120
3130
3131
3129
3125
3124
3127
3129
3127
3133
3127
3125
3127
3127
3133
3127
3134
3124
3047
3127
3126
3134
3130
3127
3130
3127
3127
3126
3131
3131
3130
3126
3130
3134
3127
3127
3130
3129
3127
3031
3125
3126
3124
3131
3125
3125
3120
3126
3133
3129
3127
3133
3125
3129
3129
3132
3127
3131
3131
3023
3134
3127
3129
3127
3127
3125
3130
3125
3127
3127
3133
3136
3136
3135
3135
3133
3133
3134
3135
3110
3037
3024
3021
3015
3018
3132
3131
3127
3134
3130
3133
3128
3132
3131
3132
3134
3132
3134
3120
3127
3022
3014
3015
3125
3136
3136
3131
3135
3130
3133
3135
3135
3137
3136
3130
3136
3136
3131
3126
3135
3088
3045
3136
3133
3134
3134
3133
3136
3136
3136
3133
3135
3136
3134
3136
3138
3125
3134
3136
3136
3139
