=~=~=~=~=~=~=~=~=~=~=~= PuTTY log 2023.09.25 01:50:05 =~=~=~=~=~=~=~=~=~=~=~=
ets Jul 29 2019 12:21:46

rst:0x1 (POWERON_RESET),boot:0x13 (SPI_FAST_FLASH_BOOT)
configsip: 0, SPIWP:0xee
clk_drv:0x00,q_drv:0x00,d_drv:0x00,cs0_drv:0x00,hd_drv:0x00,wp_drv:0x00
mode:DIO, clock div:1
load:0x3fff0030,len:1344
load:0x40078000,len:13964
load:0x40080400,len:3600
entry 0x400805f0
[WIFI] Connecting...
Initialized.
E (1814) wifi:Association refused temporarily, comeback time 200 mSec
E (2020) wifi:Association refused temporarily, comeback time 200 mSec
E (2225) wifi:Association refused temporarily, comeback time 200 mSec
E (2430) wifi:Association refused temporarily, comeback time 200 mSec
E (2635) wifi:Association refused temporarily, comeback time 200 mSec
E (2840) wifi:Association refused temporarily, comeback time 200 mSec
E (3045) wifi:Association refused temporarily, comeback time 200 mSec
E (3250) wifi:Association refused temporarily, comeback time 200 mSec
E (3455) wifi:Association refused temporarily, comeback time 200 mSec
E (3660) wifi:Association refused temporarily, comeback time 200 mSec
E (3865) wifi:Association refused temporarily, comeback time 200 mSec
E (4070) wifi:Association refused temporarily, comeback time 200 mSec
E (4275) wifi:Association refused temporarily, comeback time 200 mSec
E (4480) wifi:Association refused temporarily, comeback time 200 mSec
E (4685) wifi:Association refused temporarily, comeback time 200 mSec
E (4890) wifi:Association refused temporarily, comeback time 200 mSec
E (5095) wifi:Association refused temporarily, comeback time 200 mSec
E (5300) wifi:Association refused temporarily, comeback time 200 mSec
E (5505) wifi:Association refused temporarily, comeback time 200 mSec
E (5710) wifi:Association refused temporarily, comeback time 200 mSec
E (5915) wifi:Association refused temporarily, comeback time 200 mSec
E (6120) wifi:Association refused temporarily, comeback time 200 mSec
E (6325) wifi:Association refused temporarily, comeback time 200 mSec
E (6530) wifi:Association refused temporarily, comeback time 200 mSec
E (6735) wifi:Association refused temporarily, comeback time 200 mSec
E (6941) wifi:Association refused temporarily, comeback time 200 mSec
[WIFI] Connected: 192.168.1.112
UDP connected
Packet received from server!
Packet received from server!
C> left track: forward, right track: forward
3469
3471
3472
3471
3470
3471
3470
3471
3468
3474
3473
3478
3473
3475
3568
3568
3472
3472
3568
3567
3568
3568
3569
3568
3569
3575
3575
3573
3572
3569
3569
3569
3571
3568
3565
3567
3568
3570
3570
3571
3572
3571
3474
3546
3572
3568
3569
3568
3568
3572
3568
3570
3574
3580
3574
3575
3571
3568
3568
3568
3569
3568
3568
3570
3573
3572
3579
3520
3473
3477
3449
3475
3474
3473
3472
3477
3473
3474
3475
3477
3474
3476
3473
3473
3472
3473
3472
3570
3568
3568
3568
3568
3569
3571
3473
3568
3571
3569
3574
3569
3568
3568
3568
3570
3568
3573
3572
3575
3575
3573
3572
3568
3569
3569
3570
3568
3569
3570
3571
3453
3482
3591
3479
3476
3475
3472
3474
3473
3472
3472
3472
3473
3472
3482
3473
3479
3575
3571
3570
3571
3570
3568
3568
3569
3570
3472
3479
3571
3582
3569
3572
3574
3572
3569
3568
3568
3568
3569
3568
3573
3572
3573
3573
3571
3573
3571
3571
3570
3569
3568
3569
3472
3472
3477
3578
3575
3569
3573
3568
3568
3569
3568
3568
3570
3570
3570
3571
3573
3594
3575
3568
3570
3573
3569
3568
3568
3523
3473
3570
3571
3571
3454
3472
3475
3473
3477
3472
3473
3472
3472
3469
3472
3472
3473
3475
3467
3477
3575
3575
3573
3571
3575
3568
3468
3473
3569
3570
3574
3573
3574
3571
3574
3571
3569
3570
3568
3569
3567
3568
3568
3568
3570
3572
3573
3578
3574
3571
3572
3568
3473
3472
3568
3569
3569
3571
3574
3571
3576
3574
3574
3574
3568
3570
3570
3567
3568
3568
3567
3571
3574
3571
3573
3571
3568
3568
3471
3567
3567
3568
3567
3567
3568
3582
3568
3571
3569
3571
3570
3571
3571
3568
3568
3568
3568
3568
3569
3569
3570
3568
3569
3471
3473
3471
3471
3572
3568
3567
3567
3568
3572
3572
3574
3571
3573
3568
3568
3568
3567
3568
3566
3568
3565
3568
3575
3573
3570
3472
3473
3475
3449
3573
3573
3574
3572
3571
3572
3569
3569
3572
3573
3569
3573
3573
3571
3572
3573
3572
3571
3571
3575
3574
3575
3475
3475
3574
3574
3574
3573
3573
3569
3573
3569
3573
3575
3571
3568
3575
3571
3571
3570
3570
3571
3573
3570
3571
3572
3572
3569
3473
3475
3574
3573
3573
3570
3578
3571
3573
3573
3574
3571
3576
3571
3574
3575
3573
3571
3570
3570
3569
3573
3574
3572
3571
3575
3475
3572
3573
3574
3574
3573
3574
3573
3573
3575
3574
3574
3569
3573
3575
3575
3572
3573
3573
3571
3571
3574
3575
3579
3575
3476
3476
3475
3473
3575
3571
3568
3568
3568
3567
3568
3567
3566
3568
3568
3571
3569
3568
3569
3568
3568
3568
3569
3570
3566
3471
3470
3473
3475
3474
3475
3473
3473
3472
3472
3472
3472
3469
3472
3470
3568
3568
3569
3571
3577
3570
3574
3572
3568
3568
3568
3569
3469
3477
3568
3569
3569
3570
3568
3568
3569
3565
3568
3567
3568
3568
3568
3568
3568
3568
3578
3573
3571
3572
3570
3568
3568
3568
3469
3475
3567
3568
3570
3569
3571
3569
3574
3568
3569
3569
3568
3568
3568
3568
3568
3568
3569
3573
3574
3573
3570
3574
3571
3570
3466
3568
3568
3568
3567
3568
3571
3569
3569
3571
3570
3568
3569
3570
3568
3568
3570
3568
3573
3568
3573
3575
3571
3574
3574
3472
3477
3472
3469
3569
3568
3568
3570
3570
3573
3581
3575
3573
3569
3569
3570
3568
3568
3568
3568
3568
3572
3571
3568
3572
3570
3475
3477
3571
3571
3568
3569
3568
3567
3571
3571
3571
3574
3579
3568
3568
3569
3570
3568
3568
3567
3570
3569
3568
3573
3570
3573
3479
3475
3473
3569
3568
3567
3568
3567
3569
3568
3572
3571
3583
3570
3571
3574
3569
3569
3568
3570
3568
3568
3570
3571
3575
3449
3477
3575
3571
3572
3573
3568
3568
3568
3568
3568
3568
3570
3568
3589
3573
3570
3570
3568
3572
3568
3568
3569
3569
3568
3569
3478
3476
3487
3475
3575
3570
3574
3568
3570
3567
3569
3567
3569
3573
3576
3570
3571
3575
3571
3569
3573
3570
3568
3569
3568
3569
3472
3486
3574
3569
3573
3570
3569
3569
3571
3568
3568
3572
3568
3569
3568
3568
3575
3573
3571
3450
3475
3475
3472
3472
3471
3472
3473
3472
3476
3475
3478
3475
3477
3473
3571
3571
3571
3570
3568
3569
3570
3571
3571
3576
3575
3573
3574
3570
3571
3571
3568
3568
3470
3478
3572
3568
3571
3568
3573
3571
3570
3572
3570
3573
3568
3568
3568
3569
3572
3569
3561
3575
3577
3573
3576
3571
3572
3568
3472
3465
3568
3568
3571
3572
3574
3579
3565
3574
3568
3567
3570
3566
3568
3568
3568
3568
3569
3570
3572
3570
3571
3568
3573
3570
3472
3568
3566
3566
3569
3569
3571
3570
3575
3569
3569
3568
3568
3568
3568
3567
3567
3568
3568
3571
3571
3571
3571
3575
3570
3473
3474
3466
3470
3471
3567
3565
3568
3571
3566
3573
3569
3571
3571
3568
3568
3568
3568
3568
3567
3571
3568
3570
3568
3575
3571
3519
3472
3568
3570
3568
3567
3566
3568
3568
3573
3569
3573
3571
3573
3570
3568
3568
3570
3568
3568
3568
3568
3568
3568
3571
3573
3474
3478
3570
3568
3568
3566
3567
3567
3568
3568
3568
3571
3569
3569
3569
3573
3570
3568
3568
3568
3568
3568
3568
3568
3571
3591
3474
3472
3574
3569
3568
3568
3569
3568
3568
3567
3568
3568
3570
3567
3573
3568
3570
3571
3568
3568
3568
3568
3568
3568
3568
3596
3472
3477
3472
3472
3572
3568
3568
3568
3565
3565
3568
3568
3569
3573
3566
3571
3569
3569
3570
3566
3569
3567
3568
3568
3567
3568
3473
3543
3570
3569
3569
3571
3568
3568
3568
3568
3567
3555
3568
3457
3474
3476
3472
3474
3475
3473
3473
3471
3472
3471
3465
3471
3451
3471
3570
3570
3575
3572
3569
3572
3568
3568
3568
3566
3568
3568
3568
3568
3571
3570
3571
3571
3572
3569
3569
3565
3568
3568
3467
3473
3568
3568
3573
3575
3569
3570
3568
3568
3567
3569
3567
3568
3568
3568
3570
3568
3568
3570
3568
3568
3571
3569
3568
3568
3470
3471
3567
3568
3571
3573
3574
3575
3575
3570
3575
3570
3568
3569
3574
3571
3571
3570
3573
3568
3573
3571
3571
3568
3571
3569
3472
3568
3568
3568
3571
3578
3575
3577
3568
3572
3573
3570
3568
3568
3568
3568
3568
3570
3566
3569
3575
3571
3569
3574
3571
3473
3473
3472
3472
3568
3569
3569
3569
3568
3575
3570
3573
3571
3569
3569
3568
3572
3568
3568
3568
3570
3571
3572
3597
3572
3573
3569
3472
3571
3568
3568
3568
3568
3568
3573
3573
3569
3575
3573
3573
3573
3571
3568
3568
3567
3568
3568
3570
3569
3575
3570
3572
3475
3481
3568
3569
3568
3567
3568
3571
3566
3571
3571
3573
3568
3572
3571
3571
3570
3568
3568
3568
3569
3568
3569
3571
3574
3573
3477
3476
3571
3574
3568
3570
3568
3569
3568
3568
3571
3571
3570
3574
3573
3573
3575
3568
3569
3570
3568
3568
3569
3569
3573
3574
3477
3478
3474
3472
3573
3568
3570
3570
3571
3569
3568
3570
3575
3597
3573
3574
3573
3570
3568
3570
3568
3569
3567
3569
3568
3571
3468
3533
3598
3569
3569
3571
3569
3455
3472
3471
3472
3473
3472
3475
3479
3481
3475
3476
3474
3473
3472
3471
3569
3568
3568
3569
3472
3475
3569
3583
3577
3571
3571
3568
3568
3568
3568
3568
3568
3568
3571
3570
3571
3571
3573
3572
3571
3569
3567
3568
3567
3568
3472
3550
3568
3559
3579
3573
3570
3577
3571
3571
3568
3567
3567
3569
3568
3568
3575
3572
3576
3573
3569
3574
3570
3570
3568
3514
3472
3568
3568
3570
3569
3573
3569
3569
3573
3569
3568
3567
3568
3567
3565
3568
3568
3573
3583
3570
3571
3570
3568
3569
3568
3471
3472
3472
3472
3568
3570
3568
3575
3568
3572
3569
3568
3569
3567
3568
3568
3566
3567
3569
3571
3573
3570
3571
3571
3569
3569
3469
3472
3568
3567
3566
3571
3568
3571
3570
3573
3567
3569
3570
3568
3567
3568
3568
3568
3569
3569
3569
3570
3591
3571
3569
3569
3468
3568
3568
3568
3568
3568
3568
3570
3569
3570
3569
3571
3568
3571
3568
3568
3568
3571
3568
3568
3570
3573
3573
3572
3569
3473
3479
3568
3567
3567
3567
3568
3568
3568
3568
3581
3595
3573
3574
3570
3570
3568
3563
3568
3568
3568
3570
3568
3575
3569
3571
3475
3473
3571
3570
3568
3568
3567
3567
3568
3568
3569
3563
3578
3573
3573
3568
3568
3569
3568
3565
3567
3567
3568
3568
3568
3574
3472
3472
3472
3477
3569
3568
3566
3565
3568
3568
3568
3568
3572
3579
3570
3569
3570
3568
3568
3567
3568
3568
3568
3568
3568
3573
3473
3463
3475
3473
3472
3471
3467
3470
3471
3466
3472
3471
3473
3473
3474
3477
3570
3568
3568
3570
3568
3568
3567
3568
3568
3542
3472
3573
3569
3570
3568
3571
3569
3568
3568
3568
3568
3568
3569
3574
3570
3568
3571
3568
3569
3571
3568
3567
3568
3568
3567
3471
3474
3573
3571
3573
3574
3575
3569
3568
3568
3568
3566
3568
3568
3568
3568
3574
3573
3568
3575
3573
3571
3575
3568
3568
3568
3470
3473
3568
3573
3566
3583
3574
3568
3571
3570
3568
3569
3568
3568
3570
3569
3568
3567
3574
3572
3573
3573
3573
3569
3568
3569
3471
3473
3472
3579
3575
3573
3573
3575
3576
3568
3568
3570
3568
3569
3569
3568
3569
3570
3568
3574
3578
3571
3575
3570
3568
3569
3473
3568
3568
3568
3571
3570
3574
3580
3574
3575
3573
3569
3568
3568
3568
3566
3569
3571
3573
3575
3574
3573
3569
3570
3569
3472
3475
3571
3568
3568
3571
3568
3573
3571
3574
3569
3571
3569
3572
3568
3568
3567
3568
3567
3569
3569
3573
3573
3574
3568
3568
3472
3548
3569
3568
3568
3568
3568
3569
3571
3563
3571
3575
3573
3571
3573
3568
3568
3568
3568
3568
3568
3570
3573
3569
3575
3571
3473
3473
3473
3453
3569
3568
3568
3567
3570
3571
3573
3572
3573
3573
3569
3573
3569
3571
3569
3568
3568
3570
3570
3569
3570
3571
3472
3573
3571
3569
3569
3569
3566
3568
3568
3569
3568
3575
3575
3574
3575
3574
3569
3571
3571
3568
3575
3460
3472
3472
3473
3472
3473
3479
3473
3472
3472
3472
3470
3474
3446
3472
3569
3573
3569
3570
3568
3575
3568
3572
3569
3568
3568
3570
3569
3568
3568
3569
3472
3472
3472
3473
3473
3473
3472
3472
3473
3472
3472
3472
3472
3472
3477
3478
3572
3570
3571
3569
3571
3569
3568
3568
3568
3568
3474
3476
3573
3575
3572
3573
3569
3569
3570
3568
3568
3568
3568
3568
3570
3568
3573
3597
3572
3575
3569
3570
3568
3567
3568
3568
3472
3568
3568
3574
3570
3570
3573
3568
3570
3569
3571
3559
3567
3569
3570
3569
3572
3569
3573
3570
3569
3567
3568
3569
3568
3470
3472
3478
3470
3568
3573
3568
3571
3569
3569
3568
3567
3567
3565
3568
3564
3568
3568
3569
3568
3573
3575
3568
3569
3568
3570
3469
3471
3568
3568
3568
3570
3574
3579
3569
3572
3569
3570
3569
3566
3567
3567
3567
3568
3570
3568
3569
3574
3568
3569
3572
3568
3472
3568
3568
3569
3568
3569
3570
3578
3569
3571
3574
3568
3568
3569
3568
3568
3568
3566
3567
3573
3575
3571
3573
3571
3568
3472
3472
3570
3568
3567
3566
3568
3568
3570
3569
3571
3571
3570
3570
3570
3568
3568
3568
3568
3566
3566
3568
3570
3571
3571
3570
3475
3474
3453
3472
3575
3568
3567
3568
3568
3568
3572
3578
3563
3568
3570
3571
3568
3568
3567
3566
3568
3568
3573
3568
3540
3568
3474
3474
3569
3570
3569
3568
3568
3568
3568
3572
3571
3572
3571
3571
3574
3573
3441
3474
3472
3470
3469
3470
3471
3470
3478
3475
3479
3478
3476
3477
3474
3574
3571
3571
3569
3574
3570
3571
3574
3573
3571
3574
3573
3575
3569
3573
3571
3572
3575
3573
3570
3573
3473
3482
3579
3570
3577
3573
3574
3571
3570
3575
3573
3573
3573
3573
3575
3573
3572
3573
3572
3572
3573
3570
3575
3570
3570
3571
3473
3535
3572
3568
3577
3575
3570
3577
3575
3579
3572
3579
3574
3573
3575
3574
3576
3571
3574
3574
3576
3578
3570
3573
3574
3575
3476
3579
3573
3574
3574
3573
3573
3575
3573
3577
3574
3578
3577
3574
3571
3573
3575
3575
3572
3573
3579
3577
3579
3575
3575
3479
3482
3478
3453
3574
3574
3575
3574
3571
3568
3570
3568
3568
3569
3568
3568
3571
3569
3575
3574
3577
3571
3571
3570
3567
3568
3472
3462
3569
3568
3568
3569
3570
3573
3570
3571
3568
3568
3569
3569
3568
3569
3569
3569
3568
3576
3574
3571
3573
3572
3568
3571
3472
3569
3568
3569
3569
3568
3569
3575
3578
3574
3573
3570
3570
3573
3568
3568
3569
3568
3570
3569
3568
3573
3571
3569
3568
3469
3473
3569
3568
3568
3568
3569
3575
3569
3575
3578
3573
3569
3570
3570
3568
3569
3568
3568
3568
3567
3572
3574
3574
3570
3572
3472
3474
3442
3472
3569
3568
3568
3572
3574
3574
3571
3575
3570
3571
3568
3569
3568
3569
3569
3567
3570
3572
3569
3570
3573
3571
3477
3476
3574
3568
3568
3568
3567
3567
3569
3583
3472
3476
3477
3473
3472
3474
3472
3472
3472
3473
3470
3472
3476
3454
3478
3575
3527
3476
3575
3568
3568
3572
3568
3568
3568
3568
3570
3568
3573
3571
3575
3567
3573
3569
3568
3568
3570
3568
3569
3568
3571
3575
3481
3477
3573
3568
3572
3568
3569
3569
3570
3568
3569
3572
3575
3573
3582
3571
3572
3569
3569
3568
3568
3569
3568
3569
3572
3568
3473
3541
3573
3570
3568
3569
3569
3568
3568
3568
3565
3567
3568
3569
3569
3592
3570
3569
3574
3567
3569
3568
3568
3568
3568
3568
3459
3570
3574
3571
3569
3572
3568
3568
3573
3567
3567
3566
3566
3568
3568
3567
3577
3573
3570
3568
3568
3567
3568
3568
3567
3471
3472
3445
3469
3572
3573
3573
3571
3568
3568
3567
3568
3568
3566
3568
3568
3569
3571
3569
3572
3569
3568
3569
3568
3566
3565
3469
3472
3568
3571
3573
3573
3571
3571
3570
3568
3568
3568
3567
3565
3567
3568
3569
3569
3575
3574
3572
3568
3569
3568
3568
3568
3468
3568
3568
3567
3566
3571
3567
3575
3569
3570
3568
3568
3568
3568
3567
3567
3568
3568
3570
3597
3568
3568
3572
3568
3568
3471
3472
3568
3568
3568
3568
3568
3572
3570
3572
3571
3570
3569
3568
3569
3565
3568
3567
3568
3568
3570
3570
3570
3571
3574
3569
3472
3472
3453
3470
3568
3568
3569
3569
3569
3575
3570
3571
3570
3572
3568
3568
3565
3568
3567
3567
3568
3568
3569
3568
3574
3569
3472
3473
3570
3567
3543
3456
3472
3470
3474
3474
3479
3476
3473
3476
3472
3473
3471
3472
3472
3471
3569
3568
3568
3571
3573
3575
3570
3472
3570
3568
3571
3568
3567
3567
3567
3568
3570
3571
3571
3569
3574
3569
3569
3568
3568
3568
3568
3567
3568
3569
3567
3569
3474
3476
3570
3568
3570
3568
3568
3570
3566
3568
3568
3568
3568
3573
3570
3569
3571
3569
3569
3570
3569
3569
3568
3571
3569
3571
3472
3536
3571
3574
3573
3569
3568
3571
3568
3568
3568
3569
3568
3574
3562
3573
3570
3574
3571
3568
3568
3568
3570
3568
3568
3573
3482
3479
3478
3575
3571
3571
3570
3569
3570
3568
3568
3568
3569
3571
3573
3575
3579
3578
3571
3570
3571
3568
3569
3568
3569
3479
3475
3568
3574
3574
3574
3574
3574
3571
3571
3569
3569
3568
3568
3568
3573
3569
3574
3574
3577
3569
3573
3569
3570
3568
3568
3472
3474
3568
3569
3571
3574
3575
3573
3569
3568
3571
3568
3570
3569
3569
3569
3571
3570
3569
3577
3573
3574
3570
3569
3569
3569
3471
3568
3568
3570
3583
3573
3567
3575
3570
3571
3570
3568
3568
3568
3568
3568
3570
3573
3569
3579
3575
3571
3573
3569
3571
3458
3472
3473
3472
3569
3569
3575
3574
3579
3576
3569
3572
3570
3570
3568
3568
3570
3569
3569
3567
3572
3569
3574
3574
3572
3572
3473
3472
3571
3571
3569
3568
3568
3571
3569
3573
3575
3573
3570
3574
3568
3571
3568
3568
3568
3571
3573
3575
3568
3571
3454
3472
3472
3473
3472
3473
3467
3472
3472
3472
3475
3483
3477
3477
3474
3474
3572
3569
3570
3570
3569
3571
3568
3571
3571
3571
3568
3574
3514
3482
3573
3570
3569
3568
3568
3570
3568
3569
3569
3571
3568
3573
3577
3571
3569
3568
3568
3568
3568
3569
3569
3571
3574
3575
3472
3478
3570
3568
3571
3569
3571
3568
3569
3568
3570
3575
3568
3573
3571
3568
3569
3569
3568
3568
3565
3568
3567
3567
3569
3571
3477
3473
3573
3571
3568
3568
3568
3568
3568
3568
3568
3568
3567
3573
3570
3569
3569
3568
3566
3568
3564
3568
3567
3567
3568
3569
3473
3439
3472
3473
3568
3572
3568
3568
3567
3566
3568
3568
3568
3568
3568
3572
3571
3570
3569
3571
3568
3568
3569
3568
3568
3567
3472
3543
3574
3571
3570
3569
3573
3568
3568
3568
3568
3568
3568
3568
3579
3569
3573
3571
3570
3570
3568
3570
3568
3568
3563
3567
3472
3566
3570
3579
3578
3570
3573
3568
3570
3570
3569
3568
3567
3568
3569
3568
3572
3583
3573
3572
3568
3569
3570
3570
3565
3469
3472
3569
3569
3571
3571
3578
3573
3571
3571
3568
3568
3565
3568
3568
3569
3568
3568
3570
3599
3575
3569
3570
3568
3568
3569
3472
3473
3447
3472
3570
3573
3570
3572
3571
3572
3568
3569
3570
3568
3568
3564
3567
3568
3571
3569
3571
3571
3570
3569
3573
3571
3472
3471
3568
3567
3568
3567
3568
3571
3568
3572
3570
3574
3570
3570
3568
3567
3568
3568
3567
3440
3472
3474
3475
3473
3474
3472
3470
3472
3465
3472
3470
3469
3471
3475
3472
3570
3571
3568
3570
3569
3570
3568
3568
3568
3567
3568
3567
3567
3568
3565
3570
3575
3572
3478
3571
3571
3568
3568
3567
3568
3567
3568
3568
3573
3573
3573
3568
3568
3568
3569
3568
3568
3563
3568
3571
3567
3570
3573
3472
3475
3571
3571
3568
3568
3567
3568
3568
3568
3578
3575
3569
3573
3574
3571
3572
3568
3568
3568
3568
3569
3569
3570
3568
3583
3477
3475
3573
3571
3571
3570
3569
3568
3568
3568
3570
3571
3572
3575
3574
3572
3569
3568
3570
3568
3571
3570
3570
3568
3568
3569
3476
3474
3475
3571
3570
3568
3569
3571
3570
3569
3568
3569
3569
3570
3570
3577
3570
3572
3568
3569
3568
3568
3568
3569
3570
3476
3484
3573
3571
3573
3568
3570
3571
3568
3568
3567
3567
3566
3570
3574
3570
3574
3572
3573
3575
3572
3568
3568
3569
3568
3571
3472
3475
3569
3575
3574
3571
3575
3570
3569
3568
3568
3568
3568
3568
3570
3566
3573
3573
3574
3573
3576
3571
3572
3569
3567
3568
3473
3571
3569
3571
3573
3575
3572
3575
3573
3571
3570
3567
3568
3570
3568
3569
3569
3573
3574
3572
3573
3575
3569
3571
3569
3476
3472
3475
3472
3478
3574
3575
3577
3573
3573
3573
3571
3573
3568
3568
3567
3568
3568
3570
3573
3578
3577
3568
3573
3573
3571
3574
3472
3568
3569
3568
3568
3569
3573
3577
3569
3569
3574
3571
3457
3449
3472
3472
3471
3472
3472
3483
3473
3474
3474
3476
3475
3474
3472
3477
3568
3567
3567
3569
3569
3571
3571
3574
3578
3569
3568
3569
3569
3569
3567
3568
3568
3568
3570
3571
3579
3573
3571
3571
3473
3570
3570
3568
3569
3568
3568
3568
3568
3575
3575
3571
3575
3574
3572
3568
3568
3570
3568
3568
3570
3570
3573
3574
3573
3472
3472
3568
3568
3565
3567
3567
3568
3568
3568
3568
3571
3572
3571
3570
3569
3568
3568
3568
3567
3567
3566
3568
3566
3573
3575
3475
3472
3472
3472
3472
3471
3472
3470
3473
3471
3473
3472
3474
3473
3472
3475
3472
3468
3469
3469
3468
3469
3470
3473
3472
3472
3479
3481
3477
3568
3568
3570
3567
3568
3568
3569
3570
3568
3567
3570
3571
3578
3573
3571
3572
3570
3567
3564
3567
3567
3567
3569
3481
3574
3573
3571
3570
3569
3569
3569
3569
3568
3568
3568
3568
3571
3568
3572
3575
3570
3569
3569
3570
3569
3568
3567
3568
3472
3478
3570
3571
3573
3568
3569
3566
3568
3568
3566
3569
3568
3567
3569
3571
3579
3568
3573
3569
3573
3570
3568
3568
3568
3569
3472
3573
3568
3573
3571
3570
3569
3571
3570
3568
3568
3567
3567
3567
3568
3570
3573
3569
3570
3573
3571
3568
3569
3569
3568
3468
3471
3472
3471
3446
3568
3573
3573
3574
3569
3571
3572
3568
3567
3566
3568
3568
3568
3573
3575
3583
3568
3571
3571
3568
3568
3568
3466
3568
3568
3568
3569
3570
3538
3439
3476
3472
3472
3471
3472
3472
3471
3470
3470
3472
3472
3474
3474
3472
3571
3570
3568
3571
3471
3471
3569
3567
3568
3567
3568
3590
3572
3573
3573
3569
3568
3568
3568
3568
3568
3568
3568
3566
3568
3575
3574
3571
3571
3571
3472
3568
3567
3568
3567
3568
3569
3568
3572
3574
3572
3575
3571
3571
3568
3568
3567
3567
3568
3568
3571
3561
3597
3575
3573
3473
3487
3571
3568
3568
3567
3568
3568
3573
3575
3579
3568
3577
3569
3571
3571
3568
3573
3568
3568
3568
3569
3568
3574
3571
3574
3472
3481
3478
3472
3573
3572
3568
3568
3569
3569
3574
3569
3572
3575
3578
3573
3575
3570
3569
3573
3568
3568
3569
3569
3577
3571
3478
3481
3575
3573
3573
3571
3574
3573
3568
3568
3570
3569
3574
3575
3568
3573
3571
3571
3578
3575
3567
3568
3568
3567
3568
3575
3473
3536
3575
3574
3577
3570
3573
3573
3575
3573
3570
3575
3571
3572
3573Packet received from server!

C> left track: stop3571
3577
3573
3578
3574
3575
3579
3578
3575
3572
3574
3481
3572
3575
3574
3572
3576
3577
3575
3579
3577
3575
3573
3579
3575
3578
, right track: stop3577
3575
3575
3573
3575
3576
3575
3575
3573
3576
3478
3484
3487
3478
3575
3576
3574
3573
3574
3575
3575
3575
3579
3572
3573
3575
3577
3577

3581
3577
3578
3571
3571
3575
3574
3575
3511
3488
3575
3578
3573
3575
3571
3574
3577
3579
3579
3575
3574
3575
3577
3575
3574
3574
3578
3575
3578
3573
3577
3575
3573
3578
3475
3483
3479
3481
3479
3478
3479
3482
3478
3477
3474
3472
3472
3472
3472
3476
3472
3569
3577
3573
3571
3571
3574
3573
3573
3570
3569
3474
3568
3568
3567
3571
3571
3578
3575
3571
3572
3573
3572
3568
3569
3569
3567
3568
3568
3570
3575
3570
3571
3573
3571
3569
3472
3477
3572
3569
3569
3568
3572
3570
3572
3569
3573
3573
3568
3577
3573
3568
3568
3567
3568
3569
3570
3572
3571
3573
3575
3569
3472
3566
3569
3568
3568
3565
3568
3568
3574
3573
3573
3571
3569
3570
3568
3568
3567
3568
3566
3567
3568
3571
3573
3574
3571
3502
3477
3474
3473
3471
3568
3568
3568
3568
3568
3570
3568
3573
3569
3573
3570
3569
3568
3567
3568
3568
3568
3568
3569
3571
3571
3573
3474
3477
3573
3569
3568
3568
3567
3567
3568
3568
3568
3569
3571
3575
3571
3573
3570
3571
3563
3568
3567
3568
3568
3570
3573
3570
3475
3525
3574
3570
3569
3567
3565
3568
3566
3567
3568
3568
3570
3569
3567
3571
3569
3568
3568
3568
3566
3568
3568
3568
3568
3562
3473
3569
3577
3568
3568
3564
3568
3567
3568
3565
3566
3568
3569
3569
3575
3571
3570
3570
3570
3571
3568
3564
3567
3568
3567
3472
3474
3483
3477
3573
3574
3571
3568
3568
3568
3568
3568
3568
3568
3568
3571
3573
3569
3570
3573
3571
3568
3570
3567
3566
3569
3468
3485
3571
3571
3568
3573
3570
3568
3568
3568
3571
3568
3567
3567
3568
3568
3568
3573
3575
3568
3572
3443
3472
3471
3470
3469
3470
3472
3472
3474
3474
3481
3475
3477
3458
3474
3472
3568
3569
3567
3568
3568
3568
3568
3571
3575
3591
3570
3573
3571
3568
3569
3568
3468
3568
3569
3568
3572
3573
3563
3571
3570
3568
3569
3570
3566
3566
3567
3568
3569
3568
3574
3568
3567
3572
3571
3570
3569
3469
3472
3567
3568
3568
3568
3571
3598
3570
3575
3575
3571
3569
3571
3571
3568
3567
3568
3570
3571
3574
3576
3571
3578
3570
3569
3472
3546
3568
3568
3570
3568
3571
3568
3573
3574
3577
3571
3573
3571
3573
3568
3568
3570
3568
3568
3574
3573
3575
3569
3577
3520
3478
3474
3472
3570
3568
3568
3568
3568
3569
3571
3571
3573
3571
3571
3571
3573
3568
3568
3570
3570
3568
3570
3569
3572
3566
3572
3476
3574
3572
3569
3569
3568
3572
3568
3569
3570
3573
3583
3573
3574
3578
3572
3571
3569
3568
3568
3569
3568
3569
3573
3571
3463
3475
3577
3571
3574
3569
3567
3570
3568
3570
3568
3570
3571
3565
3573
3574
3569
3570
3575
3569
3570
3568
3568
3568
3569
3571
3479
3477
3571
3575
3570
3569
3569
3568
3568
3571
3571
3570
3568
3568
3581
3573
3573
3570
3571
3570
3568
3569
3569
3568
3571
3570
3473
3472
3476
3578
3575
3570
3573
3572
3573
3569
3568
3571
3568
3575
3574
3578
3574
3574
3573
3571
3569
3568
3568
3569
3571
3518
3475
3571
3574
3571
3574
3572
3571
3571
3571
3570
3568
3569
3570
3571
3571
3470
3477
3476
3477
3474
3475
3472
3474
3471
3472
3475
3470
3473
3472
3475
3571
3574
3573
3574
3573
3569
3570
3573
3571
3568
3569
3570
3568
3575
3574
3574
3575
3574
3570
3568
3568
3475
3472
3569
3570
3571
3571
3574
3573
3575
3571
3572
3570
3573
3573
3568
3568
3569
3571
3573
3571
3575
3575
3569
3570
3570
3569
3472
3472
3568
3568
3569
3566
3581
3574
3569
3570
3569
3568
3568
3568
3568
3568
3568
3568
3569
3570
3570
3581
3573
3573
3570
3567
3470
3535
3566
3568
3568
3568
3568
3574
3568
3568
3571
3568
3568
3568
3568
3564
3567
3567
3568
3573
3570
3574
3580
3569
3573
3573
3472
3446
3472
3471
3567
3568
3567
3568
3563
3571
3574
3569
3571
3571
3568
3568
3568
3568
3567
3568
3568
3569
3575
3570
3573
3570
3474
3476
3569
3568
3571
3568
3563
3567
3568
3568
3573
3581
3570
3570
3572
3570
3569
3568
3567
3568
3569
3568
3571
3568
3575
3571
3473
3477
3571
3568
3568
3568
3568
3568
3568
3568
3571
3568
3572
3579
3570
3572
3567
3568
3568
3568
3565
3568
3568
3569
3570
3568
3472
3573
3572
3570
3568
3569
3567
3568
3568
3567
3567
3570
3570
3569
3571
3573
3569
3570
3568
3569
3568
3568
3568
3567
3570
3478
3475
3478
3472
3569
3569
3570
3568
3566
3569
3567
3568
3570
3571
3571
3574
3570
3568
3568
3570
3569
3568
3568
3568
3567
3568
3470
3473
3571
3571
3571
3573
3574
3570
3570
3570
3472
3472
3469
3472
3473
3477
3473
3475
3472
3472
3472
3472
3472
3467
3471
3568
3567
3472
3542
3570
3579
3571
3574
3570
3569
3568
3568
3568
3570
3565
3566
3567
3571
3583
3571
3573
3570
3571
3568
3566
3567
3568
3568
3470
3569
3568
3568
3569
3569
3571
3571
3568
3569
3569
3568
3568
3567
3568
3568
3570
3569
3568
3573
3568
3569
3568
3570
3571
3470
3472
3471
3568
3571
3573
3573
3575
3569
3573
3571
3568
3568
3568
3568
3568
3568
3568
3570
3578
3577
3575
3572
3571
3569
3568
3471
3545
3568
3569
3569
3568
3571
3571
3571
3571
3571
3570
3569
3568
3568
3569
3568
3567
3568
3569
3574
3573
3571
3573
3570
3570
3472
3472
3471
3568
3568
3568
3569
3571
3573
3571
3571
3573
3568
3568
3570
3568
3568
3569
3569
3568
3569
3570
3571
3571
3573
3472
3474
3568
3568
3568
3568
3568
3569
3568
3573
3573
3575
3569
3570
3572
3567
3568
3568
3569
3569
3570
3568
3568
3572
3573
3571
3473
3475
3570
3568
3573
3568
3568
3570
3569
3568
3568
3571
3578
3571
3577
3570
3569
3568
3568
3568
3568
3568
3571
3571
3571
3574
3477
3573
3572
3573
3569
3568
3567
3568
3568
3568
3571
3574
3575
3575
3571
3571
3568
3571
3569
3568
3571
3568
3570
3570
3575
3472
3477
3479
3476
3569
3568
3568
3568
3568
3568
3567
3570
3570
3570
3575
3574
3573
3570
3571
3571
3569
3568
3569
3570
3573
3569
3472
3475
3572
3574
3455
3473
3472
3472
3473
3470
3472
3471
3472
3475
3474
3472
3476
3475
3477
3574
3571
3568
3569
3571
3569
3568
3470
3476
3568
3574
3575
3574
3571
3573
3569
3568
3569
3567
3568
3570
3568
3569
3575
3570
3574
3573
3572
3570
3573
3568
3568
3568
3472
3472
3568
3572
3571
3573
3574
3570
3571
3571
3568
3571
3568
3567
3568
3569
3568
3568
3579
3572
3569
3571
3568
3571
3568
3566
3469
3567
3568
3568
3568
3571
3571
3571
3568
3568
3570
3568
3568
3565
3567
3568
3568
3568
3570
3568
3569
3569
3569
3570
3568
3469
3470
3453
3469
3571
3568
3568
3569
3581
3573
3569
3568
3568
3567
3568
3568
3566
3566
3568
3569
3571
3569
3571
3569
3570
3568
3557
3471
3568
3568
3566
3567
3566
3568
3570
3570
3571
3568
3570
3571
3570
3568
3568
3569
3568
3568
3569
3570
3573
3595
3571
3569
3472
3472
3568
3569
3564
3568
3568
3568
3568
3564
3568
3571
3573
3572
3571
3570
3568
3568
3567
3568
3568
3569
3572
3568
3571
3575
3474
3472
3568
3568
3568
3568
3565
3568
3569
3568
3569
3576
3571
3569
3570
3572
3570
3568
3569
3568
3567
3567
3568
3569
3573
3575
3472
3475
3474
3472
3574
3570
3570
3569
3568
3568
3568
3570
3568
3571
3573
3569
3570
3568
3567
3568
3567
3568
3568
3568
3579
3575
3475
3551
3571
3571
3568
3569
3569
3564
3567
3568
3569
3568
3568
3574
3570
3571
3565
3568
3566
3568
3568
3568
3568
3557
3435
3472
3442
3474
3475
3472
3472
3472
3472
3472
3473
3470
3471
3471
3472
3567
3570
3569
3597
3568
3575
3573
3570
3569
3568
3567
3568
3568
3568
3475
3573
3574
3575
3573
3571
3569
3572
3569
3567
3568
3567
3569
3568
3570
3571
3582
3573
3567
3569
3568
3564
3567
3568
3568
3472
3475
3568
3571
3594
3571
3571
3569
3568
3568
3568
3568
3568
3568
3568
3569
3575
3574
3579
3574
3569
3570
3574
3568
3569
3568
3471
3571
3579
3569
3573
3574
3574
3575
3572
3569
3568
3570
3567
3568
3569
3569
3569
3570
3570
3579
3573
3569
3570
3568
3568
3472
3472
3469
3472
3570
3568
3572
3573
3577
3578
3570
3570
3571
3568
3569
3568
3570
3573
3568
3570
3572
3578
3571
3571
3573
3570
3569
3472
3568
3569
3568
3568
3571
3573
3571
3571
3574
3571
3571
3570
3568
3570
3568
3568
3569
3568
3568
3572
3580
3575
3574
3570
3472
3472
3568
3569
3568
3568
3569
3572
3572
3573
3579
3575
3572
3571
3569
3568
3568
3568
3570
3568
3569
3570
3575
3571
3573
3575
3472
3474
3575
3569
3568
3568
3568
3568
3569
3569
3574
3568
3573
3574
3572
3569
3570
3568
3568
3568
3568
3568
3572
3580
3575
3579
3472
3473
3473
3473
3568
3568
3568
3568
3568
3570
3571
3576
3580
3578
3573
3573
3571
3570
3568
3568
3568
3569
3571
3571
3572
3559
3476
3542
3574
3574
3571
3570
3567
3570
3568
3569
3571
3573
3571
3577
3573
3573
3571
3570
3453
3472
3472
3472
3472
3473
3473
3478
3470
3475
3475
3477
3474
3472
3475
3568
3567
3569
3568
3567
3568
3569
3571
3575
3573
3575
3568
3568
3570
3568
3568
3568
3569
3569
3478
3547
3574
3573
3575
3574
3575
3572
3573
3574
3574
3575
3576
3574
3581
3574
3571
3575
3573
3571
3573
3575
3576
3574
3575
3574
3482
3578
3575
3578
3577
3573
3573
3573
3572
3571
3569
3574
3573
3570
3574
3570
3574
3571
3573
3573
3573
3572
3572
3573
3573
3472
3475
3572
3571
3571
3572
3571
3571
3572
3575
3570
3572
3573
3569
3572
3572
3571
3575
3575
3571
3571
3570
3571
3573
3573
3574
3472
3472
3479
3473
3571
3573
3573
3571
3575
3573
3571
3571
3571
3571
3571
3571
3572
3572
3570
3574
3570
3570
3572
3577
3572
3577
3475
3483
3574
3574
3573
3574
3573
3571
3571
3574
3574
3571
3570
3568
3568
3568
3568
3566
3568
3574
3593
3574
3573
3571
3568
3571
3469
3550
3566
3566
3568
3569
3565
3574
3571
3574
3572
3569
3568
3570
3567
3568
3567
3568
3569
3568
3569
3573
3568
3569
3573
3504
3470
3568
3568
3569
3567
3563
3569
3568
3569
3571
3571
3572
3574
3569
3568
3567
3568
3568
3568
3569
3568
3568
3570
3574
3570
3476
3475
3472
3472
3569
3568
3567
3567
3568
3568
3568
3567
3582
3569
3569
3570
3570
3567
3568
3568
3568
3568
3568
3571
3569
3569
3440
3477
3572
3569
3568
3568
3568
3568
3568
3568
3568
3572
3551
3449
3474
3473
3472
3472
3472
3472
3470
3471
3469
3472
3472
3472
3470
3473
3475
3573
3568
3568
3567
3569
3568
3568
3567
3568
3567
3570
3568
3567
3571
3571
3569
3568
3569
3568
3568
3568
3567
3569
3571
3458
3533
3569
3570
3571
3570
3570
3568
3568
3567
3565
3568
3568
3570
3568
3571
3575
3569
3570
3569
3568
3568
3568
3566
3568
3570
3481
3575
3571
3570
3575
3570
3568
3571
3572
3568
3568
3568
3568
3571
3575
3571
3570
3574
3575
3574
3568
3569
3568
3568
3568
3472
3467
3569
3567
3574
3593
3574
3574
3570
3568
3568
3570
3568
3568
3568
3572
3573
3573
3571
3570
3571
3569
3569
3568
3569
3568
3472
3472
3472
3475
3573
3571
3583
3573
3569
3573
3572
3568
3568
3568
3568
3570
3568
3573
3570
3575
3573
3573
3571
3570
3569
3569
3467
3472
3568
3568
3569
3571
3573
3573
3575
3569
3571
3570
3569
3567
3568
3568
3573
3568
3571
3571
3577
3579
3575
3571
3571
3568
3472
3543
3568
3568
3571
3568
3575
3574
3567
3579
3573
3573
3573
3570
3568
3567
3569
3568
3571
3568
3574
3571
3574
3573
3571
3573
3475
3570
3568
3570
3571
3569
3571
3568
3574
3570
3573
3569
3575
3571
3575
3568
3568
3569
3568
3570
3570
3571
3574
3571
3571
3473
3473
3475
3476
3571
3568
3568
3569
3570
3574
3573
3568
3573
3568
3572
3570
3570
3569
3568
3568
3568
3568
3569
3575
3573
3572
3447
3478
3569
3568
3568
3568
3570
3445
3471
3474
3477
3474
3475
3473
3475
3475
3473
3472
3472
3472
3471
3472
3568
3571
3573
3570
3575
3474
3569
3573
3572
3567
3568
3568
3568
3569
3570
3574
3571
3570
3575
3571
3573
3570
3571
3568
3568
3569
3568
3569
3568
3571
3475
3478
3574
3574
3572
3570
3571
3568
3569
3568
3568
3568
3568
3573
3577
3573
3573
3579
3571
3571
3569
3568
3568
3566
3568
3568
3472
3474
3576
3572
3573
3572
3570
3569
3568
3567
3569
3567
3568
3569
3569
3573
3575
3574
3568
3568
3567
3565
3568
3565
3568
3568
3472
3474
3475
3569
3571
3568
3570
3568
3568
3568
3568
3567
3568
3567
3568
3569
3574
3575
3571
3570
3569
3569
3568
3568
3566
3568
3472
3472
3473
3558
3574
3568
3572
3575
3563
3567
3568
3567
3568
3568
3567
3568
3570
3567
3582
3569
3573
3570
3568
3568
3567
3468
3471
3568
3568
3563
3575
3568
3573
3574
3569
3569
3568
3569
3568
3569
3566
3568
3569
3570
3571
3573
3575
3570
3568
3568
3568
3472
3520
3566
3567
3569
3570
3573
3573
3568
3569
3571
3568
3568
3568
3568
3568
3567
3568
3569
3571
3569
3568
3574
3572
3573
3568
3471
3472
3472
3450
3564
3568
3571
3575
3570
3572
3570
3569
3568
3568
3568
3570
3568
3567
3566
3568
3568
3566
3568
3574
3572
3568
3475
3569
3568
3568
3568
3567
3568
3568
3569
3558
3571
3570
3571
3573
3568
3568
3567
3568
3568
3568
3568
3566
3573
3579
3573
3469
3473
3472
3472
3466
3468
3466
3470
3472
3472
3475
3472
3474
3473
3479
3472
3569
3568
3568
3565
3568
3567
3568
3567
3569
3573
3574
3473
3569
3571
3569
3567
3567
3565
3568
3568
3568
3569
3573
3573
3571
3571
3570
3568
3568
3567
3567
3568
3568
3569
3569
3572
3470
3475
3573
3571
3568
3569
3568
3567
3568
3568
3568
3568
3573
3577
3571
3575
3573
3568
3574
3569
3567
3568
3568
3568
3568
3573
3477
3479
3569
3575
3573
3573
3573
3570
3571
3571
3568
3569
3571
3574
3578
3590
3575
3574
3573
3571
3568
3574
3569
3568
3567
3570
3473
3477
3479
3575
3571
3570
3570
3569
3569
3568
3569
3570
3569
3570
3571
3573
3574
3579
3574
3571
3569
3573
3569
3568
3569
3568
3473
3568
3573
3575
3574
3575
3569
3570
3569
3570
3568
3568
3568
3570
3570
3567
3590
3573
3574
3573
3571
3568
3568
3568
3568
3472
3472
3473
3471
3574
3574
3575
3575
3571
3571
3571
3569
3569
3569
3575
3568
3569
3569
3571
3570
3574
3572
3571
3570
3571
3571
3474
3472
3569
3570
3573
3568
3582
3573
3574
3573
3575
3572
3569
3568
3568
3568
3567
3568
3568
3572
3574
3572
3573
3573
3569
3569
3472
3472
3459
3474
3570
3571
3571
3573
3573
3571
3577
3573
3568
3568
3570
3568
3568
3569
3569
3570
3573
3572
3574
3574
3571
3569
3472
3472
3568
3569
3568
3567
3569
3571
3559
3575
3575
3573
3572
3575
3570
3568
3572
3568
3569
3569
3568
3440
3474
3478
3475
3477
3472
3475
3472
3473
3470
3472
3472
3473
3477
3472
3481
3578
3573
3575
3573
3568
3568
3569
3565
3567
3568
3569
3568
3571
3579
3566
3573
3475
3477
3571
3573
3568
3568
3568
3568
3569
3569
3571
3571
3571
3574
3578
3569
3569
3569
3569
3568
3567
3568
3568
3568
3575
3474
3471
3477
3477
3473
3473
3568
3565
3567
3567
3568
3568
3570
3568
3571
3571
3570
3569
3568
3567
3568
3567
3568
3568
3568
3573
3473
3479
3574
3570
3574
3568
3568
3568
3568
3566
3568
3568
3568
3571
3574
3571
3573
3571
3570
3569
3568
3570
3568
3569
3567
3569
3473
3479
3482
3457
3571
3572
3568
3568
3568
3568
3567
3568
3568
3568
3566
3573
3574
3568
3570
3568
3570
3568
3570
3565
3568
3568
3473
3476
3569
3569
3574
3580
3570
3569
3568
3568
3568
3568
3568
3567
3568
3568
3570
3575
3571
3571
3571
3569
3569
3568
3568
3568
3468
3568
3569
3557
3569
3583
3571
3570
3566
3568
3568
3565
3567
3568
3568
3568
3572
3568
3568
3566
3570
3568
3569
3568
3568
3475
3470
3568
3568
3568
3576
3574
3555
3573
3571
3568
3568
3568
3567
3568
3567
3567
3568
3565
3571
3568
3570
3569
3568
3573
3568
3470
3471
3462
3469
3567
3568
3569
3573
3569
3569
3571
3568
3568
3568
3567
3565
3567
3568
3567
3571
3568
3573
3568
3572
3572
3569
3470
3468
3567
3571
3566
3567
3567
3567
3561
3574
3569
3569
3571
3573
3566
3446
3471
3467
3468
3472
3472
3473
3473
3474
3472
3472
3474
3472
3472
3471
3572
3567
3567
3569
3569
3571
3569
3571
3569
3568
3570
3568
3568
3567
3568
3568
3568
3568
3566
3568
3575
3571
3569
3474
3570
3568
3569
3568
3569
3568
3568
3569
3571
3578
3570
3572
3570
3568
3568
3568
3567
3568
3568
3567
3568
3568
3570
3568
3450
3481
3477
3472
3472
3571
3568
3568
3568
3567
3568
3570
3573
3573
3573
3575
3572
3570
3570
3570
3567
3571
3568
3569
3568
3569
3548
3477
3574
3575
3568
3570
3569
3569
3568
3568
3568
3568
3570
3575
3571
3574
3574
3573
3571
3570
3568
3570
3568
3568
3568
3568
3477
3490
3477
3451
3574
3573
3573
3570
3571
3568
3568
3568
3568
3568
3570
3573
3571
3574
3575
3574
3568
3571
3571
3568
3565
3573
3471
3477
3574
3568
3574
3574
3569
3571
3568
3569
3568
3568
3569
3568
3568
3570
3574
3574
3574
3571
3572
3568
3568
3568
3568
3569
3474
3572
3568
3574
3574
3574
3572
3577
3568
3568
3568
3568
3568
3568
3568
3569
3595
3593
3581
3575
3568
3575
3568
3568
3570
3445
3472
3568
3570
3572
3573
3565
3575
3573
3569
3570
3568
3569
3568
3568
3568
3569
3569
3583
3575
3574
3573
3574
3570
3568
3569
3469
3472
3451
3470
3569
3573
3570
3571
3571
3571
3571
3571
3569
3572
3568
3567
3568
3569
3570
3574
3574
3572
3573
3571
3569
3569
3472
3472
3569
3568
3568
3571
3568
3571
3571
3449
3473
3474
3476
3472
3472
3472
3472
3472
3472
3471
3476
3473
3455
3478
3573
3571
3569
3476
3569
3568
3570
3572
3568
3573
3571
3573
3575
3575
3571
3574
3573
3570
3569
3567
3568
3568
3570
3568
3563
3570
3574
3571
3472
3473
3476
3471
3570
3572
3569
3569
3568
3566
3573
3575
3575
3571
3573
3571
3568
3570
3570
3567
3568
3570
3571
3569
3567
3573
3475
3475
3572
3568
3568
3569
3568
3568
3569
3567
3565
3570
3567
3570
3571
3568
3568
3570
3568
3568
3565
3568
3569
3568
3570
3573
3477
3456
3472
3577
3571
3570
3567
3568
3566
3565
3568
3569
3575
3574
3573
3569
3569
3568
3571
3568
3569
3568
3568
3569
3569
3569
3486
3473
3473
3569
3570
3568
3568
3568
3567
3567
3568
3569
3569
3568
3574
3574
3568
3568
3570
3568
3563
3568
3567
3568
3565
3568
3477
3575
3570
3569
3574
3573
3568
3568
3568
3568
3566
3567
3568
3562
3569
3571
3573
3571
3570
3568
3567
3570
3568
3567
3567
3466
3472
3568
3571
3571
3572
3569
3570
3573
3571
3573
3573
3574
3572
3571
3576
3571
3570
3569
3571
3569
3572
3574
3574
3573
3573
3472
3478
3449
3474
3573
3573
3578
3573
3570
3573
3573
3570
3572
3572
3575
3570
3571
3573
3571
3571
3574
3570
3571
3571
3577
3571
3473
3475
3575
3574
3573
3578
3569
3569
3575
3571
3572
3574
3572
3573
3572
3573
3571
3579
3573
3571
3572
3574
3571
3575
3573
3573
3472
3522
3571
3449
3472
3474
3472
3472
3477
3473
3479
3476
3473
3478
3474
3472
3474
3477
3575
3578
3577
3571
3574
3571
3575
3574
3515
3474
3575
3575
3574
3574
3573
3577
3571
3572
3574
3570
3570
3569
3570
3568
3566
3567
3565
3568
3568
3568
3562
3571
3570
3570
3472
3471
3472
3468
3442
3566
3568
3565
3568
3570
3571
3571
3568
3568
3568
3568
3568
3568
3568
3568
3567
3569
3573
3573
3574
3571
3455
3474
3571
3569
3569
3570
3569
3568
3568
3571
3574
3574
3574
3569
3571
3568
3571
3568
3568
3567
3568
3568
3568
3568
3573
3573
3477
3481
3478
3569
3568
3573
3568
3568
3568
3568
3572
3571
3571
3566
3573
3573
3571
3571
3570
3568
3568
3568
3570
3571
3571
3571
3477
3547
3571
3570
3573
3569
3568
3566
3568
3568
3572
3568
3568
3575
3575
3575
3575
3570
3568
3568
3567
3568
3569
3568
3570
3570
3475
3573
3575
3573
3574
3571
3568
3569
3568
3569
3570
3568
3569
3583
3578
3574
3571
3572
3571
3570
3570
3569
3568
3568
3569
3472
3479
3569
3573
3571
3568
3571
3568
3569
3570
3568
3570
3569
3570
3568
3569
3570
3575
3577
3569
3570
3573
3568
3569
3568
3568
3472
3472
3456
3471
3574
3574
3572
3575
3570
3572
3568
3568
3568
3568
3568
3568
3573
3569
3569
3597
3571
3577
3568
3571
3569
3568
3472
3472
3568
3571
3575
3574
3571
3571
3570
3574
3570
3571
3568
3568
3567
3568
3569
3571
3573
3571
3575
3570
3578
3450
3472
3472
3472
3472
3472
3471
3484
3474
3478
3474
3477
3478
3477
3472
3570
3571
3569
3568
3568
3569
3569
3569
3572
3574
3571
3568
3569
3568
3471
3472
3568
3568
3568
3568
3571
3577
3571
3573
3573
3575
3570
3569
3568
3569
3568
3570
3569
3570
3573
3579
3577
3573
3573
3571
3473
3570
3569
3571
3568
3567
3569
3573
3569
3569
3580
3571
3571
3568
3568
3568
3568
3567
3568
3568
3569
3573
3568
3575
3568
3454
3472
3573
3568
3568
3566
3567
3568
3568
3574
3573
3583
3571
3569
3570
3570
3570
3567
3568
3566
3568
3567
3572
3572
3573
3569
3473
3476
3473
3472
3568
3568
3566
3568
3568
3568
3568
3570
3569
3569
3574
3569
3568
3568
3568
3567
3568
3568
3568
3567
3568
3575
3471
3472
3571
3571
3568
3569
3568
3566
3567
3568
3568
3568
3568
3575
3574
3570
3569
3569
3568
3567
3568
3568
3568
3568
3568
3568
3472
3571
3570
3570
3569
3568
3569
3569
3566
3566
3567
3568
3571
3574
3571
3573
3565
3568
3571
3571
3568
3567
3566
3567
3568
3472
3476
3569
3569
3569
3569
3570
3568
3568
3565
3565
3567
3567
3567
3571
3569
3570
3572
3567
3570
3568
3568
3568
3569
3568
3567
3472
3474
3439
3473
3573
3574
3571
3569
3568
3568
3568
3566
3568
3568
3569
3568
3567
3568
3577
3572
3569
3568
3567
3568
3568
3567
3472
3472
3568
3562
3569
3590
3570
3571
3569
3568
3570
3570
3566
3567
3568
3568
3570
3463
3473
3470
3473
3474
3471
3472
3470
3472
3471
3471
3470
3472
3474
3471
3477
3570
3572
3569
3568
3568
3568
3568
3568
3566
3567
3568
3569
3569
3568
3567
3575
3570
3568
3568
3548
3471
3568
3568
3568
3569
3568
3569
3582
3571
3570
3570
3571
3572
3568
3567
3567
3563
3569
3568
3568
3578
3574
3570
3569
3569
3470
3475
3566
3569
3568
3565
3569
3573
3577
3574
3570
3574
3569
3568
3571
3569
3568
3570
3568
3568
3590
3573
3573
3573
3571
3576
3475
3473
3571
3570
3568
3569
3568
3568
3573
3573
3575
3575
3576
3570
3570
3570
3570
3569
3566
3568
3568
3568
3572
3577
3574
3570
3474
3473
3473
3570
3571
3568
3568
3570
3570
3570
3578
3578
3573
3574
3569
3570
3569
3568
3568
3568
3568
3568
3569
3568
3573
3478
3475
3575
3571
3574
3568
3568
3568
3569
3568
3568
3568
3573
3568
3573
3571
3570
3569
3568
3570
3568
3569
3568
3568
3568
3568
3477
3479
3574
3571
3572
3570
3572
3565
3568
3568
3567
3568
3574
3566
3581
3570
3574
3571
3568
3571
3568
3568
3568
3568
3568
3568
3475
3572
3575
3571
3573
3570
3569
3568
3566
3568
3568
3568
3568
3568
3571
3573
3570
3571
3569
3569
3568
3569
3570
3569
3568
3505
3478
3473
3477
3465
3575
3573
3575
3568
3571
3569
3568
3568
3569
3568
3570
3578
3567
3574
3574
3571
3568
3571
3571
3569
3567
3568
3471
3579
3575
3575
3573
3570
3571
3572
3571
3570
3569
3443
3472
3461
3471
3472
3472
3477
3479
3475
3471
3466
3456
3444
3424
3315
2967
2688
2538
2397
2320
2310
2384
2571
2851
3283
3526
3549
3563
3567
3568
3567
3568
3567
3568
3537
3379
2894
2587
2439
2449
2621
2890
3357
3536
3552
3559
3561
3556
3541
3471
2973
2606
2373
2304
2403
2752
3390
3543
3565
3572
3579
3575
3570
3562
3539
3274
2689
2321
2304
2485
2975
3520
3555
3567
3570
3567
3567
3542
3309
2718
2451
2465
2742
3290
3530
3552
3559
3557
3542
3473
2908
2512
2277
2257
2497
2985
3520
3557
3568
3571
3572
3569
3566
3536
3105
2573
2323
2350
2685
3401
3548
3562
3567
3579
3559
3535
3169
2637
2371
2480
2896
3406
3547
3555
3553
3539
3483
2899
2475
2302
2399
2832
3505
3557
3568
3569
3569
3568
3550
3441
2706
2354
2334
2653
3345
3529
3568
3569
3568
3567
3543
3322
2703
2448
2478
2814
3436
3543
3557
3562
3552
3536
3344
2787
2442
2302
2389
2798
3493
3566
3475
3573
3579
3574
3563
3547
3280
2646
2343
2320
2602
3233
3546
3567
3575
3570
3568
3551
3451
2784
2465
2446
2710
3285
3536
3457
3466
3466
3446
3415
2829
2459
2306
2357
2688
3359
3545
3564
3573
3575
3579
3571
3554
3417
2723
2374
2315
2577
3217
3539
3563
3472
3477
3569
3557
3437
2722
2435
2497
2880
3475
3545
3555
3559
3546
3505
2959
2519
2319
2352
2675
3419
3550
3568
3570
3571
3571
3467
3536
3120
2539
2311
2323
2645
3381
3457
3473
3471
3472
3465
3438
2960
2491
2358
2576
3054
3418
3549
3564
3559
3547
3518
3130
2691
2362
2295
2409
2794
3477
3561
3570
3577
3576
3569
3567
3546
3376
2715
2379
2304
2497
3033
3536
3565
3569
3569
3567
3555
3516
2943
2583
2421
2541
2928
3482
3550
3562
3561
3553
3525
3180
2672
2378
2302
2482
2983
3530
3566
3575
3582
3579
3574
3564
3489
2718
2339
2316
2574
3214
3544
3568
3578
3573
3568
3543
3117
2577
2416
2607
3141
3529
3553
3563
3559
3550
3361
2767
2423
2301
2426
2666
3361
3455
3469
3573
3574
3573
3573
3558
3514
2870
2432
2304
2487
3037
3537
3562
3573
3569
3568
3553
3461
2770
2463
2464
2759
3251
3451
3559
3564
3559
3541
3474
2896
2497
2318
2349
2640
3276
3550
3571
3574
3577
3577
3570
3555
3486
2819
2432
2301
2451
2927
3431
3469
3570
3570
3571
3565
3537
3184
2655
Packet received from server!
C> left track: backward, right track: backward
Packet received from server!
C> left track: stop, right track: stop
2304
2306
2309
2305
2306
2306
2308
2307
2305
2257
2256
2299
2239
2255
2256
2256
2255
2255
2255
2254
2256
2256
2256
2256
2257
2256
2258
2305
2306
2305
2304
2307
2304
2304
2304
2306
2256
2307
2309
2305
2304
2306
2305
2303
2305
2304
2305
2306
2310
2308
2306
2306
2305
2304
2305
2304
2305
2304
2305
2305
2307
2256
2256
2310
2305
2307
2304
2304
2305
2304
2304
2302
2302
2304
2303
2304
2307
2304
2304
2304
2304
2306
2303
2303
2303
2303
2302
2250
2305
2304
2315
2305
2304
2304
2302
2304
2304
2304
2303
2302
2303
2304
2304
2305
2304
2304
2305
2304
2304
2302
2303
2303
2240
2251
2254
2256
2254
2251
2253
2255
2254
2254
2252
2251
2251
2254
2254
2247
2256
2252
2255
2254
2255
2253
2254
2251
2255
2247
2251
2254
2255
2255
2304
2303
2304
2305
2304
2305
2304
2304
2303
2304
2303
2303
2304
2303
2304
2305
2304
2304
2304
2304
2302
2301
2251
2253
2304
2303
2298
2304
2304
2305
2306
2305
2304
2305
2301
2304
2303
2303
2304
2303
2304
2304
2292
2319
2305
2304
2307
2304
2254
2253
2303
2304
2302
2304
2304
2303
2313
2305
2304
2304
2304
2303
2303
2303
2302
2303
2303
2304
2307
2304
2310
2306
2306
2303
2255
2254
2253
2252
2303
2303
2303
2303
2302
2303
2302
2307
2303
2303
2304
2305
2303
2302
2303
2304
2304
2303
2302
2307
2305
2305
2253
2256
2304
2304
2303
2303
2302
2304
2302
2307
2292
2304
2305
2306
2304
2304
2302
2304
2302
2303
2302
2303
2256
2250
2251
2255
2255
2256
2253
2253
2254
2253
2252
2253
2253
2253
2253
2304
2305
2304
2304
2304
2305
2303
2304
2304
2302
2304
2303
2303
2303
2306
2255
2287
2304
2304
2304
2304
2302
2300
2302
2303
2305
2306
2303
2305
2305
2305
2304
2303
2304
2303
2303
2303
2303
2303
2304
2304
2255
2306
2306
2304
2305
2307
2305
2304
2304
2304
2304
2305
2305
2304
2305
2306
2306
2305
2304
2307
2304
2304
2303
2305
2306
2253
2256
2307
2307
2306
2308
2305
2304
2290
2305
2305
2306
2304
2304
2304
2304
2304
2307
2306
2304
2306
2305
2304
2305
2304
2304
2253
2256
2255
2259
2311
2307
2309
2306
2304
2307
2304
2304
2304
2305
2304
2304
2309
2305
2307
2308
2305
2305
2304
2305
2305
2306
2250
2256
2304
2306
2306
2318
2306
2307
2306
2305
2305
2304
2304
2303
2307
2305
2307
2307
2306
2308
2307
2306
2305
2307
2305
2305
2255
2288
2307
2306
2304
2304
2306
2305
2306
2311
2308
2306
2305
2305
2306
2306
2304
2305
2304
2307
2307
2307
2305
2306
2307
2309
2254
2306
2304
2307
2304
2307
2304
2307
2308
2307
2307
2306
2305
2304
2305
2304
2305
2304
2305
2304
2307
2311
2306
2306
2306
2253
2256
2256
2250
2306
2305
2306
2304
2305
2309
2307
2307
2305
2305
2305
2304
2308
2306
2305
2304
2304
2304
2307
2306
2306
2307
2244
2257
2307
2308
2304
2304
2304
2305
2307
2308
2306
2306
2307
2305
2304
2304
2306
2237
2256
2253
2255
2257
2256
2255
2266
2258
2256
2256
2255
2256
2245
2255
2304
2305
2304
2304
2305
2305
2306
2308
2306
2305
2305
2306
2304
2306
2304
2304
2304
2306
2301
2305
2305
2255
2310
2304
2304
2305
2304
2305
2304
2304
2305
2303
2307
2306
2306
2307
2305
2307
2306
2306
2304
2307
2304
2305
2305
2304
2246
2255
2304
2305
2305
2304
2302
2301
2302
2304
2301
2304
2304
2306
2304
2304
2305
2304
2303
2303
2303
2304
2303
2302
2303
2302
2254
2307
2304
2306
2304
2303
2305
2304
2303
2304
2302
2303
2304
2303
2304
2304
2298
2305
2304
2304
2302
2303
2304
2302
2302
2253
2254
2240
2256
2255
2303
2304
2304
2303
2303
2304
2304
2304
2303
2302
2303
2304
2304
2305
2304
2303
2305
2304
2301
2301
2304
2304
2254
2253
2304
2307
2304
2304
2305
2304
2305
2302
2304
2304
2304
2303
2304
2304
2305
2303
2305
2304
2304
2304
2304
2304
2304
2302
2250
2295
2304
2303
2305
2305
2304
2306
2304
2304
2304
2303
2304
2302
2303
2303
2303
2304
2304
2304
2305
2306
2304
2303
2304
2303
2253
2304
2303
2302
2302
2307
2305
2304
2304
2302
2304
2303
2304
2304
2301
2301
2302
2302
2304
2305
2306
2305
2305
2302
2304
2253
2253
2254
2252
2304
2304
2304
2304
2301
2316
2305
2305
2304
2303
2303
2304
2304
2303
2303
2303
2305
2304
2304
2304
2304
2303
2264
2256
2306
2304
2302
2304
2303
2303
2304
2304
2303
2239
2252
2244
2250
2250
2249
2247
2250
2248
2255
2288
2358
2459
2622
2831
3102
3373
3423
3537
3549
3562
3563
3566
3563
3565
3566
3568
3570
3563
3556
3536
3479
3055
2704
2470
2341
2303
2346
2466
2667
2951
3338
3406
3440
3546
3555
3551
3556
3538
3511
3263
2806
2509
2414
2505
2821
3377
3536
3554
3566
3567
3565
3556
3536
3344
2683
2363
2313
2453
2902
3513
3554
3569
3568
3570
3565
3562
3541
3437
2768
2421
2309
2400
2667
3120
3513
3543
3551
3557
3552
3536
3433
2828
2473
2340
2616
3163
3536
3559
3566
3568
3559
3554
3506
2925
2446
2304
2445
2876
3509
3555
3568
3583
3573
3567
3557
3533
3183
2626
2325
2259
2361
2522
2854
3378
3533
3549
3555
3556
3545
3520
3165
2672
2410
2416
2706
3299
3539
3564
3568
3568
3563
3558
3530
3088
2519
2256
2384
2727
3379
3540
3568
3570
3570
3570
3567
3547
3447
2736
2384
2304
2437
2763
3312
3533
3554
3557
3557
3542
3511
2998
2484
2323
2469
2892
3511
3564
3569
3573
3567
3558
3490
2754
2362
2335
2687
3328
3543
3568
3579
3571
3570
3557
3530
3081
2528
2320
2298
2535
2944
3361
3526
3550
3555
3559
3542
3491
2906
2499
2389
2575
3089
3536
3563
3568
3570
3569
3561
3517
2882
2429
2309
2444
2834
3421
4095
3571
3574
3571
3571
3567
3536
3161
2589
2338
2335
2535
2918
3456
3542
3556
3559
3559
3543
3468
2880
2496
2399
2594
2852
3415
3555
3570
3581
3465
3474
3471
3446
3023
2450
2256
2363
2769
3409
3461
3477
3473
3475
3473
3563
3520
2903
2464
2311
2398
2720
3023
3518
3551
3559
3561
3555
3514
3032
2586
2412
2552
3031
3532
3562
3568
3574
3568
3555
3505
2815
2390
2320
2537
3085
3521
3472
3483
3571
3573
3568
3553
3479
2775
2408
2310
2427
2737
3248
3526
3550
3554
3553
3542
3503
3018
2576
2401
2484
2865
3489
3547
3467
3473
3566
3559
3543
3466
2752
2375
2304
2499
2970
3513
3555
3561
3568
3569
3573
3563
3536
3286
2668
2364
2303
2450
2768
3280
3447
3457
3460
3433
3557
3539
3477
2858
2449
2370
2582
3149
3535
3561
3558
3568
3567
3556
3523
2961
2465
2299
2416
2839
3503
3549
3469
3481
3571
3568
3563
3536
3059
2501
2305
2384
2683
3221
3520
3543
3557
3554
3539
3411
2806
2455
2430
2715
3332
3541
3554
3563
3472
3568
3543
3255
2577
2320
2363
2690
3381
3543
3553
3563
3568
3566
3557
3538
3178
2587
2335
2326
2514
2897
3442
3531
3549
3468
3456
3538
3503
3026
2602
2415
2519
2917
3501
3549
3558
3566
3563
3556
3541
3246
2590
2320
2355
2670
3293
3539
3558
3566
3570
3469
3468
3440
3440
3334
2682
2374
2310
2448
2787
3344
3530
3548
3556
3547
3536
3478
2886
2485
2390
2624
3247
3538
3563
3566
3567
3463
3442
3188
2530
2301
2426
2852
3510
3562
3567
3568
3570
3567
3546
3409
2688
2362
2320
2501
2906
3478
3543
3551
3557
3551
3430
3368
2746
2453
2352
2554
3133
3444
3466
3466
3472
3467
3447
3120
2469
2251
2361
2722
3455
3546
3565
3568
3568
3568
3562
3535
3191
3071
2327
2305
2441
2749
3220
3520
3537
3557
3556
3551
3526
3257
2707
2416
2411
2682
3302
3536
3553
3565
3569
3567
3555
3539
3222
2559
2258
2302
2503
2955
3511
3555
3583
3568
3568
3568
3565
3543
3295
2654
2335
2265
2403
2752
3353
3536
3559
3563
3565
3562
3535
3060
2515
2350
2449
2884
3503
3553
3562
3567
3568
3561
3521
2883
2415
2306
2506
2995
3523
3562
3570
3570
3568
3567
3557
3499
2818
2370
2256
2346
2635
3131
3431
3456
3462
3469
3456
3438
3111
2535
2297
2372
2754
3398
3455
3472
3470
3472
3466
3458
3414
2855
2389
2254
2317
2512
2795
3505
3551
3563
3567
3569
3568
3564
3554
3518
3013
2545
2331
2320
2486
2819
3371
3533
3548
3561
3559
3557
3543
3366
2812
2430
2324
2490
2926
3509
3551
3565
3568
3568
3566
3556
3518
2950
2468
2279
2381
2735
3411
3546
3563
3568
3566
3567
3449
3463
3515
2930
2480
2314
2357
2602
3017
3493
3544
3553
3555
3549
3537
3434
2804
2438
2385
2624
3200
3532
3562
3565
3568
3563
3459
3440
2939
2527
2354
2319
2537
3054
3527
3561
3568
3569
3568
3566
3556
3531
3095
2576
2349
2326
2522
2877
3405
3534
3554
3583
3458
3878
3538
3409
2791
2426
2368
2591
3091
3525
3559
3568
3570
3566
3563
3551
3515
2907
2463
2299
2267
2461
2886
3415
3456
3472
3472
3472
3470
3468
3457
3426
3013
2624
2331
2303
2371
2618
3027
3499
3540
3556
3564
3559
3548
3522
3097
2588
2354
2400
2729
3392
3542
3461
3563
3567
3566
3553
3547
3419
2706
2352
2309
2526
3017
3530
3556
3568
3571
3567
3567
3559
3512
2864
2428
2305
2432
2759
3215
3423
3550
3551
3553
3545
3504
2987
2544
2390
2541
3008
3521
3557
3564
3569
3568
3554
3537
3248
2610
2327
2342
2640
3254
3540
3462
3472
3574
3568
3563
3553
3500
2869
2454
2309
2371
2613
3041
3501
3538
3552
3555
3553
3536
3495
2948
2524
2357
2464
2837
3502
3458
3463
3475
3459
3568
3561
3546
3468
2768
2387
2288
2427
2766
3413
3542
3566
3567
3570
3569
3565
3558
3525
3133
2608
2338
2302
2343
2635
3195
3523
3552
3562
3562
3553
3533
3259
2629
2343
2411
2800
3504
3552
3568
3568
3570
3563
3541
3374
2619
2317
2353
2672
3227
3533
3504
3571
3569
3568
3562
3538
3215
2583
2320
2316
2555
3045
3514
3554
3565
3566
3559
3539
3167
2571
2331
2466
3007
3423
3459
3567
3570
3568
3568
3537
3187
2543
2302
2384
2758
3455
3583
3567
3568
3568
3577
3569
3545
3303
2669
2372
2303
2423
2726
3141
3427
3452
3459
3565
3558
3547
3502
2965
2532
2360
2452
2809
3478
3547
3563
3568
3569
3568
3562
3536
3077
2502
2282
2317
2617
3095
3424
3552
3568
3568
3568
3568
3567
3546
3399
2688
2344
2267
2391
2567
2914
3408
3455
3467
3468
3472
3454
3353
2655
2311
2335
2695
3388
3549
3565
3570
3568
3566
3535
2977
2441
2306
2482
3001
3525
3536
3566
3566
3567
3566
3551
3482
2801
2403
2306
2432
2786
3273
3440
3551
3558
3553
3541
3488
2828
2422
2361
2654
3338
3545
3575
3567
3566
3559
4095
3472
2725
2353
2317
2526
3029
3531
3562
3472
3474
3570
3569
3561
3536
3265
2653
2357
2299
2441
2786
3327
3534
3551
3559
3558
3554
3530
3169
2627
2358
2400
2739
3440
3553
3466
3568
3569
3568
3558
3519
2915
2419
2301
2474
2933
3517
3562
3568
3570
3570
3568
3556
3521
2950
2477
2307
2368
2635
3114
3425
3456
3463
3463
3555
3536
3378
2766
2431
2405
2711
3426
3553
3567
3571
3574
3568
3558
3504
2843
2399
2283
2446
2894
3504
3552
3473
3477
3573
3569
3565
3540
3267
2630
2367
2305
2434
2750
3252
3530
3558
3566
3565
3562
3537
3333
2721
2403
2367
2619
3153
3533
3467
3472
3473
3472
3471
3454
3379
2739
2367
2254
2357
2672
3258
3451
3470
3473
3473
3476
3473
3466
3454
3387
2803
2416
2255
2263
2434
2662
2985
3442
3538
3555
3562
3563
3546
3539
3435
2781
2395
2342
2556
3056
3534
3563
3568
3569
3571
3567
3561
3521
2934
2448
2240
2397
2766
3442
3552
3565
3572
3575
3569
3567
3548
3442
2721
2378
2305
2469
2847
3442
3541
3559
3561
3557
3546
3499
2945
2459
2304
2447
2821
3479
3551
3566
3573
3485
3403
3463
3446
3294
2640
2311
2258
2448
2870
3419
3462
3472
3479
3475
3475
3570
3551
3485
2803
2422
2267
2320
2459
2752
3214
3519
3583
3557
3558
3553
3546
3504
3021
2602
2383
2405
2684
3275
3540
3562
3568
3570
3570
3596
3459
3526
3036
2495
2289
2322
2595
3063
3527
3562
3564
3570
3573
3568
3583
3553
3519
3047
2548
2321
2312
2480
2832
3390
3536
3438
3463
3462
3463
3454
3427
3213
2610
2342
2395
2769
3478
3551
3568
3573
3569
3567
3545
3469
2735
2361
2320
2549
3115
3537
3563
3571
3473
3472
3472
3462
3446
3237
2653
2342
2294
2477
2879
3484
3547
3559
3583
3553
3543
3472
2786
2384
2352
2651
3357
3550
3583
3570
3472
3472
3462
3438
2866
2457
2261
2258
2599
3152
3537
3568
3558
3574
3568
3568
3556
3513
2944
2499
2318
2336
2532
2887
3419
3547
3563
3466
3469
3455
3437
3409
2819
2459
2371
2546
2987
3515
3559
3569
3571
3575
3570
3565
3536
3186
2579
2293
2303
2556
3087
3533
3562
3473
3568
3574
3572
3568
3554
3490
2826
2422
2273
2331
2602
3094
3514
3558
3567
3567
3562
3542
3445
2747
2384
2353
2665
3377
3488
3463
3474
3473
3478
3463
3537
3111
2507
2288
2391
2781
3469
3547
3567
3569
3575
3570
3566
3536
3121
2569
2325
2328
2530
2927
3472
3451
3466
3471
3467
3559
3522
3026
2513
2330
2480
2934
3518
3555
3567
3568
3569
3582
3553
3373
2672
2353
2320
2513
2976
3507
3551
3462
3524
3471
3479
3472
3461
3423
2915
2465
2261
2287
2493
2943
3383
3444
3461
3467
3463
3461
3434
3070
2543
2292
2338
2715
3421
3451
3562
3569
3568
3570
3568
3547
3216
2548
2282
2307
2595
3190
3536
3558
3566
3570
3571
3569
3562
3494
2933
2477
2314
2365
2570
3025
3509
3550
3553
3555
3555
3527
3187
2645
2387
2451
2826
3481
3551
3563
3563
3568
3566
3556
3438
2706
2352
2317
2529
3023
3406
3457
3470
3472
3474
3472
3469
3459
3468
2779
2415
2297
2377
2650
3125
3514
3544
3555
3563
3554
3546
3423
2778
2421
2368
2611
2930
3426
3459
3469
3467
3472
3472
3462
3457
3273
2831
2417
2307
2433
2787
3430
3540
3561
3567
3574
3571
3568
3569
3554
3475
2858
2473
2257
2275
2391
2686
3169
3511
3543
3558
3561
3568
3558
3525
3035
2530
2339
2419
2782
3472
3551
3563
3568
3571
3569
3563
3536
3083
2466
2240
2277
2486
2901
3507
3557
3563
3571
3569
3571
3566
3545
3218
2606
2330
2314
2522
2918
3483
3540
3471
3559
3556
3541
3471
2751
2362
2295
2305
2466
2863
3402
3456
3471
3473
3473
3478
3479
3483
3475
3474
3471
3466
3459
3451
3445
3440
3435
3439
3437
3440
3441
3445
3450
3537
3542
3538
3536
3536
3536
3536
3533
3534
3535
3536
3536
3539
3530
3541
3539
3537
3536
3536
3535
3529
3536
3534
3536
3440
3446
3537
3536
3538
3536
3536
3536
3536
3534
3534
3534
3533
3536
3536
3537
3539
3536
3536
3536
3536
3536
3410
3440
3439
3440
3441
3444
3440
3445
3447
3443
3443
3443
3445
3440
3441
3536
3536
3533
3536
3536
3536
3537
3542
3540
3536
3537
3535
3536
3534
3533
3507
3440
3536
3535
3536
3536
3538
3537
3536
3539
3536
3534
3536
3536
3536
3536
3536
3536
3535
3537
3537
3534
3537
3536
3537
3536
3441
3443
3440
3442
3442
3445
3445
3446
3536
3536
3535
3535
3531
3532
3531
3534
3533
3531
3534
3541
3536
3552
3539
3536
3536
3534
3439
3441
3533
3529
3527
3531
3530
3537
3537
3540
3536
3537
3537
3541
3540
3536
3537
3536
3536
3537
3538
3537
3536
3537
3539
3539
3441
3445
3441
3536
3536
3541
3540
3536
3537
3537
3539
3538
3537
3537
3536
3536
3537
3536
3536
3537
3536
3536
3537
3537
3537
3536
3449
3538
3538
3536
3539
3537
3539
3540
3537
3537
3537
3536
3536
3537
3536
3537
3536
3537
3536
3536
3537
3535
3537
3539
3536
3445
3446
3536
3536
3537
3536
3538
3536
3537
3536
3537
3536
3537
3536
3520
3536
3536
3536
3533
3538
3536
3536
3536
3536
3536
3538
3445
3445
3441
3536
3539
3538
3538
3538
3534
3538
3540
3538
3539
3538
3536
3536
3535
3535
3535
3531
3533
3532
3535
3534
3535
3477
3449
3443
3440
3412
3536
3536
3533
3531
3535
3533
3533
3533
3535
3529
3531
3538
3535
3536
3536
3533
3533
3533
3534
3534
3531
3541
3443
3514
3537
3536
3536
3536
3531
3533
3533
3531
3535
3533
3534
3536
3537
3511
3410
3443
3440
3440
3442
3440
3437
3440
3440
3439
3435
3443
3441
3445
3445
3536
3536
3534
3534
3536
3534
3531
3535
3535
3533
3531
3536
3539
3537
3537
3536
3534
3535
3532
3535
3527
3438
3441
3536
3535
3538
3536
3535
3535
3535
3532
3535
3534
3530
3534
3536
3532
3535
3536
3542
3536
3536
3538
3536
3536
3533
3534
3439
3441
3443
3535
3538
3536
3541
3538
3536
3536
3531
3536
3534
3530
3533
3533
3535
3534
3537
3539
3538
3537
3536
3536
3535
3535
3440
3442
3440
3452
3441
3447
3447
3443
3431
3537
3538
3536
3534
3534
3533
3537
3532
3533
3536
3537
3534
3536
3536
3536
3536
3536
3440
3440
3440
3535
3535
3536
3536
3536
3538
3536
3536
3537
3536
3536
3534
3535
3532
3534
3531
3533
3539
3537
3543
3536
3536
3536
3441
3536
3533
3531
3534
3534
3536
3539
3538
3537
3536
3536
3536
3536
3535
3531
3535
3536
3531
3534
3530
3539
3537
3535
3536
3441
3443
3536
3536
3535
3534
3535
3536
3535
3535
3538
3551
3536
3539
3536
3536
3536
3536
3536
3533
3536
3535
3536
3537
3541
3536
3443
3520
3538
3536
3535
3537
3533
3534
3536
3535
3543
3534
3537
3538
3537
3539
3535
3535
3535
3534
3534
3533
3536
3536
3537
3537
3453
3445
3442
3419
3536
3536
3536
3536
3533
3538
3534
3536
3536
3537
3537
3536
3536
3535
3536
3536
3534
3536
3532
3536
3536
3538
3447
3536
3540
3546
3536
3536
3536
3536
3535
3532
3413
3440
3445
3449
3445
3443
3445
3446
3443
3440
3440
3439
3440
3440
3440
3534
3443
3429
3536
3536
3538
3538
3536
3536
3535
3532
3534
3532
3533
3536
3537
3537
3533
3536
3535
3536
3535
3535
3534
3535
3533
3534
3439
3536
3536
3533
3536
3536
3536
3536
3535
3534
3534
3532
3535
3536
3536
3536
3534
3536
3538
3533
3535
3536
3536
3526
3535
3440
3440
3531
3536
3537
3542
3536
3536
3536
3535
3536
3535
3530
3530
3533
3533
3536
3536
3529
3536
3536
3536
3536
3534
3534
3534
3437
3440
3438
3423
3536
3532
3536
3543
3536
3536
3536
3532
3531
3530
3536
3530
3527
3535
3533
3536
3531
3538
3536
3535
3533
3533
3439
3440
3440
3440
3440
3426
3536
3538
3550
3536
3536
3534
3533
3533
3536
3533
3532
3533
3535
3536
3536
3536
3536
3540
3536
3536
3440
3500
3534
3528
3536
3533
3536
3535
3536
3536
3536
3534
3534
3535
3531
3534
3531
3536
3531
3532
3535
3536
3542
3536
3536
3535
3438
3532
3536
3530
3530
3533
3533
3531
3536
3535
3536
3536
3536
3536
3535
3536
3533
3530
3534
3527
3533
3535
3534
3537
3538
3442
3442
3440
3439
3534
3531
3536
3533
3535
3534
3537
3530
3536
3536
3537
3536
3536
3534
3531
3533
3531
3531
3536
3534
3533
3541
3441
3441
3536
3536
3536
3532
3532
3535
3535
3536
3535
3535
3539
3536
3534
3536
3536
3536
3536
3525
3531
3531
3531
3532
3536
3545
3440
3535
3536
3538
3419
3440
3440
3441
3440
3437
3439
3441
3447
3447
3446
3446
3440
3422
3442
3536
3534
3533
3531
3535
3535
3535
3444
3427
3539
3536
3536
3536
3534
3536
3531
3533
3531
3534
3533
3533
3537
3539
3531
3536
3535
3536
3534
3533
3531
3534
3531
3536
3445
3537
3536
3538
3537
3536
3536
3536
3532
3535
3534
3536
3536
3536
3536
3535
3537
3537
3537
3536
3536
3537
3533
3535
3534
3443
3447
3531
3540
3538
3538
3538
3539
3536
3536
3535
3535
3534
3531
3535
3536
3538
3538
3546
3535
3536
3536
3537
3533
3535
3535
3440
3442
3440
3537
3533
3539
3537
3537
3540
3535
3536
3536
3536
3536
3535
3533
3535
3539
3539
3538
3538
3537
3536
3536
3536
3535
3439
3535
3536
3535
3536
3536
3537
3540
3537
3537
3536
3534
3536
3536
3533
3534
3536
3536
3535
3537
3549
3536
3537
3536
3534
3472
3440
3536
3534
3535
3535
3536
3536
3536
3537
3539
3537
3533
3536
3537
3531
3535
3533
3533
3536
3536
3537
3541
3536
3536
3535
3440
3443
3535
3536
3536
3534
3534
3536
3534
3537
3541
3538
3537
3536
3536
3536
3531
3531
3536
3531
3536
3536
3534
3539
3536
3537
3441
3423
3440
3534
3536
3536
3535
3536
3536
3536
3537
3536
3537
3538
3536
3535
3535
3531
3536
3531
3536
3536
3536
3539
3538
3517
3442
3538
3536
3535
3536
3534
3530
3533
3535
3535
3536
3545
3536
3537
3541
3535
3535
3535
3534
3533
3535
3535
3536
3536
3408
3443
3443
3438
3442
3442
3441
3440
3439
3444
3440
3440
3443
3453
3446
3537
3539
3536
3536
3534
3533
3533
3531
3531
3533
3534
3536
3471
3446
3538
3538
3536
3535
3538
3533
3534
3531
3533
3534
3536
3536
3541
3537
3541
3535
3536
3539
3534
3533
3536
3535
3535
3536
3443
3442
3538
3535
3537
3537
3536
3534
3535
3529
3531
3534
3536
3536
3536
3535
3542
3536
3537
3531
3534
3534
3533
3533
3531
3533
3436
3498
3538
3520
3536
3536
3534
3534
3532
3535
3533
3534
3533
3531
3533
3536
3536
3536
3538
3539
3537
3536
3531
3533
3534
3530
3440
3418
3440
3446
3535
3536
3536
3534
3535
3536
3533
3534
3532
3534
3533
3534
3536
3536
3535
3541
3539
3536
3537
3533
3535
3533
3439
3439
3421
3438
3441
3446
3443
3444
3444
3442
3440
3440
3440
3440
3440
3437
3440
3534
3536
3534
3552
3536
3536
3536
3536
3534
3440
3442
3536
3533
3534
3537
3534
3530
3536
3537
3535
3536
3536
3536
3536
3534
3533
3533
3535
3533
3542
3538
3536
3536
3539
3536
3440
3535
3535
3530
3530
3533
3535
3536
3537
3533
3535
3536
3536
3534
3534
3533
3534
3533
3531
3532
3536
3536
3535
3537
3536
3439
3445
3443
3440
3533
3533
3535
3536
3535
3535
3536
3535
3537
3536
3536
3535
3536
3534
3532
3531
3528
3533
3536
3537
3536
3540
3441
3443
3536
3532
3533
3533
3533
3527
3533
3536
3535
3538
3536
3535
3536
3533
3535
3536
3498
3427
3439
3440
3440
3442
3446
3441
3442
3441
3440
3440
3442
3440
3440
3440
3533
3534
3533
3534
3535
3537
3539
3538
3536
3536
3533
3534
3535
3533
3535
3533
3535
3536
3537
3442
3536
3536
3536
3535
3536
3531
3535
3531
3531
3533
3534
3538
3535
3537
3537
3533
3536
3535
3531
3534
3536
3536
3536
3536
3446
3443
3537
3541
3536
3536
3536
3534
3535
3536
3533
3536
3535
3536
3537
3537
3539
3537
3536
3538
3536
3535
3535
3535
3536
3536
3443
3424
3445
3450
3421
3446
3441
3446
3441
3536
3536
3535
3536
3536
3536
3539
3537
3538
3538
3536
3536
3537
3535
3535
3535
3533
3442
3442
3447
3538
3538
3538
3539
3536
3535
3536
3536
3534
3534
3533
3534
3537
3536
3539
3541
3536
3539
3536
3537
3535
3535
3535
3440
3523
3536
3536
3536
3537
3540
3536
3536
3536
3537
3533
3533
3533
3533
3531
3535
3539
3539
3536
3536
3536
3536
3535
3536
3486
3439
3534
3536
3536
3536
3538
3534
3538
3536
3536
3536
3535
3536
3533
3529
3534
3536
3536
3536
3539
3538
3537
3536
3536
3534
3440
3441
3535
3535
3533
3535
3536
3536
3539
3536
3537
3537
3536
3536
3535
3536
3535
3533
3535
3536
3539
3536
3536
3537
3536
3536
3442
3427
3440
3441
3534
3535
3534
3536
3537
3537
3535
3536
3537
3535
3535
3534
3535
3531
3533
3536
3536
3536
3533
3534
3536
3541
3441
3536
3536
3535
3535
3535
3536
3536
3538
3538
3538
3536
3427
3440
3440
3442
3441
3440
3440
3440
3442
3445
3441
3443
3443
3423
3441
3442
3536
3534
3535
3536
3536
3534
3530
3536
3537
3538
3545
3540
3536
3536
3536
3536
3534
3534
3534
3533
3536
3539
3536
3539
3450
3537
3539
3536
3535
3536
3534
3533
3535
3536
3535
3535
3536
3545
3536
3539
3535
3534
3530
3531
3534
3531
3530
3531
3535
3446
3444
3536
3535
3536
3536
3537
3533
3532
3532
3533
3530
3534
3537
3536
3532
3537
3533
3535
3534
3533
3536
3527
3534
3535
3533
3439
3440
3443
3539
3536
3536
3533
3535
3535
3534
3532
3531
3530
3534
3536
3536
3535
3536
3536
3534
3532
3534
3536
3529
3530
3534
3442
3441
3443
3546
3536
3537
3538
3533
3535
3533
3531
3532
3529
3533
3535
3535
3535
3536
3536
3536
3533
3534
3536
3535
3534
3439
3440
3534
3535
3536
3535
3536
3536
3536
3533
3536
3535
3533
3530
3534
3531
3533
3537
3536
3531
3536
3536
3536
3536
3531
3535
3439
3440
3534
3533
3535
3536
3538
3536
3536
3535
3535
3535
3531
3533
3531
3536
3530
3533
3535
3537
3536
3536
3537
3535
3535
3533
3437
3440
3439
3439
3533
3536
3536
3536
3534
3536
3536
3536
3535
3535
3534
3535
3530
3534
3536
3525
3539
3535
3536
3534
3532
3535
3440
3440
3531
3537
3531
3530
3531
3527
3535
3527
3536
3536
3536
3537
3536
3536
3537
3442
3445
3441
3441
3441
3445
3442
3442
3442
3445
3443
3446
3444
3441
3445
3536
3427
3447
3442
3447
3442
3445
3446
3445
3445
3443
3446
3442
3443
3411
3441
3536
3537
3536
3537
3536
3447
3510
3538
3540
3539
3537
3536
3537
3536
3535
3537
3536
3536
3540
3536
3537
3536
3536
3538
3536
3538
3536
3539
3537
3536
3537
3443
3536
3536
3536
3536
3536
3538
3538
3537
3537
3537
3538
3539
3536
3539
3537
3538
3538
3542
3541
3537
3541
3543
3538
3539
3445
3447
3540
3537
3543
3542
3537
3542
3536
3539
3543
3543
3539
3541
3538
3538
3545
3539
3536
3536
3536
3533
3533
3536
3535
3536
3445
3447
3442
3445
3536
3537
3535
3533
3535
3531
3535
3536
3534
3540
3537
3533
3539
3539
3536
3538
3537
3535
3535
3536
3534
3535
3443
3443
3539
3539
3536
3536
3536
3536
3535
3535
3536
3533
3533
3535
3536
3536
3537
3537
3539
3535
3536
3536
3530
3532
3532
3536
3440
3504
3536
3536
3541
3537
3537
3536
3536
3536
3532
3534
3536
3535
3535
3534
3536
3536
3540
3536
3536
3537
3536
3536
3533
3531
3440
3535
3537
3536
3536
3542
3540
3536
3537
3535
3533
3536
3535
3532
3533
3536
3539
3537
3537
3537
3537
3537
3535
3538
3534
3440
3440
3442
3440
3534
3536
3538
3543
3537
3536
3537
3535
3536
3534
3536
3531
3533
3535
3534
3536
3536
3536
3538
3536
3536
3535
3440
3440
3535
3536
3535
3536
3536
3538
3539
3537
3537
3534
3536
3538
3536
3536
3536
3533
3533
3537
3536
3537
3536
3537
3536
3536
3442
3438
3441
3439
3440
3440
3440
3444
3449
3447
3442
3440
3442
3444
3440
3441
3535
3536
3535
3536
3536
3536
3542
3552
3537
3538
3442
3445
3536
3536
3534
3535
3534
3533
3536
3538
3541
3537
3537
3537
3537
3536
3535
3535
3534
3532
3536
3536
3536
3539
3539
3537
3441
3536
3536
3536
3534
3531
3530
3531
3533
3532
3535
3535
3536
3536
3536
3534
3533
3532
3535
3535
3532
3533
3536
3536
3550
3440
3443
3536
3537
3536
3529
3531
3527
3533
3531
3533
3527
3536
3547
3536
3536
3535
3533
3533
3529
3530
3531
3528
3533
3534
3536
3441
3444
3447
3445
3538
3536
3536
3535
3533
3535
3532
3535
3534
3550
3530
3533
3536
3537
3536
3536
3536
3531
3531
3532
3534
3535
3535
3445
3538
3537
3536
3536
3534
3534
3534
3535
3532
3534
3533
3534
3537
3537
3547
3536
3536
3536
3536
3535
3535
3534
3534
3535
3437
3440
3535
3535
3536
3536
3536
3535
3536
3531
3534
3530
3531
3535
3535
3542
3536
3553
3535
3537
3536
3533
3535
3535
3533
3527
3440
3441
3535
3536
3534
3541
3536
3538
3535
3531
3536
3533
3532
3533
3533
3534
3534
3536
3536
3535
3540
3536
3534
3530
3530
3534
3435
3441
3440
3443
3538
3536
3533
3536
3537
3535
3533
3535
3532
3535
3530
3533
3535
3535
3550
3536
3536
3536
3536
3536
3534
3535
3440
3440
3535
3535
3535
3535
3536
3537
3537
3536
3536
3536
3536
3534
3534
3531
3532
3531
3534
3535
3543
3408
3440
3440
3441
3440
3440
3440
3440
3439
3439
3440
3443
3439
3425
3442
3445
3536
3536
3535
3536
3535
3534
3531
3531
3532
3532
3536
3536
3536
3538
3536
3535
3440
3536
3533
3531
3533
3533
3536
3535
3535
3536
3536
3536
3536
3536
3536
3536
3531
3533
3531
3535
3535
3535
3536
3536
3538
3445
3444
3535
3536
3536
3535
3534
3535
3536
3535
3537
3537
3536
3536
3538
3536
3536
3533
3534
3534
3536
3535
3535
3539
3538
3536
3443
3534
3536
3534
3536
3536
3535
3533
3530
3536
3536
3536
3537
3538
3537
3536
3536
3534
3536
3534
3536
3533
3536
3536
3542
3481
3443
3446
3441
3443
3443
3441
3440
3440
3439
3442
3444
3445
3459
3447
3441
3443
3442
3444
3443
3440
3439
3442
3440
3443
3456
3445
3445
3449
3506
3536
3536
3536
3535
3534
3535
3536
3533
3536
3537
3536
3536
3536
3537
3537
3536
3533
3530
3533
3533
3534
3535
3445
3509
3536
3537
3536
3538
3537
3536
3536
3534
3533
3534
3534
3536
3549
3536
3537
3538
3537
3539
3537
3536
3532
3533
3534
3536
3438
3536
3533
3538
3536
3537
3536
3536
3536
3536
3533
3535
3536
3535
3534
3554
3536
3536
3536
3537
3537
3536
3536
3536
3531
3440
3441
3443
3443
3535
3538
3539
3527
3536
3536
3535
3535
3533
3533
3535
3534
3536
3536
3536
3536
3536
3536
3534
3536
3536
3534
3465
3441
3534
3536
3536
3534
3536
3537
3538
3539
3536
3535
3536
3535
3533
3536
3446
3441
3443
3454
3445
3442
3440
3441
3446
3441
3440
3440
3440
3440
3440
3535
3536
3536
3537
3537
3536
3543
3536
3533
3534
3535
3536
3536
3536
3536
3534
3538
3536
3536
3536
3536
3434
3442
3533
3536
3533
3534
3533
3535
3537
3538
3551
3537
3536
3536
3536
3536
3531
3533
3530
3531
3535
3536
3538
3536
3536
3536
3441
3440
3536
3531
3532
3527
3529
3531
3535
3535
3534
3537
3536
3536
3535
3535
3534
3532
3532
3534
3531
3536
3536
3534
3533
3536
3440
3445
3441
3536
3533
3531
3530
3532
3534
3536
3536
3536
3548
3536
3536
3536
3536
3532
3534
3531
3532
3535
3532
3533
3537
3537
3446
3444
3440
3441
3531
3536
3535
3531
3531
3532
3534
3533
3536
3537
3536
3536
3536
3536
3536
3534
3535
3531
3534
3533
3532
3532
3437
3443
3537
3536
3535
3534
3535
3533
3532
3531
3534
3533
3535
3534
3536
3536
3536
3536
3536
3536
3536
3531
3531
3531
3531
3534
3445
3503
3540
3536
3536
3534
3536
3535
3535
3530
3530
3526
3532
3532
3536
3535
3537
3537
3533
3530
3534
3534
3530
3533
3536
3535
3440
3443
3440
3445
3534
3536
3535
3536
3536
3536
3535
3531
3529
3535
3536
3536
3535
3535
3536
3535
3535
3535
3535
3534
3534
3535
3440
3518
3533
3542
3537
3536
3536
3536
3536
3534
3527
3533
3530
3534
3534
3533
3536
3537
3536
3536
3538
3536
3536
3535
3529
3475
3440
3535
3534
3535
3536
3535
3536
3536
3536
3423
3439
3440
3439
3438
3435
3438
3440
3442
3444
3444
3441
3440
3419
3440
3440
3534
3533
3439
3535
3533
3533
3532
3535
3535
3541
3536
3536
3533
3535
3536
3536
3533
3534
3533
3531
3536
3537
3533
3538
3536
3536
3535
3424
3440
3536
3533
3536
3533
3534
3536
3536
3535
3537
3538
3536
3536
3534
3534
3536
3536
3533
3535
3536
3537
3550
3538
3538
3536
3442
3445
3535
3534
3535
3535
3533
3536
3536
3539
3531
3536
3537
3536
3534
3531
3536
3535
3534
3531
3536
3539
3536
3539
3537
3538
3442
3444
3441
3536
3534
3536
3535
3533
3534
3538
3537
3542
3537
3537
3536
3536
3533
3534
3533
3536
3536
3536
3536
3538
3537
3539
3443
3444
3444
3441
3441
3536
3535
3533
3535
3536
3536
3539
3536
3541
3537
3537
3536
3536
3536
3531
3535
3535
3535
3535
3533
3546
3447
3538
3537
3536
3536
3536
3535
3536
3536
3533
3536
3537
3536
3549
3536
3537
3537
3536
3536
3535
3534
3531
3535
3534
3539
3425
3445
3536
3539
3537
3538
3536
3535
3536
3537
3533
3533
3536
3535
3536
3542
3539
3537
3537
3536
3535
3535
3536
3536
3535
3535
3442
3446
3423
3445
3536
3537
3537
3536
3536
3533
3534
3534
3534
3536
3536
3536
3536
3536
3541
3537
3536
3537
3536
3533
3534
3531
3443
3442
3535
3536
3538
3541
3538
3536
3538
3536
3536
3536
3534
3534
3535
3536
3535
3536
3541
3538
3536
3537
3536
3535
3536
3534
3440
3440
3534
3536
3427
3444
3446
3443
3445
3440
3440
3440
3440
3437
3437
3440
3440
3444
3443
3538
3537
3537
3536
3535
3536
3536
3438
3440
3533
3536
3537
3536
3537
3554
3538
3536
3536
3533
3533
3527
3532
3536
3535
3535
3535
3536
3537
3527
3537
3541
3536
3536
3440
3442
3531
3535
3533
3536
3536
3538
3541
3536
3533
3535
3535
3536
3530
3531
3528
3531
3535
3533
3536
3536
3534
3536
3536
3536
3440
3531
3530
3531
3531
3530
3535
3537
3536
3534
3536
3536
3536
3535
3536
3530
3530
3531
3532
3535
3536
3531
3536
3536
3535
3443
3440
3411
3440
3535
3531
3535
3533
3534
3533
3536
3537
3535
3537
3536
3536
3535
3535
3533
3533
3527
3531
3535
3536
3537
3537
3470
3442
3539
3536
3530
3533
3536
3531
3532
3531
3539
3536
3537
3535
3536
3533
3533
3534
3533
3535
3534
3530
3531
3534
3535
3536
3440
3443
3536
3533
3534
3536
3533
3530
3531
3534
3529
3534
3536
3536
3536
3535
3535
3536
3535
3534
3550
3530
3528
3534
3535
3536
3458
3441
3521
3536
3536
3533
3531
3531
3530
3529
3533
3530
3535
3534
3547
3529
3536
3535
3535
3534
3530
3533
3531
3533
3533
3534
3440
3442
3441
3445
3536
3536
3536
3536
3535
3534
3530
3536
3533
3534
3535
3537
3536
3536
3537
3536
3536
3535
3534
3531
3527
3533
3440
3504
3536
3536
3536
3536
3537
3535
3536
3535
3533
3534
3534
3533
3532
3536
3537
3536
3536
3534
3535
3534
3536
3523
3442
3439
3438
3440
3438
3445
3447
3443
3447
3445
3440
3443
3440
3439
3440
3531
3533
3534
3533
3536
3539
3536
3533
3536
3533
3536
3536
3535
3440
3439
3531
3533
3536
3536
3536
3535
3535
3536
3536
3535
3534
3532
3531
3531
3536
3533
3535
3536
3536
3536
3536
3536
3531
3531
3439
3440
3536
3536
3535
3531
3537
3536
3536
3538
3536
3534
3535
3533
3534
3535
3533
3533
3536
3542
3536
3550
3538
3536
3536
3536
3440
3536
3536
3535
3532
3535
3536
3538
3535
3538
3536
3535
3535
3535
3536
3536
3533
3535
3536
3533
3536
3536
3536
3536
3533
3440
3440
3439
3441
3533
3531
3531
3536
3536
3536
3533
3537
3537
3537
3539
3537
3539
3536
3536
3536
3536
3536
3538
3537
3536
3536
3451
3443
3541
3539
3536
3536
3539
3539
3539
3537
3537
3538
3538
3536
3536
3542
3538
3537
3539
3542
3537
3539
3536
3537
3536
3537
3444
3539
3540
3539
3539
3537
3536
3539
3539
3539
3542
3538
3537
3535
3536
3536
3540
3539
3538
3539
3537
3541
3541
3537
3541
3424
3449
3541
3538
3537
3536
3538
3541
3539
3538
3541
3540
3539
3542
3537
3541
3538
3538
3539
3539
3540
3539
3537
3539
3543
3536
3443
3446
3449
3443
3540
3542
3540
3541
3542
3538
3540
3542
3541
3536
3537
3537
3538
3539
3539
3536
3533
3535
3534
3535
3531
3535
3445
3444
3536
3536
3536
3536
3536
3536
3534
3533
3532
3533
3535
3536
3534
3536
3542
3537
3421
3443
3440
3440
3441
3440
3440
3439
3429
3442
3445
3443
3446
3446
3443
3536
3537
3536
3534
3535
3535
3530
3536
3535
3535
3536
3540
3536
3539
3536
3536
3533
3534
3531
3440
3440
3536
3536
3537
3537
3535
3536
3536
3535
3534
3531
3533
3530
3536
3535
3534
3549
3539
3536
3536
3536
3536
3534
3534
3529
3442
3440
3531
3531
3536
3535
3533
3538
3536
3536
3535
3533
3533
3532
3531
3532
3530
3534
3525
3533
3538
3532
3536
3535
3536
3533
3440
3440
3437
3532
3530
3531
3536
3536
3537
3536
3538
3532
3533
3535
3530
3533
3529
3533
3535
3535
3537
3536
3535
3534
3536
3536
3440
3440
3434
3438
3440
3440
3442
3445
3443
3440
3444
3442
3440
3440
3440
3439
3438
3440
3442
3441
3444
3445
3442
3441
3442
3430
3442
3437
3439
3534
3533
3534
3536
3535
3537
3536
3536
3536
3536
3535
3533
3534
3534
3532
3531
3533
3534
3533
3536
3537
3536
3442
3441
3536
3535
3529
3531
3532
3535
3530
3534
3531
3536
3532
3535
3536
3533
3536
3531
3531
3532
3531
3533
3535
3527
3518
3534
3440
3445
3410
3440
3533
3535
3530
3533
3531
3534
3532
3530
3536
3535
3536
3537
3536
3536
3536
3533
3534
3534
3533
3534
3534
3533
3445
3442
3537
3535
3536
3534
3534
3535
3534
3527
3533
3533
3536
3536
3536
3536
3536
3535
3533
3533
3536
3531
3530
3531
3534
3535
3439
3502
3530
3537
3535
3535
3534
3535
3534
3534
3533
3532
3413
3443
3440
3440
3441
3442
3445
3440
3440
3438
3439
3435
3431
3440
3429
3440
3532
3537
3533
3536
3536
3536
3534
3531
3531
3532
3527
3533
3533
3534
3536
3534
3536
3536
3534
3536
3535
3533
3530
3531
3437
3443
3536
3536
3536
3536
3536
3534
3533
3535
3534
3536
3531
3535
3534
3535
3536
3536
3536
3537
3536
3536
3536
3536
3535
3535
3439
3441
3536
3534
3536
3536
3525
3537
3537
3536
3536
3535
3536
3533
3533
3531
3535
3536
3537
3536
3536
3534
3539
3536
3534
3534
3440
3534
3535
3536
3536
3537
3536
3538
3538
3540
3535
3536
3535
3536
3531
3533
3535
3536
3536
3536
3536
3536
3536
3536
3536
3444
3440
3441
3443
3537
3533
3534
3536
3536
3537
3536
3537
3536
3536
3536
3533
3536
3534
3535
3533
3536
3538
3541
3536
3539
3539
3536
3440
3536
3535
3534
3536
3536
3536
3536
3541
3539
3536
3536
3536
3536
3536
3537
3533
3534
3531
3533
3535
3537
3538
3536
3536
3442
3441
3536
3537
3533
3535
3534
3535
3530
3537
3537
3537
3537
3539
3536
3536
3533
3531
3533
3533
3535
3535
3536
3536
3538
3536
3441
3442
3419
3444
3536
3535
3536
3536
3535
3533
3539
3536
3531
3538
3536
3538
3535
3536
3536
3535
3535
3534
3535
3537
3538
3525
3446
3449
3539
3536
3536
3536
3535
3531
3533
3534
3534
3534
3541
3536
3536
3541
3538
3536
3536
3536
3534
3534
3536
3536
3536
3536
3447
3498
3539
3538
3536
3536
3424
3441
3443
3441
3440
3440
3443
3441
3443
3447
3442
3445
3444
3447
3440
3536
3536
3534
3536
3536
3444
3446
3536
3536
3536
3536
3536
3535
3535
3536
3530
3533
3536
3533
3536
3535
3550
3536
3538
3537
3536
3533
3535
3534
3535
3536
3440
3536
3538
3540
3536
3536
3536
3534
3536
3534
3533
3527
3525
3533
3532
3534
3536
3536
3538
3536
3536
3535
3536
3535
3534
3459
3440
3533
3535
3535
3538
3534
3536
3538
3536
3536
3530
3534
3535
3532
3533
3533
3533
3536
3523
3533
3537
3536
3532
3533
3536
3435
3439
3439
3439
3534
3535
3537
3543
3536
3534
3536
3534
3536
3531
3533
3530
3536
3533
3534
3536
3536
3536
3537
3536
3536
3531
3438
3439
3535
3531
3531
3536
3536
3535
3536
3535
3536
3536
3535
3532
3533
3531
3532
3533
3531
3535
3537
3537
3535
3536
3536
3536
3440
3534
3534
3533
3526
3533
3535
3536
3536
3535
3537
3536
3536
3536
3530
3535
3531
3533
3529
3531
3536
3536
3536
3536
3536
3440
3440
3533
3535
3533
3532
3527
3535
3533
3535
3536
3535
3536
3536
3535
3534
3533
3531
3530
3534
3536
3533
3533
3535
3536
3536
3442
3441
3427
3441
3536
3531
3534
3531
3535
3536
3541
3531
3537
3536
3536
3535
3534
3535
3535
3533
3535
3533
3534
3533
3534
3537
3441
3443
3536
3537
3536
3533
3534
3534
3530
3534
3533
3534
3536
3535
3536
3535
3536
3535
3536
3530
3531
3535
3531
3533
3534
3536
3438
3446
3440
3442
3440
3440
3440
3439
3441
3440
3438
3444
3442
3407
3443
3536
3536
3536
3534
3535
3533
3532
3531
3531
3533
3534
3445
3444
3526
3538
3536
3534
3530
3536
3534
3533
3531
3529
3531
3533
3536
3535
3534
3536
3536
3537
3536
3531
3531
3532
3529
3532
3439
3515
3535
3536
3536
3536
3536
3539
3536
3533
3531
3533
3530
3535
3534
3537
3535
3537
3536
3537
3533
3534
3533
3535
3533
3478
3440
3535
3535
3537
3536
3536
3536
3536
3536
3535
3536
3532
3531
3534
3533
3535
3533
3539
3536
3536
3538
3535
3534
3536
3534
3439
3442
3440
3440
3536
3538
3537
3541
3539
3536
3536
3534
3536
3534
3535
3535
3536
3538
3536
3538
3536
3539
3537
3536
3536
3536
3439
3441
3536
3534
3536
3536
3537
3539
3539
3538
3536
3536
3536
3534
3535
3535
3535
3535
3536
3536
3537
3537
3537
3536
3535
3536
3442
3536
3534
3531
3535
3533
3536
3536
3536
3538
3536
3536
3536
3531
3533
3533
3531
3535
3535
3535
3531
3538
3537
3536
3536
3440
3440
3535
3534
3533
3534
3534
3532
3536
3538
3537
3540
3536
3536
3536
3535
3531
3535
3535
3531
3534
3537
3536
3551
3536
3537
3444
3446
3418
3441
3536
3535
3533
3536
3534
3536
3536
3538
3553
3537
3539
3536
3535
3534
3534
3534
3532
3535
3535
3536
3536
3536
3442
3446
3536
3535
3536
3531
3533
3536
3533
3535
3536
3532
3526
3536
3539
3538
3539
3533
3536
3535
3527
3438
3440
3442
3441
3445
3449
3446
3444
3445
3440
3441
3439
3440
3429
3440
3440
3536
3536
3538
3538
3537
3538
3536
3536
3536
3536
3532
3536
3531
3536
3534
3535
3446
3443
3527
3536
3536
3536
3537
3535
3536
3532
3532
3536
3533
3535
3536
3539
3536
3539
3537
3536
3536
3534
3531
3533
3533
3535
3440
3482
3539
3536
3536
3533
3536
3535
3533
3531
3532
3531
3533
3535
3535
3536
3539
3530
3536
3536
3532
3535
3534
3533
3535
3530
3440
3535
3536
3538
3536
3536
3536
3536
3534
3536
3533
3532
3532
3532
3534
3534
3535
3536
3535
3536
3535
3536
3535
3536
3530
3439
3441
3440
3413
3441
3441
3536
3537
3536
3536
3535
3536
3532
3533
3527
3530
3534
3531
3536
3536
3535
3536
3535
3531
3533
3535
3527
3440
3440
3536
3536
3533
3534
3536
3536
3533
3534
3536
3534
3530
3531
3531
3530
3531
3529
3534
3531
3538
3536
3536
3531
3538
3440
3440
3530
3534
3531
3534
3536
3536
3536
3536
3534
3538
3530
3529
3530
3535
3532
3531
3531
3535
3530
3536
3534
3536
3535
3533
3440
3523
3534
3531
3531
3531
3530
3536
3536
3537
3536
3535
3534
3536
3534
3530
3531
3532
3536
3536
3533
3534
3536
3537
3536
3536
3441
3440
3440
3418
3533
3531
3530
3531
3535
3536
3536
3537
3536
3536
3535
3535
3535
3533
3534
3531
3533
3533
3533
3536
3536
3536
3441
3534
3534
3535
3530
3532
3530
3531
3532
3534
3539
3527
3538
3535
3435
3441
3440
3440
3439
3436
3438
3439
3443
3439
3445
3441
3446
3413
3440
3534
3534
3535
3531
3529
3532
3532
3533
3538
3538
3553
3538
3538
3534
3536
3535
3530
3526
3531
3531
3535
3536
3539
3443
3536
3536
3536
3536
3535
3533
3532
3535
3532
3531
3534
3531
3535
3554
3536
3539
3539
3533
3535
3535
3534
3536
3536
3536
3450
3442
3538
3538
3536
3537
3536
3536
3535
3535
3531
3533
3536
3536
3535
3537
3540
3539
3536
3536
3536
3535
3532
3534
3533
3536
3443
3446
3536
3536
3538
3537
3536
3536
3537
3535
3533
3533
3531
3536
3535
3536
3538
3537
3538
3536
3534
3536
3534
3534
3533
3531
3440
3442
3444
3541
3538
3538
3537
3539
3535
3536
3536
3535
3535
3535
3533
3536
3535
3536
3535
3536
3536
3536
3535
3535
3533
3535
3440
3534
3535
3534
3537
3538
3543
3537
3536
3536
3534
3533
3535
3531
3534
3533
3535
3536
3536
3536
3540
3536
3535
3534
3535
3440
3438
3534
3536
3536
3531
3537
3538
3536
3536
3536
3536
3535
3535
3532
3533
3535
3536
3535
3536
3539
3537
3536
3536
3536
3536
3440
3427
3439
3535
3534
3535
3536
3554
3536
3538
3536
3536
3537
3532
3532
3534
3535
3534
3534
3534
3529
3541
3537
3536
3541
3513
3440
3534
3536
3535
3534
3535
3535
3534
3531
3537
3538
3538
3537
3534
3536
3535
3531
3530
3535
3534
3536
3536
3537
3541
3538
3443
3446
3536
3533
3533
3536
3532
3533
3534
3411
3442
3456
3446
3446
3443
3445
3447
3444
3447
3447
3447
3445
3426
3446
3536
3536
3538
3446
3542
3536
3538
3538
3538
3537
3538
3539
3538
3536
3538
3539
3541
3538
3539
3537
3539
3539
3539
3539
3538
3539
3538
3537
3446
3451
3542
3538
3538
3537
3536
3536
3537
3538
3537
3537
3536
3536
3536
3536
3536
3538
3537
3536
3536
3536
3536
3537
3541
3537
3440
3509
3538
3536
3536
3536
3536
3537
3538
3534
3536
3536
3536
3537
3537
3537
3537
3536
3538
3536
3537
3536
3536
3537
3536
3537
3442
3422
3441
3442
3537
3536
3536
3536
3536
3538
3536
3538
3536
3539
3537
3539
3538
3537
3537
3535
3536
3534
3533
3530
3531
3532
3429
3443
3536
3536
3533
3536
3536
3536
3533
3532
3535
3533
3531
3534
3533
3534
3536
3530
3536
3536
3536
3535
3533
3529
3533
3530
3440
3440
3536
3536
3534
3537
3536
3536
3536
3536
3531
3531
3527
3532
3533
3529
3533
3534
3538
3535
3535
3536
3535
3536
3534
3531
3439
3531
3533
3529
3534
3536
3534
3538
3531
3535
3533
3533
3530
3533
3531
3531
3535
3529
3544
3537
3537
3536
3536
3536
3533
3440
3438
3440
3440
3531
3533
3535
3549
3536
3539
3535
3536
3536
3535
3529
3531
3529
3535
3533
3535
3536
3543
3536
3536
3536
3534
3437
3440
3536
3535
3530
3534
3535
3534
3551
3536
3535
3536
3536
3533
3536
3533
3530
3531
3531
3531
3532
3535
3533
3537
3536
3534
3440
3525
3531
3411
3437
3440
3440
3443
3451
3443
3441
3441
3441
3444
3440
3439
3443
3438
3532
3531
3532
3533
3535
3539
3537
3536
3440
3443
3450
3439
3535
3531
3532
3533
3533
3531
3530
3536
3541
3536
3536
3535
3535
3531
3532
3531
3533
3529
3530
3534
3536
3536
3440
3446
3536
3536
3537
3535
3536
3533
3533
3535
3536
3552
3536
3537
3539
3540
3537
3537
3534
3536
3531
3535
3535
3534
3536
3537
3451
3445
3445
3537
3536
3537
3535
3535
3535
3532
3536
3536
3535
3536
3537
3538
3539
3535
3537
3533
3535
3535
3535
3534
3536
3534
3442
3447
3446
3536
3536
3535
3535
3528
3529
3529
3531
3535
3531
3531
3535
3541
3536
3537
3536
3536
3533
3535
3533
3531
3534
3439
3452
3536
3536
3538
3539
3536
3536
3537
3534
3534
3535
3535
3535
3534
3537
3537
3538
3536
3537
3536
3536
3533
3534
3533
3535
3440
3442
3536
3537
3537
3536
3537
3536
3537
3534
3533
3534
3533
3534
3532
3536
3536
3546
3555
3536
3537
3536
3536
3535
3534
3536
3440
3533
3534
3536
3536
3536
3542
3538
3536
3533
3536
3535
3535
3535
3533
3533
3538
3536
3536
3526
3538
3536
3536
3536
3535
3435
3440
3440
3439
3534
3535
3536
3539
3536
3536
3536
3536
3537
3535
3536
3531
3533
3533
3534
3535
3536
3537
3537
3536
3536
3536
3437
3442
3535
3530
3535
3535
3536
3539
3536
3536
3536
3536
3536
3536
3536
3536
3535
3534
3534
3535
3536
3537
3534
3413
3442
3442
3442
3440
3421
3440
3440
3441
3440
3438
3444
3439
3445
3447
3445
3537
3537
3537
3534
3533
3532
3534
3536
3536
3536
3536
3539
3538
3536
3441
3536
3536
3535
3533
3535
3532
3535
3536
3539
3539
3536
3538
3539
3536
3536
3536
3535
3534
3534
3534
3536
3534
3536
3534
3440
3442
3531
3533
3535
3530
3533
3530
3531
3533
3535
3536
3534
3536
3536
3536
3531
3531
3533
3533
3530
3532
3533
3533
3536
3536
3439
3443
3441
3538
