=~=~=~=~=~=~=~=~=~=~=~= PuTTY log 2023.09.25 01:53:48 =~=~=~=~=~=~=~=~=~=~=~=
ets Jul 29 2019 12:21:46

rst:0x1 (POWERON_RESET),boot:0x13 (SPI_FAST_FLASH_BOOT)
configsip: 0, SPIWP:0xee
clk_drv:0x00,q_drv:0x00,d_drv:0x00,cs0_drv:0x00,hd_drv:0x00,wp_drv:0x00
mode:DIO, clock div:1
load:0x3fff0030,len:1344
load:0x40078000,len:13964
load:0x40080400,len:3600
entry 0x400805f0
[WIFI] Connecting...
Initialized.
E (1823) wifi:Association refused temporarily, comeback time 200 mSec
E (2029) wifi:Association refused temporarily, comeback time 200 mSec
E (2234) wifi:Association refused temporarily, comeback time 200 mSec
E (2439) wifi:Association refused temporarily, comeback time 200 mSec
E (2644) wifi:Association refused temporarily, comeback time 200 mSec
E (2849) wifi:Association refused temporarily, comeback time 200 mSec
E (3054) wifi:Association refused temporarily, comeback time 200 mSec
E (3259) wifi:Association refused temporarily, comeback time 200 mSec
E (3464) wifi:Association refused temporarily, comeback time 200 mSec
E (3669) wifi:Association refused temporarily, comeback time 200 mSec
E (3874) wifi:Association refused temporarily, comeback time 200 mSec
E (4082) wifi:Association refused temporarily, comeback time 200 mSec
E (4290) wifi:Association refused temporarily, comeback time 200 mSec
E (4495) wifi:Association refused temporarily, comeback time 200 mSec
E (4700) wifi:Association refused temporarily, comeback time 200 mSec
E (4905) wifi:Association refused temporarily, comeback time 200 mSec
E (5110) wifi:Association refused temporarily, comeback time 200 mSec
E (5315) wifi:Association refused temporarily, comeback time 200 mSec
E (5520) wifi:Association refused temporarily, comeback time 200 mSec
E (5725) wifi:Association refused temporarily, comeback time 200 mSec
E (5930) wifi:Association refused temporarily, comeback time 200 mSec
E (6135) wifi:Association refused temporarily, comeback time 200 mSec
E (6340) wifi:Association refused temporarily, comeback time 200 mSec
E (6545) wifi:Association refused temporarily, comeback time 200 mSec
E (6750) wifi:Association refused temporarily, comeback time 200 mSec
E (6955) wifi:Association refused temporarily, comeback time 200 mSec
[WIFI] Connected: 192.168.1.112
UDP connected
Packet received from server!
Packet received from server!
C> left track: forward, right track: forward
1909
1919
1919
1922
1921
1919
1922
1921
1920
1921
1921
1921
1920
1920
1922
1967
1966
1967
1967
1968
1967
1968
1968
1968
1915
1967
1965
1968
1968
1967
1967
1967
1968
1967
1975
1968
1969
1967
1967
1965
1968
1967
1967
1965
1966
1968
1970
1963
1968
1923
1923
1968
1968
1968
1968
1967
1967
1966
1968
1968
1968
1968
1968
1968
1968
1968
1967
1966
1966
1967
1967
1966
1968
1968
1968
1920
1925
1925
1923
1968
1968
1966
1967
1967
1967
1967
1968
1968
1964
1967
1966
1968
1967
1966
1967
1967
1967
1966
1968
1965
1968
1921
1923
1968
1967
1966
1967
1965
1967
1968
1965
1967
1968
1967
1968
1968
1968
1967
1968
1968
1968
1966
1968
1967
1968
1968
1966
1922
1925
1926
1925
1925
1923
1922
1922
1921
1920
1922
1922
1922
1925
1932
1926
1927
1969
1968
1967
1967
1968
1967
1965
1967
1967
1923
1927
1924
1921
1968
1969
1968
1967
1968
1968
1967
1966
1968
1968
1968
1968
1970
1968
1968
1968
1968
1968
1968
1967
1968
1968
1923
1959
1968
1968
1969
1968
1968
1968
1968
1968
1968
1968
1968
1967
1968
1966
1969
1968
1969
1968
1968
1968
1919
1921
1921
1923
1922
1930
1923
1925
1925
1923
1927
1925
1923
1921
1923
1968
1967
1965
1967
1968
1968
1967
1968
1968
1968
1968
1968
1968
1968
1968
1921
1922
1963
1965
1967
1968
1968
1968
1968
1968
1968
1967
1966
1965
1966
1963
1966
1968
1965
1968
1965
1966
1968
1968
1965
1965
1922
1968
1967
1966
1968
1967
1967
1965
1968
1965
1968
1968
1964
1967
1966
1966
1963
1967
1965
1966
1969
1965
1967
1966
1966
1920
1919
1967
1966
1968
1967
1966
1968
1966
1965
1967
1966
1966
1967
1967
1967
1966
1965
1965
1966
1966
1966
1968
1970
1967
1966
1920
1917
1920
1968
1967
1967
1967
1967
1966
1965
1967
1969
1967
1966
1968
1966
1964
1966
1966
1966
1965
1966
1964
1959
1968
1968
1920
1921
1923
1966
1966
1966
1963
1968
1967
1967
1966
1967
1968
1968
1967
1968
1966
1967
1968
1966
1967
1968
1967
1965
1964
1919
1921
1967
1968
1967
1966
1965
1966
1965
1965
1965
1966
1966
1968
1967
1967
1966
1967
1967
1964
1965
1964
1965
1966
1966
1962
1920
1922
1968
1968
1967
1968
1966
1967
1966
1965
1968
1965
1966
1967
1968
1968
1966
1963
1965
1968
1967
1967
1965
1966
1966
1967
1922
1922
1925
1921
1968
1968
1968
1967
1965
1968
1966
1966
1963
1968
1967
1968
1967
1968
1968
1965
1968
1965
1965
1967
1967
1966
1923
1958
1968
1968
1964
1967
1968
1966
1967
1964
1965
1966
1966
1966
1968
1966
1904
1920
1922
1923
1922
1922
1920
1922
1920
1921
1921
1926
1920
1921
1923
1921
1921
1920
1920
1921
1920
1923
1920
1922
1923
1925
1963
1968
1968
1968
1968
1967
1968
1968
1964
1968
1921
1923
1968
1968
1968
1968
1968
1965
1964
1968
1968
1968
1967
1964
1963
1968
1966
1968
1968
1968
1965
1968
1966
1966
1966
1965
1920
1968
1968
1967
1967
1973
1968
1968
1967
1968
1968
1968
1968
1968
1968
1968
1968
1968
1967
1969
1968
1969
1968
1968
1968
1923
1924
1956
1968
1967
1967
1967
1967
1963
1968
1970
1969
1966
1968
1968
1968
1968
1966
1968
1968
1968
1970
1967
1968
1968
1970
1921
1925
1968
1968
1966
1968
1967
1968
1965
1970
1968
1968
1968
1968
1968
1970
1968
1965
1967
1967
1965
1968
1968
1968
1969
1968
1921
1927
1923
1968
1968
1967
1968
1967
1968
1968
1968
1968
1968
1969
1969
1966
1968
1967
1968
1968
1968
1967
1968
1968
1967
1922
1923
1968
1968
1968
1968
1967
1968
1968
1968
1967
1968
1968
1968
1969
1968
1968
1968
1966
1968
1968
1967
1967
1967
1968
1968
1925
1929
1968
1968
1968
1969
1968
1968
1967
1968
1968
1968
1967
1968
1968
1968
1968
1968
1968
1968
1967
1968
1968
1967
1966
1967
1925
1926
1926
1927
1968
1968
1968
1968
1968
1965
1968
1967
1968
1968
1968
1968
1969
1968
1968
1968
1968
1968
1968
1967
1967
1966
1923
1930
1968
1968
1968
1968
1967
1967
1967
1966
1965
1920
1923
1922
1926
1923
1936
1926
1923
1924
1921
1926
1922
1923
1925
1926
1961
1926
1930
1923
1968
1968
1968
1968
1968
1968
1967
1967
1967
1968
1968
1968
1968
1968
1968
1968
1968
1968
1967
1967
1967
1968
1966
1921
1954
1968
1968
1970
1967
1967
1968
1968
1968
1968
1968
1968
1966
1968
1968
1967
1968
1975
1968
1968
1968
1968
1968
1965
1965
1920
1967
1966
1967
1967
1968
1968
1965
1968
1966
1967
1965
1967
1966
1968
1967
1967
1968
1968
1967
1967
1967
1966
1966
1966
1920
1922
1920
1922
1968
1965
1968
1968
1967
1968
1967
1968
1966
1968
1966
1967
1966
1966
1967
1967
1968
1966
1966
1968
1968
1967
1917
1922
1914
1920
1968
1966
1965
1965
1967
1967
1968
1968
1968
1968
1966
1967
1968
1966
1965
1965
1968
1962
1967
1967
1967
1966
1966
1920
1920
1922
1965
1967
1966
1968
1963
1967
1969
1968
1966
1967
1968
1967
1967
1968
1965
1966
1967
1967
1967
1968
1968
1966
1923
1925
1968
1968
1967
1968
1967
1967
1967
1967
1966
1968
1968
1965
1966
1966
1967
1967
1967
1967
1968
1967
1966
1965
1971
1969
1922
1922
1968
1964
1966
1966
1966
1966
1965
1968
1966
1968
1968
1970
1968
1968
1968
1968
1966
1965
1964
1965
1966
1966
1967
1968
1922
1923
1923
1921
1967
1966
1966
1964
1966
1967
1964
1965
1968
1965
1967
1968
1966
1967
1966
1966
1966
1965
1965
1963
1968
1966
1923
1923
1927
1937
1966
1919
1922
1920
1926
1923
1923
1923
1926
1921
1924
1923
1923
1921
1923
1920
1968
1968
1969
1968
1968
1966
1967
1925
1926
1923
1967
1968
1968
1968
1968
1968
1968
1968
1966
1968
1968
1968
1968
1968
1968
1968
1968
1968
1968
1968
1969
1968
1968
1922
1961
1968
1968
1968
1968
1967
1967
1967
1968
1968
1968
1967
1968
1967
1968
1969
1968
1968
1968
1968
1968
1968
1968
1968
1968
1925
1969
1968
1968
1970
1969
1968
1969
1968
1968
1968
1968
1966
1968
1968
1969
1968
1967
1968
1969
1968
1968
1968
1971
1969
1923
1927
1969
1969
1969
1968
1970
1968
1968
1967
1968
1970
1968
1968
1966
1966
1966
1965
1968
1968
1968
1968
1968
1967
1968
1968
1920
1923
1923
1924
1969
1968
1968
1968
1968
1967
1967
1968
1968
1967
1968
1967
1965
1966
1968
1966
1967
1968
1967
1968
1968
1966
1968
1923
1967
1968
1967
1967
1968
1968
1968
1969
1969
1968
1968
1968
1966
1967
1966
1968
1968
1967
1967
1968
1968
1969
1967
1968
1922
1923
1968
1966
1968
1968
1968
1962
1968
1969
1969
1968
1969
1968
1968
1967
1968
1967
1968
1967
1968
1967
1967
1969
1969
1968
1923
1923
1915
1923
1968
1968
1966
1968
1968
1966
1968
1968
1968
1968
1968
1968
1968
1968
1967
1968
1966
1967
1968
1968
1968
1966
1922
1923
1968
1968
1968
1966
1967
1968
1968
1966
1968
1968
1968
1968
1968
1968
1968
1968
1967
1968
1968
1967
1968
1968
1967
1914
1925
1925
1925
1923
1925
1921
1923
1921
1922
1922
1925
1922
1925
1919
1968
1968
1968
1968
1968
1968
1968
1968
1967
1968
1968
1963
1968
1925
1971
1969
1969
1968
1968
1967
1968
1968
1968
1965
1968
1968
1968
1968
1968
1969
1968
1968
1966
1968
1966
1966
1967
1966
1926
1920
1968
1981
1968
1968
1968
1967
1966
1966
1967
1965
1966
1965
1967
1966
1977
1967
1968
1965
1967
1965
1966
1965
1963
1965
1922
1927
1968
1969
1968
1968
1966
1968
1968
1967
1966
1964
1967
1966
1965
1965
1968
1965
1962
1967
1967
1966
1966
1968
1966
1966
1925
1921
1921
1967
1967
1981
1968
1967
1966
1968
1967
1967
1966
1965
1966
1968
1966
1967
1965
1968
1968
1968
1966
1966
1967
1967
1919
1922
1923
1926
1968
1967
1968
1966
1968
1967
1964
1965
1968
1966
1966
1966
1966
1967
1966
1965
1969
1968
1968
1968
1967
1966
1920
1921
1966
1966
1965
1965
1968
1966
1959
1968
1966
1968
1968
1968
1966
1965
1968
1967
1966
1967
1968
1966
1968
1968
1965
1968
1921
1951
1967
1965
1967
1966
1967
1967
1967
1968
1967
1968
1968
1968
1968
1966
1968
1967
1965
1967
1966
1967
1967
1968
1967
1967
1920
1920
1921
1921
1966
1966
1968
1966
1961
1967
1968
1968
1968
1966
1965
1968
1966
1965
1963
1966
1967
1967
1965
1968
1968
1966
1921
1921
1923
1920
1919
1920
1921
1925
1919
1923
1925
1922
1921
1922
1921
1922
1920
1922
1916
1920
1921
1922
1929
1919
1922
1920
1923
1911
1920
1922
1920
1922
1920
1921
1967
1968
1966
1967
1968
1968
1968
1968
1967
1968
1967
1966
1964
1965
1967
1967
1981
1968
1922
1927
1968
1963
1964
1966
1967
1961
1966
1966
1966
1968
1968
1967
1968
1968
1968
1967
1968
1966
1965
1965
1966
1967
1967
1967
1922
1954
1968
1968
1967
1969
1967
1968
1967
1968
1968
1967
1968
1968
1968
1969
1969
1967
1968
1966
1967
1968
1968
1968
1968
1968
1923
1968
1969
1968
1967
1968
1968
1968
1968
1968
1968
1968
1963
1968
1968
1968
1968
1971
1968
1968
1968
1968
1968
1967
1968
1921
1922
1968
1968
1968
1969
1968
1968
1968
1968
1966
1968
1968
1968
1966
1968
1967
1968
1973
1968
1967
1968
1968
1967
1967
1966
1922
1922
1924
1924
1925
1898
1969
1967
1968
1967
1966
1965
1968
1968
1967
1968
1968
1968
1968
1969
1968
1967
1968
1967
1968
1967
1967
1921
1923
1923
1968
1969
1968
1971
1968
1968
1968
1969
1967
1968
1967
1968
1967
1967
1968
1968
1971
1969
1969
1968
1968
1968
1968
1922
Packet received from server!
1945
1968C> left track: stop
1968
1967
1968
1968
1981
1968
1968
1968
1967
1968
1968
1968
1968
1968
1968
1967
1966
1968
1971
1966
1968
1966
1967
1921
1924
1922
1920
1968
1966
1967
1968, right track: stop
1966
1968
1968
1968
1968
1968
1968
1968
1968
1965
1967
1966
1968
1967
1977
1968
1968
1968
1922
1957
1967
1968
1967
1968
1966
1968
1968

1969
1968
1968
1968
1923
1920
1921
1920
1922
1923
1923
1923
1923
1927
1925
1923
1925
1924
1917
1968
1968
1968
1967
1966
1967
1964
1965
1968
1968
1968
1968
1968
1968
1968
1967
1967
1966
1968
1967
1967
1968
1968
1969
1924
1968
1968
1968
1967
1966
1968
1968
1967
1968
1967
1968
1968
1968
1970
1968
1968
1967
1968
1968
1967
1968
1965
1966
1968
1906
1921
1970
1969
1968
1966
1966
1966
1967
1966
1966
1965
1968
1966
1965
1967
1966
1966
1967
1965
1967
1966
1967
1966
1967
1965
1921
1923
1964
1968
1967
1966
1967
1968
1967
1965
1965
1963
1965
1966
1968
1975
1967
1967
1968
1966
1967
1965
1967
1966
1966
1966
1923
1923
1922
1970
1965
1968
1964
1967
1966
1963
1966
1967
1966
1967
1967
1967
1963
1975
1966
1967
1965
1968
1967
1968
1964
1936
1922
1922
1921
1967
1968
1967
1968
1966
1967
1965
1966
1966
1967
1966
1968
1967
1965
1967
1968
1968
1968
1968
1967
1968
1968
1964
1923
1967
1966
1966
1967
1968
1968
1968
1968
1967
1965
1967
1967
1966
1963
1965
1965
1968
1968
1968
1967
1965
1968
1968
1965
1910
1921
1966
1968
1966
1967
1969
1967
1968
1968
1968
1968
1968
1966
1965
1966
1967
1967
1967
1967
1968
1965
1967
1968
1967
1965
1920
1922
1910
1923
1968
1968
1968
1967
1967
1966
1967
1967
1967
1967
1968
1967
1968
1967
1966
1968
1966
1967
1965
1980
1967
1967
1922
1921
1922
1967
1965
1969
1966
1948
1921
1923
1922
1924
1923
1925
1920
1921
1920
1919
1920
1920
1922
1921
1924
1968
1968
1967
1968
1925
1966
1968
1966
1967
1965
1966
1968
1966
1967
1967
1967
1968
1968
1965
1968
1966
1966
1962
1966
1966
1967
1967
1962
1967
1922
1925
1965
1968
1966
1964
1966
1968
1966
1967
1968
1967
1965
1967
1968
1967
1968
1968
1968
1967
1966
1964
1966
1968
1963
1968
1925
1924
1969
1968
1968
1968
1968
1968
1968
1965
1965
1968
1968
1968
1968
1967
1968
1967
1967
1965
1966
1966
1965
1967
1968
1968
1923
1968
1968
1968
1968
1968
1968
1966
1967
1967
1967
1968
1967
1968
1968
1969
1967
1968
1968
1968
1967
1966
1967
1965
1968
1931
1927
1927
1918
1969
1967
1968
1968
1967
1968
1968
1968
1967
1968
1967
1968
1968
1973
1968
1967
1968
1968
1968
1966
1968
1968
1923
1927
1920
1924
1968
1975
1968
1968
1968
1967
1967
1968
1967
1968
1967
1969
1968
1968
1969
1968
1968
1968
1968
1968
1968
1967
1920
1924
1968
1967
1965
1968
1968
1968
1968
1968
1968
1968
1968
1966
1968
1967
1968
1968
1968
1968
1968
1968
1968
1968
1968
1968
1923
1925
1922
1922
1968
1967
1969
1968
1968
1968
1968
1969
1968
1968
1968
1968
1968
1967
1969
1968
1969
1968
1968
1969
1968
1968
1921
1968
1968
1968
1967
1967
1968
1970
1968
1968
1968
1968
1968
1968
1967
1968
1968
1966
1968
1966
1975
1968
1968
1968
1968
1921
1923
1920
1921
1921
1920
1923
1922
1922
1930
1923
1925
1923
1924
1924
1921
1925
1968
1968
1968
1968
1968
1968
1968
1968
1968
1938
1923
1968
1968
1968
1968
1967
1968
1968
1968
1969
1966
1969
1968
1968
1968
1968
1967
1968
1967
1967
1968
1968
1968
1968
1968
1925
1921
1967
1967
1968
1967
1968
1967
1968
1967
1966
1965
1969
1967
1967
1968
1968
1967
1963
1966
1965
1967
1967
1966
1966
1967
1920
1923
1967
1966
1966
1966
1965
1966
1964
1967
1966
1968
1967
1965
1966
1966
1967
1968
1967
1968
1966
1965
1963
1967
1967
1969
1921
1923
1923
1969
1968
1966
1967
1966
1967
1967
1965
1966
1967
1968
1967
1966
1968
1967
1968
1967
1967
1962
1965
1967
1966
1968
1920
1916
1925
1923
1967
1969
1968
1968
1966
1967
1966
1967
1967
1968
1967
1968
1968
1968
1968
1967
1965
1967
1966
1966
1965
1963
1922
1923
1963
1968
1968
1967
1967
1967
1967
1965
1965
1967
1964
1968
1966
1967
1968
1966
1966
1968
1966
1967
1965
1966
1964
1966
1920
1965
1966
1968
1967
1967
1966
1968
1968
1966
1965
1965
1966
1963
1968
1964
1961
1967
1966
1967
1968
1966
1968
1965
1967
1913
1920
1920
1921
1905
1967
1967
1968
1968
1967
1967
1967
1965
1965
1965
1965
1966
1967
1966
1968
1968
1967
1967
1965
1968
1965
1966
1921
1966
1968
1966
1966
1968
1968
1968
1967
1968
1967
1965
1967
1967
1966
1966
1965
1965
1966
1968
1966
1914
1922
1920
1920
1921
1919
1918
1920
1922
1920
1923
1915
1922
1923
1922
1922
1966
1968
1966
1968
1968
1966
1965
1966
1964
1967
1967
1968
1968
1968
1968
1920
1921
1967
1964
1967
1964
1965
1968
1966
1967
1967
1968
1967
1968
1967
1967
1966
1967
1966
1963
1965
1969
1968
1968
1968
1970
1919
1963
1968
1965
1968
1967
1967
1967
1968
1967
1968
1968
1969
1965
1968
1967
1967
1968
1967
1968
1967
1967
1969
1969
1966
1933
1922
1968
1969
1967
1968
1968
1966
1967
1968
1968
1967
1967
1968
1968
1967
1968
1968
1968
1967
1964
1967
1967
1968
1967
1968
1921
1926
1968
1968
1968
1965
1967
1967
1968
1968
1968
1968
1969
1968
1969
1968
1968
1968
1968
1967
1967
1967
1968
1968
1967
1968
1922
1919
1923
1968
1968
1968
1968
1967
1968
1968
1968
1968
1968
1968
1968
1967
1968
1968
1970
1969
1969
1968
1968
1968
1967
1969
1929
1969
1969
1970
1968
1970
1968
1968
1968
1968
1968
1970
1968
1968
1968
1970
1969
1970
1969
1968
1968
1967
1968
1968
1968
1923
1925
1969
1968
1970
1969
1968
1968
1969
1968
1968
1966
1968
1969
1968
1968
1968
1968
1970
1968
1968
1968
1968
1968
1971
1969
1921
1927
1920
1926
1968
1969
1968
1968
1969
1968
1969
1969
1969
1968
1968
1969
1968
1968
1968
1969
1968
1968
1969
1970
1968
1971
1920
1927
1968
1969
1968
1968
1968
1968
1968
1967
1967
1967
1966
1967
1967
1968
1903
1923
1925
1926
1925
1922
1925
1920
1923
1925
1923
1927
1921
1923
1923
1969
1967
1969
1968
1968
1967
1965
1967
1968
1966
1966
1967
1966
1968
1966
1968
1967
1966
1968
1967
1968
1921
1922
1966
1966
1964
1968
1968
1968
1967
1968
1968
1968
1967
1967
1965
1968
1967
1967
1968
1968
1968
1968
1968
1968
1968
1968
1921
1966
1965
1965
1967
1965
1964
1968
1966
1966
1969
1965
1965
1968
1967
1967
1965
1967
1964
1974
1967
1966
1968
1967
1968
1922
1922
1909
1920
1967
1966
1968
1965
1968
1967
1968
1965
1967
1965
1967
1965
1967
1965
1965
1965
1966
1967
1967
1967
1967
1967
1969
1922
1968
1968
1965
1965
1966
1965
1968
1965
1966
1968
1979
1968
1968
1968
1965
1965
1968
1966
1965
1966
1963
1966
1966
1968
1923
1922
1926
1924
1969
1968
1967
1965
1963
1964
1966
1966
1967
1968
1967
1968
1965
1965
1967
1966
1967
1963
1966
1965
1964
1964
1967
1922
1968
1968
1967
1968
1964
1968
1967
1967
1966
1965
1968
1968
1968
1968
1979
1968
1967
1967
1968
1963
1964
1967
1965
1967
1921
1926
1968
1968
1967
1968
1968
1968
1968
1966
1967
1965
1967
1966
1967
1964
1966
1968
1968
1968
1966
1967
1966
1966
1968
1968
1920
1920
1914
1920
1968
1968
1968
1967
1970
1967
1965
1965
1967
1965
1965
1966
1968
1968
1968
1967
1968
1968
1967
1968
1966
1967
1922
1924
1968
1968
1967
1965
1967
1968
1968
1967
1912
1923
1921
1922
1920
1924
1922
1921
1924
1925
1921
1921
1920
1911
1919
1968
1911
1922
1967
1968
1967
1968
1963
1968
1967
1968
1968
1969
1968
1966
1965
1967
1965
1966
1967
1968
1965
1968
1967
1968
1966
1965
1920
1920
1963
1965
1965
1968
1969
1968
1968
1967
1965
1967
1967
1967
1966
1965
1967
1965
1969
1969
1969
1968
1968
1968
1968
1968
1921
1958
1968
1968
1967
1968
1968
1968
1968
1968
1968
1968
1968
1968
1968
1968
1967
1968
1968
1968
1968
1971
1969
1969
1968
1936
1925
1968
1967
1967
1968
1967
1967
1968
1968
1971
1968
1968
1968
1968
1968
1968
1968
1968
1968
1967
1968
1968
1968
1968
1968
1925
1922
1967
1968
1968
1967
1968
1968
1968
1967
1967
1968
1971
1968
1968
1968
1967
1968
1967
1965
1968
1968
1968
1967
1968
1968
1922
1919
1923
1923
1968
1968
1967
1968
1968
1968
1966
1969
1969
1968
1973
1968
1968
1967
1968
1967
1968
1967
1968
1968
1968
1969
1925
1923
1968
1968
1968
1968
1968
1966
1968
1967
1967
1968
1968
1979
1968
1968
1968
1968
1968
1967
1968
1966
1967
1968
1967
1968
1927
1925
1925
1968
1969
1968
1968
1966
1965
1968
1967
1967
1968
1967
1968
1968
1968
1968
1969
1970
1968
1968
1968
1968
1967
1942
1920
1968
1968
1968
1970
1968
1968
1968
1968
1968
1967
1967
1967
1968
1968
1968
1971
1968
1968
1968
1968
1968
1964
1967
1967
1927
1925
1968
1969
1959
1922
1924
1923
1923
1922
1925
1922
1923
1926
1923
1926
1924
1929
1923
1923
1969
1965
1968
1968
1968
1968
1968
1923
1921
1968
1968
1968
1968
1968
1968
1968
1968
1967
1968
1968
1968
1967
1967
1968
1968
1968
1968
1966
1970
1968
1966
1968
1968
1922
1968
1968
1968
1966
1968
1966
1968
1968
1969
1967
1967
1965
1965
1965
1966
1965
1966
1967
1967
1967
1968
1967
1968
1966
1918
1921
1915
1920
1921
1924
1923
1922
1925
1927
1924
1925
1922
1920
1922
1921
1920
1921
1922
1920
1921
1922
1911
1925
1967
1967
1966
1921
1965
1965
1966
1966
1962
1967
1968
1968
1968
1967
1965
1965
1965
1965
1965
1967
1966
1968
1966
1967
1967
1968
1967
1968
1921
1928
1923
1920
1967
1967
1966
1967
1968
1967
1967
1967
1966
1968
1968
1967
1966
1964
1965
1963
1967
1965
1966
1968
1967
1968
1920
1954
1966
1967
1968
1964
1964
1962
1966
1966
1966
1967
1968
1966
1968
1965
1967
1965
1966
1966
1967
1968
1965
1968
1968
1970
1925
1968
1968
1968
1963
1968
1967
1966
1966
1967
1965
1965
1966
1968
1967
1966
1966
1966
1965
1967
1966
1966
1966
1967
1965
1918
1923
1925
1923
1968
1967
1967
1965
1966
1965
1966
1968
1968
1967
1967
1968
1968
1964
1968
1968
1967
1962
1965
1963
1966
1964
1922
1923
1967
1967
1967
1967
1966
1966
1965
1965
1963
1966
1965
1963
1967
1968
1968
1967
1968
1963
1968
1965
1962
1965
1911
1922
1921
1926
1925
1921
1920
1920
1922
1919
1922
1920
1920
1922
1919
1966
1966
1967
1968
1967
1967
1968
1967
1966
1967
1967
1965
1965
1920
1922
1966
1965
1966
1969
1966
1968
1967
1967
1964
1965
1963
1966
1966
1967
1963
1962
1968
1968
1968
1968
1967
1967
1967
1963
1921
1967
1968
1967
1971
1970
1970
1968
1968
1968
1968
1968
1968
1968
1968
1968
1968
1968
1968
1971
1968
1967
1968
1968
1968
1921
1923
1968
1968
1967
1968
1968
1969
1968
1968
1966
1968
1967
1967
1968
1964
1967
1968
1968
1968
1965
1969
1968
1968
1968
1968
1920
1920
1967
1967
1968
1962
1968
1968
1968
1968
1969
1968
1968
1968
1968
1967
1967
1967
1967
1967
1968
1966
1968
1968
1966
1968
1922
1925
1922
1967
1968
1968
1968
1969
1967
1969
1968
1968
1968
1968
1968
1968
1968
1968
1968
1968
1967
1972
1969
1968
1968
1970
1929
1968
1968
1968
1968
1968
1968
1968
1968
1966
1968
1968
1968
1968
1968
1968
1968
1967
1967
1968
1968
1968
1967
1968
1968
1921
1927
1968
1968
1969
1968
1968
1968
1967
1967
1968
1968
1968
1969
1969
1968
1968
1966
1967
1968
1968
1966
1967
1968
1968
1968
1920
1923
1924
1968
1968
1968
1969
1967
1968
1966
1967
1968
1968
1966
1967
1968
1967
1967
1967
1967
1966
1968
1968
1968
1968
1937
1926
1968
1968
1969
1968
1968
1968
1968
1968
1968
1966
1968
1968
1962
1968
1968
1968
1968
1917
1921
1922
1922
1923
1921
1927
1922
1927
1925
1922
1923
1925
1920
1923
1967
1967
1968
1968
1967
1968
1968
1968
1968
1968
1970
1968
1968
1968
1967
1968
1968
1968
1968
1926
1968
1968
1969
1968
1968
1968
1968
1966
1967
1969
1969
1967
1968
1967
1968
1970
1968
1968
1968
1968
1968
1966
1968
1968
1920
1923
1968
1966
1968
1965
1968
1968
1968
1967
1967
1966
1967
1963
1968
1966
1968
1966
1968
1968
1968
1967
1968
1967
1965
1963
1919
1955
1965
1966
1966
1965
1967
1966
1966
1967
1968
1968
1968
1965
1967
1963
1965
1968
1968
1969
1967
1968
1965
1967
1966
1967
1920
1909
1920
1967
1967
1968
1966
1979
1968
1968
1968
1968
1967
1967
1966
1964
1967
1967
1968
1968
1968
1968
1971
1968
1966
1967
1921
1923
1922
1966
1966
1968
1967
1968
1968
1968
1966
1968
1967
1968
1968
1965
1966
1967
1966
1966
1964
1966
1968
1966
1967
1967
1920
1967
1965
1966
1966
1967
1967
1968
1968
1968
1969
1967
1967
1968
1968
1966
1966
1967
1967
1968
1968
1968
1966
1968
1968
1921
1922
1968
1966
1965
1967
1967
1967
1967
1964
1967
1968
1968
1967
1965
1967
1968
1968
1965
1967
1966
1967
1968
1968
1967
1964
1921
1910
1925
1965
1968
1967
1968
1968
1966
1966
1966
1968
1963
1967
1967
1969
1966
1968
1966
1967
1967
1968
1965
1966
1962
1961
1923
1967
1967
1968
1965
1965
1967
1967
1963
1965
1966
1967
1914
1922
1921
1920
1921
1921
1920
1920
1920
1922
1921
1924
1922
1900
1925
1923
1967
1968
1968
1968
1965
1968
1968
1967
1965
1967
1967
1968
1968
1968
1968
1968
1967
1969
1968
1968
1965
1968
1968
1965
1922
1968
1966
1968
1967
1968
1968
1965
1968
1968
1968
1965
1968
1965
1968
1968
1967
1968
1966
1968
1968
1968
1969
1968
1968
1922
1925
1923
1926
1969
1969
1968
1968
1968
1968
1968
1968
1968
1967
1967
1968
1965
1968
1968
1968
1968
1970
1968
1967
1968
1968
1920
1968
1968
1968
1970
1969
1968
1968
1968
1968
1968
1968
1968
1968
1969
1968
1968
1968
1968
1968
1968
1969
1968
1968
1970
1969
1923
1968
1968
1968
1965
1968
1967
1970
1969
1968
1968
1968
1968
1967
1968
1968
1968
1968
1968
1969
1968
1968
1968
1969
1967
1923
1926
1921
1919
1968
1967
1968
1968
1968
1969
1968
1968
1968
1968
1968
1967
1968
1968
1968
1968
1968
1968
1972
1968
1969
1968
1923
1925
1969
1968
1967
1968
1969
1968
1968
1968
1968
1968
1968
1968
1968
1967
1968
1968
1967
1966
1968
1968
1968
1968
1968
1968
1926
1924
1924
1923
1968
1968
1968
1967
1969
1969
1968
1969
1969
1968
1967
1968
1968
1967
1968
1967
1968
1967
1970
1968
1968
1968
1924
1955
1967
1968
1968
1967
1967
1968
1968
1968
1968
1967
1969
1968
1968
1968
1968
1968
1968
1968
1968
1968
1967
1968
1969
1962
1923
1969
1968
1968
1968
1967
1937
1920
1926
1925
1926
1925
1927
1928
1926
1926
1925
1922
1922
1925
1924
1922
1968
1968
1966
1968
1920
1927
1969
1968
1969
1968
1968
1968
1968
1969
1968
1969
1968
1968
1969
1968
1968
1968
1968
1968
1968
1970
1968
1970
1969
1968
1925
1931
1968
1970
1970
1968
1970
1968
1970
1968
1968
1968
1969
1968
1968
1968
1968
1967
1968
1968
1968
1968
1968
1968
1968
1968
1923
1968
1968
1969
1968
1968
1967
1968
1968
1967
1967
1967
1968
1968
1968
1968
1968
1968
1968
1969
1968
1968
1968
1967
1968
1920
1925
1927
1925
1968
1969
1968
1968
1968
1968
1968
1967
1968
1968
1967
1968
1968
1968
1967
1968
1968
1968
1968
1968
1969
1968
1921
1925
1968
1968
1968
1968
1968
1968
1967
1968
1966
1966
1966
1967
1967
1965
1968
1965
1978
1965
1967
1967
1967
1965
1965
1967
1920
1920
1921
1967
1967
1968
1967
1968
1968
1966
1968
1967
1968
1967
1966
1966
1967
1966
1965
1968
1967
1968
1967
1968
1968
1968
1921
1968
1967
1965
1967
1964
1965
1965
1968
1968
1968
1967
1965
1966
1967
1963
1966
1964
1966
1968
1968
1968
1967
1967
1966
1921
1922
1922
1922
1966
1965
1967
1965
1967
1968
1968
1968
1969
1967
1968
1967
1965
1968
1966
1967
1966
1968
1969
1967
1968
1968
1911
1925
1967
1967
1967
1967
1967
1968
1967
1968
1968
1967
1967
1968
1968
1966
1967
1967
1966
1965
1966
1967
1968
1965
1968
1975
1921
1921
1922
1920
1920
1919
1922
1921
1923
1921
1922
1922
1923
1923
1923
1922
1967
1968
1968
1967
1966
1966
1968
1967
1965
1968
1923
1969
1968
1967
1968
1968
1965
1965
1966
1968
1968
1968
1968
1967
1968
1968
1967
1966
1966
1966
1968
1967
1968
1965
1968
1920
1923
1968
1967
1967
1968
1968
1967
1968
1968
1965
1968
1967
1968
1968
1968
1968
1969
1970
1968
1967
1968
1967
1968
1968
1968
1925
1968
1969
1968
1968
1968
1966
1968
1967
1967
1966
1967
1970
1968
1968
1973
1968
1968
1964
1968
1968
1967
1965
1967
1968
1919
1926
1968
1968
1972
1967
1968
1967
1969
1968
1966
1963
1968
1968
1968
1967
1968
1968
1968
1968
1968
1968
1968
1968
1967
1966
1920
1925
1927
1966
1967
1968
1968
1968
1968
1967
1968
1967
1967
1967
1967
1968
1968
1967
1970
1968
1968
1968
1968
1968
1968
1968
1920
1955
1971
1968
1970
1968
1967
1969
1968
1967
1968
1968
1968
1966
1968
1968
1968
1968
1968
1969
1971
1968
1968
1968
1968
1968
1925
1968
1966
1968
1968
1967
1968
1968
1968
1969
1968
1968
1968
1968
1966
1968
1968
1968
1969
1968
1969
1963
1968
1968
1968
1923
1924
1920
1921
1968
1967
1968
1969
1968
1969
1968
1971
1969
1968
1967
1967
1967
1967
1968
1967
1968
1968
1963
1971
1970
1968
1917
1924
1968
1969
1967
1968
1967
1968
1968
1968
1968
1968
1968
1968
1968
1968
1964
1968
1968
1967
1968
1968
1927
1923
1925
1925
1927
1923
1924
1922
1920
1921
1925
1927
1927
1923
1925
1967
1968
1967
1968
1968
1968
1968
1968
1968
1967
1968
1968
1968
1970
1968
1968
1926
1955
1968
1968
1968
1967
1968
1968
1967
1968
1968
1968
1968
1971
1969
1968
1968
1968
1968
1968
1968
1966
1967
1968
1969
1968
1934
1967
1968
1968
1968
1964
1968
1967
1967
1966
1968
1967
1965
1968
1969
1967
1968
1968
1967
1966
1965
1965
1966
1967
1965
1925
1924
1968
1967
1967
1968
1966
1967
1968
1967
1967
1966
1967
1968
1967
1968
1968
1967
1968
1967
1967
1968
1967
1967
1967
1967
1920
1926
1923
1962
1968
1968
1968
1968
1967
1968
1967
1968
1965
1967
1968
1967
1966
1970
1968
1968
1968
1967
1967
1967
1966
1964
1921
1924
1921
1966
1969
1968
1967
1968
1968
1968
1967
1965
1965
1965
1968
1968
1967
1979
1968
1968
1968
1968
1968
1965
1965
1965
1919
1955
1968
1967
1968
1963
1968
1968
1966
1966
1967
1966
1968
1967
1967
1966
1967
1968
1968
1961
1968
1967
1965
1968
1968
1967
1919
1966
1967
1967
1967
1968
1967
1965
1967
1965
1967
1967
1967
1967
1967
1966
1967
1969
1968
1968
1968
1968
1966
1968
1959
1920
1922
1923
1922
1967
1968
1965
1968
1967
1967
1968
1968
1968
1965
1966
1965
1967
1967
1967
1967
1968
1967
1968
1968
1968
1967
1922
1921
1968
1967
1967
1966
1968
1966
1968
1966
1967
1966
1968
1968
1968
1967
1922
1922
1920
1921
1923
1923
1923
1927
1926
1922
1922
1921
1921
1921
1920
1965
1966
1965
1967
1966
1967
1966
1968
1968
1967
1966
1963
1968
1968
1959
1965
1966
1967
1968
1968
1966
1920
1925
1968
1967
1964
1966
1966
1966
1966
1967
1966
1966
1968
1966
1968
1968
1966
1967
1967
1965
1965
1968
1968
1968
1980
1968
1925
1926
1969
1968
1968
1968
1968
1968
1968
1968
1968
1968
1969
1974
1970
1969
1969
1967
1967
1970
1968
1968
1968
1968
1968
1967
1923
1968
1970
1968
1968
1969
1968
1968
1967
1967
1968
1968
1968
1968
1968
1968
1969
1969
1968
1968
1968
1968
1967
1968
1968
1910
1925
1968
1968
1968
1969
1968
1968
1968
1965
1966
1968
1968
1968
1968
1968
1967
1968
1968
1969
1968
1967
1968
1968
1967
1968
1923
1936
1926
1968
1968
1968
1968
1968
1967
1968
1967
1967
1966
1968
1968
1968
1968
1969
1968
1969
1968
1968
1969
1967
1968
1966
1924
1954
1968
1968
1968
1968
1968
1968
1968
1968
1967
1968
1968
1968
1967
1968
1964
1968
1969
1968
1968
1967
1968
1967
1967
1966
1923
1968
1968
1968
1968
1967
1967
1968
1968
1968
1968
1968
1968
1966
1967
1968
1966
1968
1968
1969
1968
1968
1968
1968
1967
1922
1925
1921
1921
1968
1968
1968
1968
1968
1968
1968
1968
1968
1968
1968
1968
1967
1968
1968
1969
1969
1968
1969
1968
1967
1968
1938
1925
1967
1968
1968
1968
1968
1968
1969
1968
1914
1921
1920
1923
1923
1922
1920
1922
1923
1923
1923
1927
1922
1918
1926
1970
1968
1925
1922
1967
1966
1968
1968
1968
1968
1970
1968
1968
1968
1968
1968
1966
1967
1968
1967
1966
1967
1968
1967
1968
1968
1968
1968
1921
1947
1968
1968
1968
1968
1968
1967
1968
1968
1968
1968
1967
1967
1968
1964
1965
1967
1965
1965
1968
1968
1966
1967
1966
1967
1921
1965
1968
1968
1967
1964
1965
1968
1967
1967
1965
1968
1968
1967
1968
1965
1967
1967
1965
1965
1967
1968
1967
1968
1968
1920
1925
1923
1922
1968
1968
1968
1966
1967
1967
1965
1967
1968
1968
1968
1965
1967
1967
1966
1967
1967
1967
1966
1966
1963
1967
1934
1923
1968
1968
1968
1967
1965
1967
1968
1965
1965
1966
1968
1967
1968
1967
1968
1963
1965
1967
1968
1967
1964
1965
1965
1965
1931
1923
1921
1956
1968
1968
1968
1966
1966
1966
1963
1964
1966
1965
1967
1967
1969
1967
1967
1967
1967
1966
1967
1965
1963
1966
1920
1952
1968
1966
1967
1967
1968
1967
1968
1967
1968
1966
1965
1966
1968
1968
1966
1968
1967
1966
1967
1962
1965
1967
1965
1966
1921
1925
1922
1921
1968
1967
1968
1968
1968
1966
1967
1968
1966
1966
1968
1965
1968
1965
1965
1968
1968
1968
1964
1967
1966
1967
1920
1923
1967
1967
1966
1968
1968
1968
1968
1965
1967
1968
1966
1968
1967
1967
1968
1967
1967
1968
1967
1968
1965
1966
1967
1964
1921
1923
1963
1967
1910
1916
1920
1926
1923
1922
1922
1920
1923
1920
1920
1920
1921
1920
1922
1967
1968
1966
1967
1967
1968
1968
1920
1926
1967
1968
1965
1967
1967
1966
1967
1967
1968
1967
1968
1968
1967
1967
1967
1966
1965
1967
1968
1968
1967
1966
1968
1968
1923
1952
1966
1966
1965
1966
1967
1968
1966
1968
1971
1968
1968
1969
1967
1968
1968
1966
1968
1968
1966
1968
1968
1968
1968
1967
1923
1968
1968
1968
1967
1968
1965
1968
1968
1967
1968
1969
1968
1968
1966
1968
1967
1968
1967
1968
1967
1968
1973
1968
1966
1923
1926
1968
1968
1968
1968
1968
1967
1968
1968
1969
1971
1968
1971
1968
1968
1968
1968
1968
1968
1966
1968
1968
1968
1968
1968
1924
1925
1922
1923
1967
1967
1969
1968
1967
1966
1967
1967
1968
1968
1968
1967
1968
1968
1967
1968
1968
1968
1968
1968
1967
1968
1924
1927
1968
1967
1968
1968
1968
1967
1968
1966
1968
1968
1968
1968
1968
1968
1968
1968
1967
1968
1968
1968
1968
1968
1968
1966
1921
1951
1968
1968
1968
1968
1968
1968
1968
1966
1966
1968
1968
1968
1968
1968
1968
1968
1968
1968
1968
1967
1967
1967
1968
1968
1923
1929
1924
1923
1968
1968
1968
1966
1968
1968
1968
1967
1967
1968
1968
1967
1968
1968
1968
1968
1968
1968
1968
1967
1968
1967
1923
1956
1968
1968
1966
1968
1968
1968
1968
1968
1967
1966
1968
1967
1968
1968
1968
1968
1969
1970
1969
1969
1968
1941
1921
1922
1925
1925
1925
1923
1925
1927
1923
1923
1927
1923
1924
1922
1925
1968
1968
1968
1967
1967
1968
1968
1966
1970
1968
1966
1968
1968
1922
1920
1968
1968
1968
1967
1968
1968
1968
1968
1968
1968
1968
1968
1968
1968
1965
1967
1968
1968
1962
1966
1968
1970
1968
1968
1925
1937
1967
1967
1965
1966
1967
1966
1969
1968
1967
1968
1967
1966
1965
1965
1963
1966
1968
1965
1967
1967
1968
1966
1966
1968
1920
1968
1966
1966
1967
1965
1967
1968
1966
1968
1970
1968
1968
1968
1966
1968
1967
1966
1967
1966
1966
1968
1968
1968
1968
1923
1923
1920
1922
1967
1966
1965
1966
1967
1964
1965
1968
1966
1967
1968
1966
1968
1966
1967
1967
1963
1966
1968
1967
1968
1968
1942
1922
1923
1923
1967
1966
1966
1965
1968
1967
1968
1966
1966
1969
1969
1968
1968
1967
1966
1966
1968
1967
1967
1963
1967
1968
1974
1920
1968
1968
1969
1968
1967
1966
1968
1968
1966
1968
1968
1967
1968
1968
1967
1968
1968
1968
1968
1967
1968
1967
1968
1967
1916
1926
1968
1968
1968
1968
1968
1968
1967
1968
1968
1968
1968
1967
1968
1968
1968
1968
1968
1967
1968
1968
1968
1968
1966
1968
1922
1923
1912
1923
1969
1968
1969
1968
1968
1968
1968
1967
1968
1968
1969
1968
1968
1968
1968
1968
1967
1968
1968
1968
1968
1968
1922
1923
1968
1968
1968
1968
1968
1968
1968
1968
1968
1968
1968
1968
1966
1968
1968
1968
1913
1925
1920
1923
1923
1923
1922
1925
1911
1925
1926
1926
1922
1923
1922
1968
1968
1968
1967
1966
1968
1967
1967
1967
1967
1968
1974
1968
1968
1967
1965
1966
1968
1965
1919
1923
1967
1967
1968
1963
1968
1967
1967
1964
1967
1968
1966
1966
1966
1965
1966
1967
1966
1968
1968
1968
1969
1968
1966
1968
1923
1925
1968
1967
1966
1968
1968
1968
1968
1968
1968
1968
1968
1967
1967
1968
1968
1969
1967
1968
1958
1970
1968
1968
1968
1968
1921
1968
1968
1968
1967
1968
1968
1967
1969
1968
1968
1968
1968
1967
1968
1968
1967
1967
1968
1967
1969
1965
1970
1968
1968
1926
1927
1968
1968
1966
1968
1968
1968
1968
1977
1968
1972
1968
1968
1968
1967
1968
1967
1967
1966
1967
1968
1968
1968
1969
1968
1922
1922
1922
1968
1967
1967
1968
1967
1968
1968
1967
1967
1968
1968
1968
1968
1968
1968
1965
1966
1963
1968
1967
1968
1968
1968
1922
1968
1968
1968
1968
1968
1967
1968
1968
1968
1967
1968
1968
1968
1971
1968
1967
1968
1967
1968
1968
1968
1968
1968
1962
1915
1926
1968
1968
1968
1968
1967
1967
1968
1968
1968
1966
1968
1968
1967
1968
1968
1968
1968
1968
1968
1968
1968
1968
1968
1968
1921
1923
1925
1924
1968
1968
1965
1967
1968
1967
1968
1968
1966
1968
1966
1970
1969
1969
1968
1968
1968
1967
1967
1968
1967
1968
1920
1923
1924
1922
1925
1921
1926
1922
1925
1922
1923
1921
1927
1921
1920
1921
1926
1923
1924
1925
1922
1922
1923
1923
1921
1921
1920
1925
1968
1968
1967
1968
1968
1968
1968
1968
1969
1968
1968
1968
1968
1967
1967
1968
1969
1969
1968
1968
1968
1967
1967
1968
1922
1968
1969
1968
1967
1968
1968
1968
1968
1968
1968
1968
1968
1966
1967
1967
1966
1967
1968
1968
1968
1968
1966
1966
1966
1919
1919
1967
1966
1965
1965
1968
1964
1958
1968
1967
1964
1965
1966
1964
1967
1965
1966
1966
1967
1966
1965
1967
1967
1966
1967
1918
1923
1920
1920
1967
1966
1967
1966
1968
1968
1965
1968
1967
1967
1968
1962
1966
1967
1966
1967
1967
1968
1963
1963
1967
1968
1922
1923
1968
1967
1966
1965
1968
1967
1966
1968
1965
1967
1967
1968
1966
1965
1965
1967
1962
1966
1964
1966
1974
1968
1968
1968
1919
1920
1922
1923
1965
1963
1967
1966
1966
1965
1966
1966
1967
1967
1968
1965
1967
1964
1966
1966
1968
1964
1967
1965
1968
1968
1920
1922
1967
1966
1967
1968
1966
1965
1967
1967
1968
1968
1968
1968
1967
1967
1965
1968
1966
1967
1964
1967
1966
1967
1967
1968
1921
1921
1930
1924
1968
1967
1966
1966
1968
1968
1966
1966
1968
1968
1968
1968
1965
1968
1968
1967
1968
1965
1966
1963
1968
1968
1923
1925
1968
1967
1968
1966
1968
1963
1967
1966
1966
1966
1966
1967
1968
1967
1968
1963
1967
1966
1967
1966
1966
1967
1967
1961
1921
1951
1973
1968
1968
1966
1909
1920
1922
1921
1925
1920
1920
1923
1926
1920
1925
1923
1924
1915
1923
1968
1968
1968
1965
1966
1950
1920
1975
1968
1968
1968
1968
1968
1966
1968
1968
1966
1963
1967
1968
1967
1965
1968
1967
1967
1968
1968
1966
1967
1968
1966
1920
1922
1915
1927
1927
1925
1923
1921
1922
1925
1920
1926
1927
1920
1923
1919
1923
1968
1968
1969
1969
1969
1969
1968
1968
1968
1967
1924
1923
1967
1968
1968
1968
1968
1970
1968
1968
1968
1967
1968
1968
1968
1968
1968
1969
1968
1968
1968
1968
1968
1968
1969
1968
1923
1968
1967
1968
1968
1967
1970
1965
1968
1968
1968
1968
1968
1968
1968
1967
1967
1967
1968
1969
1968
1967
1968
1967
1968
1924
1923
1925
1925
1967
1968
1968
1968
1970
1968
1968
1968
1968
1968
1968
1968
1966
1968
1968
1963
1968
1977
1971
1968
1967
1969
1923
1921
1968
1968
1968
1967
1967
1968
1968
1968
1968
1968
1967
1971
1968
1968
1967
1967
1968
1966
1968
1968
1968
1968
1968
1968
1922
1968
1968
1967
1968
1966
1965
1969
1968
1967
1968
1968
1968
1968
1968
1968
1968
1968
1967
1968
1967
1968
1968
1968
1968
1936
1925
1923
1922
1920
1968
1968
1968
1966
1968
1968
1968
1968
1968
1968
1969
1968
1967
1969
1968
1967
1968
1968
1968
1968
1968
1967
1922
1968
1968
1968
1967
1967
1966
1968
1967
1968
1968
1969
1967
1974
1970
1968
1968
1968
1968
1968
1968
1968
1967
1968
1968
1921
1919
1925
1923
1924
1926
1922
1923
1920
1922
1920
1924
1922
1924
1927
1923
1969
1968
1968
1966
1967
1968
1968
1968
1968
1967
1967
1921
1968
1968
1968
1972
1968
1968
1968
1968
1966
1968
1968
1967
1968
1968
1970
1968
1968
1968
1970
1968
1968
1966
1967
1968
1920
1925
1970
1969
1968
1966
1968
1968
1964
1967
1967
1962
1968
1966
1968
1967
1968
1967
1968
1968
1967
1966
1966
1966
1966
1965
1920
1920
1967
1966
1967
1968
1968
1968
1966
1965
1965
1967
1967
1965
1967
1967
1967
1967
1968
1962
1966
1967
1968
1965
1967
1966
1920
1921
1920
1968
1968
1967
1970
1966
1967
1968
1968
1967
1966
1967
1965
1966
1968
1965
1967
1968
1966
1967
1966
1967
1964
1968
1922
1920
1920
1920
1967
1965
1959
1968
1967
1967
1968
1968
1967
1968
1963
1966
1967
1967
1966
1966
1966
1969
1968
1968
1967
1968
1920
1925
1968
1967
1966
1963
1965
1968
1967
1967
1966
1967
1969
1965
1968
1967
1965
1967
1967
1964
1967
1967
1968
1968
1967
1968
1921
1968
1965
1966
1965
1965
1968
1967
1967
1969
1969
1967
1967
1967
1966
1968
1967
1966
1968
1963
1966
1967
1968
1966
1968
1934
1923
1924
1922
1909
1967
1966
1968
1966
1966
1969
1965
1968
1968
1968
1967
1966
1965
1968
1966
1963
1965
1967
1965
1963
1968
1968
1919
1968
1966
1968
1966
1965
1966
1966
1967
1967
1967
1968
1966
1968
1967
1965
1968
1965
1967
1967
1910
1919
1921
1921
1921
1934
1921
1914
1923
1922
1921
1921
1920
1921
1920
1967
1967
1967
1967
1968
1967
1968
1968
1968
1966
1968
1968
1967
1965
1967
1968
1967
1922
1967
1968
1967
1966
1967
1967
1967
1967
1965
1963
1968
1963
1967
1969
1968
1968
1967
1968
1966
1968
1967
1967
1967
1968
1921
1928
1968
1969
1967
1968
1969
1967
1968
1967
1965
1964
1968
1967
1968
1968
1966
1968
1968
1968
1968
1967
1968
1967
1968
1967
1921
1922
1969
1966
1968
1971
1968
1968
1968
1968
1968
1968
1968
1968
1967
1968
1968
1968
1970
1968
1968
1968
1968
1968
1962
1968
1926
1967
1968
1968
1967
1967
1974
1966
1968
1968
1968
1968
1968
1967
1968
1968
1968
1969
1970
1969
1974
1967
1967
1968
1968
1920
1923
1923
1922
1968
1968
1968
1968
1969
1968
1968
1968
1968
1970
1967
1968
1968
1968
1968
1968
1968
1968
1970
1968
1969
1968
1967
1924
1968
1967
1967
1966
1968
1968
1968
1968
1969
1970
1968
1968
1968
1968
1968
1968
1967
1968
1969
1968
1968
1966
1969
1968
1921
1926
1968
1968
1968
1967
1967
1968
1968
1969
1968
1968
1967
1968
1968
1968
1968
1968
1968
1968
1968
1968
1968
1969
1968
1968
1925
1922
1915
1923
1968
1968
1968
1968
1968
1968
1966
1970
1968
1968
1968
1968
1967
1968
1967
1965
1968
1968
1966
1967
1969
1969
1923
1925
1968
1968
1968
1968
1968
1968
1968
1968
1968
1969
1968
1968
1967
1922
1924
1924
1923
1922
1923
1926
1923
1923
1925
1927
1927
1925
1925
1925
1968
1968
1968
1966
1967
1967
1968
1968
1968
1968
1968
1968
1968
1968
1968
1968
1968
1968
1968
1967
1968
1967
1921
1923
1968
1968
1968
1966
1965
1969
1967
1968
1968
1967
1967
1968
1968
1968
1967
1968
1965
1967
1967
1966
1964
1967
1967
1966
1920
1955
1968
1968
1967
1968
1968
1968
1967
1968
1968
1966
1968
1968
1968
1967
1968
1967
1968
1968
1968
1968
1968
1968
1966
1965
1925
1913
1925
1968
1969
1968
1968
1967
1967
1966
1967
1965
1966
1966
1965
1968
1967
1967
1968
1968
1968
1966
1967
1965
1967
1967
1925
1963
1967
1968
1967
1968
1967
1965
1966
1965
1967
1966
1966
1966
1967
1966
1967
1966
1967
1968
1965
1968
1967
1965
1968
1921
1921
1923
1923
1968
1967
1968
1968
1966
1968
1967
1966
1967
1968
1965
1966
1965
1963
1967
1967
1967
1968
1968
1967
1967
1968
1966
1919
1963
1968
1967
1967
1967
1965
1968
1968
1968
1968
1967
1967
1968
1966
1966
1967
1967
1965
1968
1968
1966
1968
1966
1967
1919
1923
1921
1920
1968
1965
1967
1967
1963
1967
1966
1967
1967
1968
1968
1965
1967
1967
1967
1967
1968
1967
1967
1967
1967
1967
1920
1921
1967
1967
1967
1966
1966
1963
1968
1964
1968
1968
1967
1967
1967
1966
1966
1965
1967
1967
1965
1966
1967
1966
1968
1968
1924
1968
1965
1967
1967
1966
1966
1968
1968
1911
1923
1920
1925
1921
1921
1921
1920
1922
1920
1922
1920
1922
1921
1923
1967
1968
1923
1916
1968
1968
1967
1967
1967
1967
1965
1968
1968
1966
1966
1967
1968
1967
1968
1967
1967
1963
1967
1968
1966
1965
1966
1968
1920
1965
1967
1967
1968
1968
1967
1968
1968
1967
1968
1968
1968
1968
1968
1969
1968
1968
1970
1968
1968
1969
1968
1968
1968
1925
1924
1968
1968
1970
1968
1968
1968
1968
1968
1968
1971
1968
1968
1969
1969
1969
1968
1969
1968
1968
1968
1968
1968
1968
1968
1925
1923
1968
1968
1968
1968
1968
1968
1968
1968
1968
1968
1968
1970
1968
1968
1969
1969
1969
1968
1969
1969
1968
1968
1970
1968
1922
1970
1970
1968
1970
1968
1970
1969
1970
1970
1969
1968
1969
1968
1969
1968
1968
1968
1971
1968
1968
1968
1968
1969
1968
1924
1925
1931
1917
1919
1918
1919
1919
1898
1853
1809
1770
1737
1719
1713
1732
1769
1840
1903
1991
2122
2252
2426
2610
2800
3001
3170
3193
3241
3255
3110
2907
2704
2493
2303
2158
2021
1923
1863
1825
1808
1809
1840
1898
1984
2127
2327
2576
2881
3194
3440
3490
3484
3314
3046
2730
2479
2240
2064
1952
1915
1935
2005
2155
2370
2665
3010
3376
3503
3517
3505
3441
3127
2752
2429
2179
1999
1898
1815
1792
1853
1905
2013
2174
2398
2663
2939
3182
3318
3298
3125
2833
2524
2252
2061
1926
1846
1808
1814
1857
1966
2146
2416
2755
3082
3374
3408
3413
3366
3078
2717
2382
2122
1958
1879
1874
1971
2167
2448
2788
3200
3417
3511
3507
3391
3001
2611
2288
2057
1915
1850
1796
1823
1941
2089
2313
2611
2925
3183
3306
3231
2963
2631
2327
2096
1936
1845
1808
1813
1862
2000
2233
2578
2974
3361
3494
3475
3138
2775
2395
2132
1973
1913
1951
2101
2396
2779
3234
3502
3520
3483
3081
2582
2221
1984
1863
1837
1882
2001
2210
2512
2857
3117
3251
3237
2946
2623
2282
2033
1893
1815
1807
1843
1953
2170
2499
2907
3316
3486
3482
3273
2871
2468
2176
1997
1920
1925
2029
2203
2557
2869
3265
3502
3521
3503
3271
2800
2389
2101
1938
1854
1839
1875
1984
2174
2435
2731
3040
3274
3296
3109
2788
2475
2217
1969
1853
1786
1751
1823
1884
2026
2257
2589
2978
3371
3487
3472
3232
2832
2458
2161
1987
1915
1935
2058
2301
2670
3115
3473
3515
3425
3293
2894
2455
2142
1952
1859
1838
1869
1965
2139
2405
2736
3050
3269
3278
3047
2704
2352
2099
1936
1841
1810
1824
1904
2071
2288
2688
3095
3437
3472
3243
2832
2429
2124
1954
1910
1991
2191
2523
2944
3395
3517
3511
3425
2960
2512
2169
1961
1857
1840
1842
1946
2159
2453
2847
3163
3313
3225
2931
2639
2246
2015
1886
1820
1807
1840
1949
2162
2481
2869
3277
3485
3491
3328
2915
2521
2247
2017
1936
1909
1985
2177
2496
2883
3325
3507
3515
3473
3088
2638
2298
2044
1904
1842
1843
1907
2043
2255
2549
2746
3056
3233
3215
2995
2667
2339
2086
1907
1809
1770
1775
1823
1952
2180
2559
2989
3367
3489
3473
3209
2782
2393
2119
1967
1911
1949
2096
2373
2608
3049
3472
3511
3505
3311
2806
2385
2100
1934
1853
1840
1889
2021
2224
2509
2834
3149
3309
3216
2913
2559
2246
2020
1908
1819
1767
1856
1989
2243
2605
3067
3451
3491
3375
2938
2480
2160
1969
1915
1964
2139
2482
2940
3409
3513
3517
3429
2931
2466
2138
1902
1813
1840
1872
1968
2158
2435
2768
3088
3289
3277
3039
2706
2363
2119
1947
1852
1808
1817
1890
2053
2320
2672
3111
3459
3504
3312
2958
2608
2283
2059
1933
1920
1998
2187
2487
2897
3346
3506
3514
3482
3153
2699
2317
2062
1911
1851
1842
1894
2000
2202
2487
2758
3062
3241
3281
3089
2761
2415
2143
1958
1856
1808
1810
1865
2000
2250
2597
2999
3392
3496
3451
Packet received from server!
C> left track: backward, right track: backward
Packet received from server!
C> left track: stop, right track: stop
Packet received from server!
C> left track: forward, right track: forward
Packet received from server!
C> left track: stop, right track: stop
Packet received from server!
C> left track: forward, right track: forward
Packet received from server!
C> left track: stop, right track: stop
2213
2222
2222
2219
2262
2263
2263
2262
2260
2263
2263
2263
2265
2262
2265
2261
2265
2266
2263
2265
2266
2219
2223
2263
2268
2267
2267
2265
2265
2263
2262
2257
2260
2260
2261
2261
2257
2259
2262
2257
2263
2261
2262
2259
2261
2257
2256
2211
2214
2259
2257
2258
2258
2261
2259
2261
2262
2258
2259
2258
2259
2259
2256
2257
2258
2259
2259
2259
2261
2259
2258
2259
2259
2211
2213
2210
2258
2258
2259
2261
2260
2259
2262
2261
2259
2261
2261
2259
2257
2257
2257
2259
2262
2259
2257
2261
2262
2260
2259
2211
2211
2258
2259
2258
2256
2260
2261
2261
2258
2262
2258
2262
2261
2259
2258
2259
2258
2256
2258
2257
2260
2261
2260
2261
2259
2211
2215
2213
2257
2259
2257
2259
2256
2257
2260
2257
2258
2262
2259
2262
2261
2259
2258
2256
2258
2257
2256
2259
2257
2262
2211
2215
2261
2258
2259
2260
2257
2258
2256
2256
2257
2259
2259
2260
2258
2257
2257
2261
2258
2257
2259
2258
2257
2256
2261
2259
2211
2215
2263
2259
2258
2256
2256
2258
2256
2256
2258
2258
2256
2261
2260
2262
2260
2260
2258
2257
2259
2256
2258
2257
2261
2262
2215
2218
2215
2216
2258
2259
2258
2257
2258
2257
2256
2261
2261
2257
2258
2260
2259
2258
2262
2258
2259
2258
2256
2256
2259
2258
2213
2215
2262
2262
2259
2256
2258
2260
2257
2256
2260
2256
2257
2259
2218
2211
2215
2214
2218
2214
2211
2218
2214
2210
2217
2220
2213
2218
2219
2263
2258
2263
2260
2263
2259
2260
2259
2256
2257
2256
2257
2259
2261
2260
2260
2257
2259
2257
2259
2259
2256
2256
2211
2213
2259
2263
2258
2256
2260
2261
2259
2259
2259
2256
2258
2258
2257
2261
2261
2256
2263
2259
2265
2262
2263
2262
2262
2258
2217
2260
2260
2260
2258
2259
2261
2262
2263
2258
2262
2262
2261
2261
2259
2261
2263
2262
2263
2263
2265
2261
2261
2262
2259
2215
2217
2261
2262
2261
2259
2260
2257
2266
2262
2258
2262
2262
2260
2259
2260
2259
2259
2261
2261
2263
2262
2262
2261
2261
2261
2221
2217
2262
2261
2263
2263
2256
2266
2261
2265
2263
2259
2259
2263
2260
2257
2260
2260
2258
2260
2263
2269
2261
2260
2263
2262
2215
2218
2207
2209
2205
2205
2204
2197
2156
2108
2043
1986
1937
1892
1856
1831
1851
1841
1838
1843
1859
1884
1924
1983
2064
2160
2197
2339
2551
2741
2928
3134
3344
3472
3502
3515
3519
3516
3495
3426
3222
2994
2769
2547
2368
2213
2087
1995
1941
1911
1921
1953
1968
2091
2193
2371
2599
2853
3112
3360
3474
3488
3475
3362
3121
2832
2550
2308
2126
1978
1885
1833
1809
1813
1844
1904
2009
2161
2311
2595
2810
3069
3258
3291
3178
2934
2677
2414
2188
2018
1909
1847
1841
1872
1968
2147
2413
2774
3210
3493
3511
3504
3383
2985
2547
2297
2079
1946
1914
1942
2064
2255
2410
2755
3106
3386
3408
3367
3096
2715
2368
2094
1905
1807
1770
1773
1805
1901
2032
2245
2405
2723
3033
3289
3264
3036
2704
2370
2128
1956
1865
1837
1872
1977
2179
2500
2890
3344
3521
3520
3503
3258
2848
2458
2174
1984
1870
1853
1953
2099
2349
2691
3071
3429
3498
3493
3355
2963
2590
2263
2032
1889
1819
1805
1835
1903
2032
2240
2531
2867
3159
3311
3181
3009
2732
2420
2177
2003
1889
1847
1842
1883
1988
2204
2511
2927
3427
3521
3538
3532
3475
3011
2559
2219
1993
1875
1856
1875
2035
2234
2607
2991
3431
3515
3525
3459
3025
2603
2235
2011
1872
1810
1802
1837
1920
2086
2330
2672
3033
3312
3329
3106
2769
2384
2155
1938
1846
1835
1813
1851
1968
2222
2660
3253
3531
3536
3535
3442
2845
2337
2025
1872
1849
1937
2151
2512
2986
3458
3520
3506
3289
2863
2411
2104
1909
1819
1797
1827
1906
2069
2305
2622
2977
3250
3308
3117
2785
2432
2162
1959
1841
1776
1792
1908
2131
2374
2676
3183
3490
3518
3501
3341
2925
2531
2222
2003
1921
1924
2009
2211
2507
2889
3290
3479
3477
3317
2941
2537
2214
1995
1874
1772
1769
1801
1871
2022
2254
2546
2885
3181
3318
3210
2925
2607
2306
2078
1926
1840
1818
1847
1949
2161
2480
2928
3459
3534
3536
3435
3161
2853
2403
2102
1914
1857
1881
2005
2270
2686
3145
3492
3517
3473
3104
2653
2267
2014
1869
1806
1805
1856
1962
2149
2429
2714
3045
3206
3203
2980
2657
2327
2068
1903
1810
1792
1839
1953
2205
2576
2945
3376
3433
3435
3378
2943
2491
2154
1936
1854
1884
2025
2227
2647
2975
3379
3497
3456
3091
2647
2258
2003
1868
1808
1811
1871
1991
2193
2486
2839
3159
3306
3207
2931
2618
2315
2072
1921
1797
1802
1858
2002
2271
2677
3186
3438
3453
3440
3357
2862
2400
2078
1883
1808
1841
1968
2224
2630
3106
3414
3441
3426
3215
2831
2386
2109
1911
1819
1781
1803
1869
1997
2216
2543
2895
3229
3358
3214
2895
2549
2255
2032
1900
1835
1835
1898
2065
2349
2800
3309
3504
3534
3520
3305
2753
2289
2004
1863
1858
1977
2224
2641
3200
3506
3525
3507
3158
2601
2169
1907
1796
1763
1787
1885
2095
2384
2830
3258
3478
3350
2925
2491
2157
1948
1839
1810
1865
2029
2357
2834
3430
3530
3534
3497
3046
2532
2170
1936
1877
1943
2099
2429
2822
3280
3487
3465
3138
2716
2334
2064
1897
1824
1815
1849
1946
2127
2409
2763
3107
3298
3235
2945
2611
2293
2059
1911
1794
1836
1907
2065
2339
2732
3215
3510
3524
3509
3200
2740
2341
2085
1930
1895
1948
2113
2409
2814
3239
3489
3509
3396
2946
2510
2135
1920
1827
1767
1808
1847
1936
2111
2364
2703
3059
3300
3249
2983
2624
2299
2046
1899
1840
1852
1936
2142
2480
2958
3471
3531
3435
3344
2979
2496
2160
1959
1904
1956
2129
2437
2867
3277
3487
3481
3230
2780
2352
2063
1888
1817
1809
1865
1907
2047
2326
2672
3034
3239
3142
2849
2487
2177
1955
1830
1799
1826
1926
2198
2574
3071
3490
3526
3515
3305
2836
2405
2112
1937
1890
1941
2106
2384
2621
3070
3473
3505
3451
3062
2614
2234
1997
1866
1809
1809
1860
1983
2195
2515
2878
3201
3327
3163
2837
2478
2193
1988
1873
1830
1791
1851
2000
2268
2611
3100
3506
3536
3532
3472
2973
2502
2144
1934
1855
1896
2043
2318
2723
3200
3500
3517
3479
3071
2619
2214
1975
1824
1803
1807
1859
1981
2194
2525
2913
3261
3383
3191
2827
2416
2123
1931
1833
1805
1852
2017
2364
2898
3485
3536
3536
3511
2985
2435
2061
1904
1851
1938
2169
2565
3039
3471
3513
3472
3081
2602
2224
1984
1855
1808
1822
1899
2057
2310
2661
3050
3294
3204
2969
2635
2361
2190
1968
1839
1776
1792
1932
2191
2551
3002
3462
3518
3507
3382
2912
2496
2187
1989
1916
1934
2038
2276
2626
3030
3335
3491
3450
3097
2649
2277
2023
1877
1814
1808
1856
1961
2145
2417
2754
3105
3303
3223
2928
2599
2287
2057
1904
1838
1825
1838
1931
2217
2597
3120
3507
3535
3535
3491
3017
2513
2128
1913
1858
1885
2014
2292
2739
3200
3494
3505
3451
3034
2589
2209
1975
1807
1767
1774
1840
1979
2217
2533
2882
3152
3232
3090
2949
2608
2298
2063
1907
1840
1845
1921
2115
2430
2886
3434
3526
3524
3440
2864
2389
2187
1951
1879
1921
2096
2403
2851
3317
3499
3476
3158
2699
2285
2015
1870
1765
1764
1790
1870
2033
2295
2643
2992
3216
3187
2944
2607
2274
2027
1879
1850
1838
1885
2013
2271
2657
3191
3511
3536
3521
3364
2807
2352
2042
1875
1841
1922
2119
2454
2926
3344
3442
3441
3397
2935
2470
2113
1918
1840
1789
1799
1859
1970
2178
2469
2828
3163
3327
3216
2928
2580
2263
2028
1893
1838
1845
1877
2070
2447
2926
3458
3526
3527
3498
3021
2497
2129
1911
1843
1902
2105
2480
3009
3493
3537
3525
3362
2759
2274
1971
1827
1764
1731
1844
2021
2323
2768
3241
3456
3344
2954
2529
2191
1962
1843
1808
1857
2002
2314
2814
3458
3536
3531
3479
2958
2416
2079
1851
1834
1935
2128
2486
2985
3461
3514
3435
3011
2554
2194
1969
1847
1811
1823
1887
2018
2252
2551
2919
3211
3296
3114
2778
2427
2109
1926
1824
1839
1875
1991
2227
2577
3022
3481
3517
3511
3315
2864
2435
2128
1951
1907
1954
2116
2401
2816
3237
3494
3505
3399
2895
2515
2178
1957
1840
1806
1821
1895
2037
2288
2623
2985
3255
3290
3086
2746
2382
2126
1945
1853
1842
1904
2082
2399
2850
3349
3429
3436
3408
3033
2747
2337
2064
1931
1919
2016
2272
2633
3071
3451
3493
3360
2902
2458
2132
1921
1828
1815
1853
1954
2160
2481
2819
3216
3298
3086
2726
2339
2071
1907
1842
1853
1949
2176
2566
3057
3483
3515
3495
3170
2683
2298
2043
1921
1922
2017
2246
2544
2945
3317
3490
3481
3198
2740
2323
2046
1885
1811
1758
1791
1875
2045
2310
2645
3009
3239
3201
2930
2596
2267
2018
1862
1804
1824
1809
1910
2176
2543
3031
3486
3530
3530
3472
3007
2515
2165
1949
1885
1922
2070
2365
2782
3235
3487
3501
3349
2907
2455
2128
1918
1788
1766
1789
1862
2027
2285
2639
3017
3315
3321
3024
2642
2289
2030
1881
1808
1817
1916
2157
2586
3207
3525
3539
3523
3259
2640
2225
1940
1867
1891
2031
2326
2780
3265
3500
3490
3232
2751
2315
2017
1863
1808
1815
1879
2025
2281
2625
3009
3277
3262
2979
2608
2209
1968
1849
1812
1771
1831
2013
2307
2704
3163
3499
3521
3504
3205
2749
2369
2096
1942
1911
1981
2162
2470
2867
3278
3494
3482
3174
2802
2496
2162
1946
1839
1808
1833
1913
2078
2343
2690
3063
3287
3273
3023
2688
2347
2085
1911
1829
1809
1861
2009
2307
2757
3263
3445
3460
3445
3267
2709
2277
1982
1840
1818
1891
2115
2483
2934
3373
3426
3393
3031
2559
2186
1943
1817
1769
1775
1843
1983
2226
2608
2977
3250
3277
3024
2670
2326
2064
1907
1840
1842
1921
2119
2454
2950
3472
3531
3518
3330
2762
2309
2023
1898
1907
1942
2187
2565
2896
3229
3409
3392
3055
2567
2165
1919
1799
1761
1783
1872
2047
2314
2651
3008
3226
3172
2893
2535
2224
1986
1850
1793
1808
1937
2142
2481
2991
3498
3536
3537
3504
3056
2511
2122
1905
1841
1894
2071
2384
2873
3408
3518
3519
3409
2919
2471
2131
1920
1806
1803
1815
1885
1936
2159
2477
2837
3137
3238
3057
2729
2379
2103
1916
1817
1790
1811
1920
2138
2479
2974
3499
3535
3535
3399
2898
2419
2082
1879
1846
1934
2179
2594
3155
3507
3530
3502
3035
2480
2096
1866
1777
1773
1821
1951
2210
2611
3058
3395
3374
2959
2530
2160
1977
1814
1833
1837
1936
2192
2621
3212
3520
3542
3516
3115
2547
2158
1925
1872
1953
2197
2605
3090
3479
3504
3344
2843
2500
2198
1971
1849
1808
1823
1904
2062
2305
2646
3034
3278
3264
2997
2663
2325
2071
1911
1841
1845
1918
2112
2423
2874
3410
3441
3442
3462
2993
2511
2162
1939
1872
1906
2043
2354
2812
3315
3515
3533
3472
2973
2467
2116
1905
1821
1783
1809
1899
2059
2325
2530
2900
3131
3258
3200
2886
2509
2202
1981
1871
1837
1876
2010
2295
2733
3315
3521
3526
3443
2923
2437
2098
1930
1898
1987
2218
2544
3021
3455
3497
3391
2938
2459
2112
1905
1824
1808
1858
1985
2229
2572
2958
3258
3275
3003
2608
2242
1999
1872
1837
1893
2064
2339
2836
3376
3520
3516
3370
2869
2414
2109
1936
1904
1985
2215
2559
2997
3424
3504
3463
3059
2613
2229
1977
1847
1794
1812
1861
1936
2178
2433
2821
3162
3370
3264
2914
2547
2234
2015
1887
1835
1847
1935
2144
2481
2947
3458
3527
3527
3430
2907
2445
2128
1943
1842
1951
2130
2448
2876
3312
3494
3479
3152
2691
2274
2012
1864
1808
1819
1885
2036
2297
2654
3079
3372
3326
2983
2565
2143
1967
1821
1776
1802
1919
2207
2718
3357
3455
3456
3422
2899
2318
2055
1897
1869
1984
2273
2736
3219
3487
3495
3239
2746
2288
2000
1856
1776
1818
1887
2053
2323
2688
3094
3312
3195
2870
2496
2179
1954
1824
1770
1819
2003
2305
2719
3231
3506
3519
3475
3103
2642
2223
1979
1932
1915
1995
2205
2541
2978
3403
3493
3440
3056
2606
2222
1982
1856
1808
1814
1883
2025
2274
2607
2977
3263
3294
3055
2638
2294
2091
1888
1858
1808
1821
1911
2128
2480
3013
3507
3547
3536
3511
2952
2441
2064
1872
1842
1917
2127
2497
2985
3454
3514
3411
3056
2627
2224
1968
1845
1799
1825
1910
2095
2367
2736
3101
3285
3225
2912
2527
2209
1984
1869
1835
1874
2021
2304
2753
3298
3431
3449
3433
3153
2826
2353
2062
1908
1909
2039
2330
2757
3211
3482
3475
3161
2674
2271
2000
1859
1808
1818
1890
2046
2293
2649
2975
3218
3195
3091
2787
2480
2223
2023
1904
1831
1795
1787
1795
1821
1860
1920
1983
2094
2165
2242
2318
2384
2443
2481
2496
2496
2494
2434
2474
2454
2437
2423
2421
2421
2419
2419
2416
2416
2419
2422
2423
2423
2425
2422
2422
2422
2427
2423
2425
2419
2423
2421
2373
2372
2352
2375
2423
2429
2426
2426
2425
2423
2422
2422
2424
2419
2419
2423
2421
2422
2422
2425
2425
2422
2422
2423
2422
2423
2368
2370
2368
2371
2395
2382
2398
2400
2378
2305
2208
2111
2018
1936
1872
1808
1824
1805
1806
1799
1763
1831
1891
1973
2096
2261
2449
2654
2931
3107
3311
3376
3375
3216
2955
2716
2447
2231
2059
1921
1839
1822
1787
1830
1865
1991
2201
2465
2830
3207
3495
3481
3425
3054
2658
2365
2134
1963
1915
1937
2042
2263
2599
2977
3408
3504
3518
3504
3184
2731
2365
2083
1932
1849
1840
1904
1982
2176
2407
2675
2986
3190
3305
3242
2959
2643
2327
2097
1937
1861
1813
1829
1897
2019
2259
2598
3023
3402
3483
3456
3172
2780
2429
2157
1987
1904
1973
2075
2317
2662
3089
3457
3524
3506
3373
2941
2535
2205
2017
1888
1846
1866
1938
2112
2333
2654
3023
3262
3275
3098
2719
2374
2156
1959
1877
1815
1819
1895
2063
2371
2759
3220
3489
3483
3255
2784
2367
2112
1959
1924
2000
2227
2606
3053
3463
3530
3440
3274
2894
2430
2206
1958
1785
1778
1871
2000
2235
2559
2929
3259
3284
3056
2704
2343
2080
1909
1825
1810
1856
1981
2256
2638
3039
3402
3487
3355
2916
2448
2127
1960
1931
2016
2226
2645
3132
3490
3511
3490
3146
2610
2241
1991
1879
1862
1876
2020
2213
2511
2818
3118
3262
3173
2829
2470
2176
1974
1856
1818
1824
1917
2090
2417
2813
3266
3494
3474
3197
2756
2362
2094
1953
1920
2004
2207
2455
2985
3440
3511
3503
3313
2800
2352
2075
1924
1854
1850
1931
2089
2341
2688
3054
3257
3271
3024
2676
2304
2063
1904
1853
1795
1811
1984
2225
2587
3041
3455
3489
3366
2920
2499
2167
1973
1866
1917
2091
2416
2830
3335
3452
3438
3214
2714
2254
1973
1840
1789
1859
1957
2167
2496
2886
3191
3295
3129
2771
2363
2092
1936
1836
1809
1856
2000
2300
2704
3152
3478
3472
3259
2809
2418
2116
1927
1893
2001
2228
2609
3053
3487
3515
3488
3121
2624
2256
1998
1874
1839
1892
2004
2221
2534
2903
3200
3286
3109
2767
2429
2129
1920
1827
1822
1818
1874
2025
2321
2708
3181
3469
3473
3311
2832
2405
2119
1962
1912
1989
2209
2606
3082
3467
3521
3573
3141
2611
2186
1931
1870
1845
1856
1940
2129
2411
2756
3095
3301
3195
2867
2483
2181
1971
1862
1818
1837
1907
2096
2430
2793
3218
3474
3442
3013
2577
2218
1987
1918
1987
2160
2544
3021
3462
3506
3501
3221
2673
2247
1998
1886
1840
1910
2019
2288
2635
2979
3248
3296
2978
2695
2306
2115
1989
1869
1808
1820
1920
2111
2389
2810
3299
3475
3463
3155
2722
2352
2057
1958
1926
2026
2263
2637
3136
3481
3507
3419
3115
2611
2223
1984
1872
1834
1877
1984
2192
2511
2864
3183
3298
3146
2809
2429
2139
1939
1869
1833
1840
1911
2111
2416
2757
3220
3416
3408
3183
2736
2354
2083
1956
1917
2025
2269
2640
3103
3477
3510
3486
3152
2640
2259
2026
1874
1841
1875
1984
2185
2382
2714
3090
3314
3239
2943
2585
2247
2032
1872
1819
1823
1875
2055
2381
2819
3274
3484
3460
3111
2608
2261
2020
1920
1946
2113
2433
2933
3394
3521
3505
3270
2747
2323
2203
1966
1842
1822
1854
2047
2199
2506
2858
3159
3250
3053
2714
2361
2149
1949
1846
1808
1809
1895
2130
2479
2917
3386
3493
3446
3088
2614
2258
2042
1936
1941
2033
2302
2699
3184
3478
3516
3488
3178
2674
2267
2024
1886
1821
1862
1966
2165
2436
2783
3136
3302
3216
2928
2544
2213
2002
1893
1815
1819
1898
2066
2375
2768
3248
3478
3486
3163
2710
2259
2012
1767
1859
1898
2016
2263
2619
3000
3348
3440
3451
3445
3411
3271
3041
2880
2679
2610
2462
2345
2242
2161
2099
2045
2009
1979
1953
1906
1945
1947
1951
1958
1968
1968
1969
1971
1968
1970
1971
1970
1969
1970
1970
1970
1967
1973
1968
1968
1968
1968
1973
1974
1932
1931
1931
1921
1969
1971
1968
1971
1968
1968
1971
1969
1970
1971
1972
1969
1968
1968
1969
1969
1968
1969
1968
1967
1970
1970
1927
1926
1968
1968
1971
1968
1968
1969
1968
1968
1971
1969
1969
1969
1971
1969
1969
1970
1970
1968
1969
1968
1972
1969
1971
1970
1931
1974
1971
1971
1969
1971
1968
1968
1970
1969
1969
1968
1968
1970
1971
1972
1971
1969
1969
1968
1969
1968
1969
1968
1969
1930
1930
1931
1926
1972
1968
1970
1973
1969
1969
1968
1970
1970
1969
1969
1968
1970
1971
1970
1970
1971
1969
1968
1968
1969
1970
1926
1931
1969
1970
1969
1970
1969
1971
1968
1969
1968
1969
1969
1969
1969
1970
1972
1968
1973
1969
1968
1970
1968
1968
1970
1968
1926
1917
1927
1924
1930
1927
1931
1927
1927
1931
1927
1929
1925
1925
1784
1927
1927
1930
1927
1931
1926
1927
1926
1927
1925
1925
1921
1927
1968
1968
1969
1968
1971
1971
1969
1968
1969
1968
1968
1969
1968
1968
1968
1968
1969
1969
1972
1970
1969
1968
1970
1969
1920
1923
1923
1968
1968
1968
1968
1969
1968
1968
1968
1968
1968
1968
1967
1968
1968
1968
1968
1968
1968
1968
1968
1968
1968
1910
1922
1968
1968
1968
1968
1967
1970
1968
1968
1963
1968
1968
1968
1968
1969
1966
1968
1969
1969
1968
1970
1969
1971
1969
1970
1927
1929
1927
1923
1968
1968
1968
1968
1968
1970
1969
1969
1970
1968
1971
1968
1968
1968
1968
1968
1968
1968
1969
1963
1968
1968
1923
1926
1925
1919
1969
1968
1969
1969
1969
1968
1968
1970
1968
1968
1968
1968
1968
1968
1968
1969
1967
1970
1968
1968
1968
1970
1923
1926
1968
1970
1969
1968
1968
1970
1968
1968
1968
1968
1970
1971
1969
1970
1970
1968
1968
1967
1968
1968
1968
1968
1968
1970
1927
1969
1968
1969
1968
1968
1968
1970
1969
1968
1968
1968
1969
1968
1968
1968
1968
1968
1968
1968
1968
1966
1967
1967
1968
1914
1922
1926
1916
1920
1919
1904
1879
1852
1817
1783
1751
1727
1712
1705
1710
1718
1744
1819
1863
1922
2002
2099
2224
2363
2533
2708
2846
3086
3213
3291
3298
3233
3093
2906
2710
2499
2307
2160
2027
1939
1873
1834
1808
1805
1823
1869
1952
1990
2080
2288
2517
2811
3037
3309
3403
3415
3379
3148
2834
2526
2288
2087
1948
1922
1914
1970
2103
2311
2590
2923
3306
3495
3520
3515
3435
3067
2690
2374
2096
1935
1879
1840
1874
1877
1955
2098
2285
2544
2830
3117
3295
3294
3126
2845
2548
2269
2064
1918
1840
1808
1814
1856
1968
2161
2401
2818
3199
3467
3499
3435
3099
2695
2352
2112
1969
1911
1939
2072
2313
2653
3055
3440
3511
3534
3455
3039
2608
2272
2041
1861
1809
1839
1872
1970
2153
2394
2679
2992
3231
3301
3141
2843
2518
2238
2020
1890
1818
1808
1835
1929
2113
2446
2832
3263
3483
3408
3248
2910
2496
2176
1999
1929
1936
2079
2371
2771
3267
3505
3517
3468
3008
2512
2150
1946
1854
1840
1904
2067
2338
2692
3029
3200
3183
2908
2687
2324
2084
1917
1831
1805
1840
1954
2173
2514
2946
3376
3491
3440
3099
2653
2288
2047
1935
1920
2010
2229
2606
2983
3471
3520
3506
3262
2768
2343
2047
1893
1840
1855
1931
2096
2352
2675
3022
3264
3295
3077
2736
2379
2112
1939
1897
1808
1777
1846
2017
2211
2505
2886
3306
3490
3470
3186
2752
2383
2102
1942
1915
1996
2221
2586
3015
3451
3517
3505
3277
2794
2373
2073
1867
1808
1842
1904
2037
2278
2617
2966
3248
3277
3067
2736
2370
2098
1931
1839
1809
1831
1931
2139
2473
2854
3260
3467
3413
3014
2496
2167
2000
1916
1957
2139
2492
2934
3406
3515
3513
3308
2774
2339
2055
1904
1807
1806
1872
2033
2294
2624
2973
3216
3180
2893
2638
2288
2090
1883
1810
1825
1823
1881
2047
2339
2742
3204
3473
3483
3313
2866
2455
2142
1968
1911
1959
2130
2458
2881
3359
3510
3485
3399
3088
2599
2218
1984
1870
1851
1871
1974
2193
2485
2817
3131
3312
3217
2909
2543
2229
2015
1878
1818
1808
1854
1985
2219
2506
2947
3406
3490
3441
3101
2654
2293
2041
1926
1919
2016
2259
2641
3107
3483
3517
3499
3193
2706
2305
2032
1889
1838
1850
1929
2000
2253
2483
2888
3123
3287
3221
2923
2547
2223
2007
1879
1812
1808
1859
2017
2307
2688
3170
3481
3481
3178
2694
2307
2038
1919
1885
2018
2357
2774
3272
3507
3517
3412
2900
2447
2112
1920
1841
1849
1920
2078
2325
2655
3010
3264
3277
3053
2716
2352
2083
1919
1791
1762
1789
1895
2079
2387
2781
3213
3477
3483
3257
2806
2404
2099
1966
1909
1962
2134
2466
2878
3302
3506
3519
3471
3063
2592
2198
2010
1878
1834
1856
1946
2122
2371
2704
3056
3283
3251
2994
2665
2320
2067
1909
1828
1806
1835
1939
2175
2535
2978
3409
3410
3361
3079
2732
2409
2185
1982
1888
1881
1947
2094
2309
2570
2849
3134
3341
3421
3441
3527
3525
3525
3520
3518
3505
3504
3499
3504
3423
3409
3509
3508
3505
3506
3510
3506
3507
3509
3507
3514
3509
3520
3510
3517
3511
3510
3514
3511
3509
3510
3516
3514
3514
3515
3433
3517
3517
3510
3511
3514
3515
3511
3511
3495
3414
3428
3426
3434
3434
3438
3433
3435
3435
3431
3433
3429
3430
3427
3431
3507
3437
3438
3515
3511
3515
3518
3516
3513
3514
3510
3507
3511
3511
3508
3509
3511
3516
3519
3515
3514
3512
3511
3509
3509
3507
3509
3429
3515
3510
3515
3517
3515
3513
3509
3513
3509
3507
3508
3511
3510
3509
3515
3513
3516
3515
3512
3515
3516
3511
3509
3512
3435
3440
3511
3514
3515
3516
3515
3515
3511
3511
3513
3517
3509
3510
3509
3509
3510
3518
3517
3514
3519
3518
3516
3515
3510
3513
3426
3431
3511
3509
3513
3517
3511
3510
3514
3514
3518
3510
3509
3513
3511
3508
3510
3511
3514
3504
3521
3510
3513
3515
3511
3515
3427
3426
3427
3515
3515
3514
3517
3519
3517
3514
3517
3513
3511
3513
3511
3507
3507
3512
3510
3515
3514
3518
3515
3516
3514
3429
3431
3514
3511
3515
3509
3514
3515
3515
3519
3519
3514
3518
3515
3511
3511
3514
3507
3513
3511
3506
3514
3518
3517
3515
3518
3430
3433
3511
3514
3509
3510
3510
3511
3517
3509
3519
3512
3515
3515
3517
3511
3514
3506
3515
3512
3510
3514
3514
3512
3520
3514
3434
3429
3434
3429
3514
3511
3510
3510
3507
3511
3510
3511
3521
3514
3511
3516
3516
3511
3509
3512
3513
3510
3509
3513
3513
3517
3433
3435
3514
3515
3514
3511
3510
3509
3509
3509
3515
3514
3510
3515
3517
3514
3507
3511
3514
3514
3509
3509
3513
3510
3519
3511
3437
3518
3518
3513
3408
3429
3429
3429
3427
3429
3431
3430
3433
3437
3434
3433
3434
3438
3431
3510
3511
3508
3507
3507
3507
3511
3433
3484
3518
3518
3509
3511
3515
3516
3512
3509
3509
3510
3513
3509
3518
3511
3509
3515
3517
3514
3512
3511
3513
3509
3510
3511
3435
3511
3516
3511
3513
3518
3510
3514
3514
3508
3509
3509
3508
3510
3511
3515
3513
3511
3516
3515
3510
3511
3510
3515
3511
3427
3430
3430
3437
3515
3515
3511
3515
3511
3513
3511
3506
3507
3509
3509
3510
3508
3514
3518
3517
3514
3511
3512
3513
3507
3517
3450
3428
3511
3511
3510
3513
3522
3517
3513
3517
3511
3511
3509
3513
3510
3514
3509
3509
3506
3516
3515
3517
3514
3517
3508
3512
3425
3428
3433
3504
3511
3510
3511
3517
3511
3513
3511
3513
3513
3510
3511
3509
3507
3507
3510
3510
3509
3511
3514
3518
3509
3509
3428
3490
3505
3509
3508
3510
3510
3510
3510
3515
3517
3510
3515
3507
3510
3505
3506
3507
3511
3507
3510
3517
3515
3517
3515
3512
3431
3514
3511
3515
3508
3509
3507
3514
3515
3509
3514
3519
3514
3513
3509
3507
3508
3510
3509
3507
3511
3509
3515
3515
3515
3431
3434
3431
3429
3426
3509
3508
3507
3508
3508
3512
3511
3513
3516
3513
3516
3515
3514
3511
3508
3509
3511
3510
3511
3514
3513
3511
3432
3511
3510
3513
3509
3504
3507
3509
3510
3510
3434
3435
3432
3434
3429
3430
3436
3425
3425
3430
3435
3431
3430
3429
3433
3435
3434
3429
3435
3433
3431
3426
3430
3430
3429
3433
3431
3429
3517
3518
3518
3517
3515
3513
3510
3510
3507
3506
3504
3509
3507
3411
3440
3515
3514
3514
3509
3514
3509
3511
3509
3513
3508
3507
3511
3507
3515
3514
3513
3510
3511
3515
3510
3511
3509
3511
3510
3428
3436
3509
3517
3514
3517
3515
3513
3508
3510
3507
3507
3509
3513
3513
3517
3507
3517
3515
3514
3515
3511
3513
3509
3509
3507
3423
3497
3515
3511
3514
3515
3516
3513
3514
3511
3511
3515
3507
3510
3512
3515
3515
3511
3519
3517
3509
3515
3511
3509
3508
3449
3433
3517
3510
3517
3518
3517
3515
3518
3514
3515
3514
3509
3507
3511
3511
3511
3515
3515
3520
3514
3516
3514
3515
3513
3509
3429
3431
3428
3482
3514
3517
3518
3517
3518
3518
3517
3515
3515
3509
3506
3514
3511
3510
3513
3518
3514
3519
3519
3516
3513
3511
3429
3431
3511
3509
3512
3513
3515
3511
3517
3513
3518
3515
3511
3516
3510
3511
3507
3514
3509
3513
3513
3511
3514
3517
3513
3514
3428
3515
3513
3511
3511
3509
3515
3516
3511
3517
3518
3516
3515
3510
3515
3513
3514
3507
3513
3510
3511
3505
3516
3517
3517
3435
3429
3425
3430
3513
3510
3511
3510
3511
3515
3519
3518
3517
3515
3515
3511
3515
3514
3508
3511
3511
3510
3514
3516
3518
3517
3433
3435
3511
3510
3515
3510
3512
3508
3511
3509
3513
3518
3509
3513
3517
3511
3511
3514
3426
3429
3430
3431
3430
3431
3437
3431
3438
3437
3436
3431
3431
3420
3434
3511
3511
3517
3509
3511
3521
3518
3519
3514
3514
3513
3510
3514
3514
3510
3508
3515
3514
3515
3438
3497
3517
3518
3507
3515
3510
3513
3509
3511
3515
3513
3512
3514
3514
3509
3517
3515
3514
3509
3510
3507
3505
3509
3509
3507
3429
3517
3519
3515
3513
3510
3511
3509
3512
3507
3510
3507
3514
3511
3514
3513
3515
3516
3511
3511
3511
3507
3509
3507
3510
3427
3429
3434
3519
3504
3515
3510
3513
3513
3510
3514
3507
3510
3511
3514
3510
3514
3515
3514
3515
3510
3514
3513
3507
3510
3511
3426
3435
3509
3516
3515
3516
3515
3519
3514
3514
3506
3509
3511
3510
3508
3510
3507
3511
3525
3511
3513
3512
3510
3511
3508
3511
3426
3434
3434
3515
3519
3517
3509
3509
3517
3516
3513
3510
3510
3509
3507
3506
3505
3514
3511
3515
3514
3511
3514
3511
3511
3511
3426
3508
3510
3511
3507
3514
3514
3518
3515
3516
3514
3516
3511
3506
3511
3504
3507
3511
3511
3509
3525
3515
3516
3517
3511
3431
3431
3426
3429
3507
3511
3513
3511
3517
3520
3517
3514
3516
3507
3512
3513
3509
3509
3507
3511
3517
3515
3511
3515
3517
3517
3431
3434
3513
3509
3507
3506
3508
3508
3514
3513
3518
3518
3518
3514
3515
3511
3509
3509
3511
3511
3507
3510
3514
3515
3508
3514
3433
3431
3513
3510
3510
3510
3508
3511
3511
3515
3513
3515
3412
3434
3430
3431
3433
3429
3430
3426
3429
3429
3429
3435
3452
3411
3431
3440
3516
3510
3515
3509
3510
3509
3507
3511
3515
3509
3518
3518
3515
3511
3513
3506
3515
3504
3507
3510
3507
3510
3509
3515
3436
3479
3513
3511
3511
3509
3515
3508
3514
3507
3510
3515
3511
3517
3518
3520
3516
3511
3511
3507
3506
3507
3508
3510
3513
3517
3434
3519
3515
3513
3515
3518
3516
3513
3509
3511
3514
3511
3517
3518
3518
3513
3517
3511
3510
3514
3510
3514
3509
3510
3515
3428
3439
3514
3519
3519
3515
3519
3518
3518
3517
3517
3517
3516
3517
3518
3515
3517
3518
3511
3519
3518
3519
3518
3518
3518
3516
3435
3439
3520
3520
3519
3518
3515
3518
3519
3518
3518
3519
3517
3517
3518
3517
3515
3518
3514
3518
3518
3515
3519
3518
3518
3517
3435
3437
3435
3520
3519
3518
3515
3515
3519
3516
3513
3519
3519
3515
3515
3516
3515
3519
3517
3517
3520
3518
3519
3520
3516
3519
3437
3517
3516
3519
3515
3517
3518
3518
3518
3518
3517
3519
3518
3515
3514
3516
3519
3519
3515
3518
3518
3519
3518
3518
3517
3437
3440
3440
3435
3520
3519
3520
3519
3516
3516
3514
3514
3511
3511
3511
3513
3511
3509
3510
3513
3510
3520
3518
3513
3513
3511
3430
3430
3515
3511
3510
3507
3514
3517
3516
3518
3530
3517
3518
3514
3515
3510
3509
3509
3504
3514
3511
3515
3519
3517
3515
3510
3431
3431
3510
3511
3510
3509
3504
3413
3431
3439
3431
3434
3435
3434
3436
3431
3435
3430
3430
3429
3437
3440
3517
3519
3515
3519
3517
3433
3494
3514
3509
3510
3509
3513
3510
3511
3514
3518
3514
3516
3514
3517
3513
3514
3514
3509
3511
3511
3509
3511
3515
3507
3517
3438
3514
3515
3511
3511
3509
3507
3508
3508
3506
3511
3518
3515
3511
3515
3514
3514
3511
3509
3508
3510
3506
3509
3511
3517
3437
3437
3514
3511
3511
3510
3510
3507
3510
3507
3508
3511
3510
3514
3514
3509
3514
3510
3511
3511
3511
3506
3506
3510
3505
3511
3425
3434
3433
3513
3515
3515
3514
3509
3508
3508
3513
3510
3513
3514
3514
3519
3515
3513
3513
3515
3510
3508
3507
3509
3509
3481
3428
3435
3431
3511
3519
3515
3516
3507
3511
3509
3507
3509
3507
3509
3519
3514
3513
3510
3514
3513
3515
3510
3514
3509
3511
3427
3434
3505
3515
3514
3511
3519
3511
3513
3510
3506
3506
3511
3507
3510
3511
3511
3518
3516
3514
3515
3509
3510
3514
3509
3510
3433
3423
3513
3511
3509
3507
3515
3513
3514
3514
3512
3510
3509
3508
3509
3510
3515
3511
3513
3513
3519
3513
3512
3511
3514
3509
3425
3428
3426
3433
3515
3511
3510
3514
3514
3511
3511
3510
3508
3512
3509
3510
3507
3511
3510
3514
3515
3509
3514
3514
3514
3509
3428
3497
3509
3510
3509
3509
3510
3511
3518
3511
3515
3510
3506
3513
3510
3505
3507
3506
3507
3506
3504
3514
3514
3511
3513
3511
3425
3427
3422
3429
3430
3422
3427
3437
3430
3433
3435
3432
3430
3434
3430
3511
3511
3511
3508
3509
3511
3514
3515
3514
3511
3430
3431
3513
3513
3510
3507
3506
3510
3507
3511
3513
3510
3513
3512
3511
3514
3511
3509
3509
3510
3510
3508
3511
3510
3517
3518
3440
3437
3513
3515
3514
3511
3509
3515
3510
3511
3517
3516
3534
3517
3514
3513
3513
3508
3510
3509
3506
3510
3506
3519
3515
3516
3435
3514
3516
3515
3514
3510
3509
3507
3512
3514
3511
3511
3516
3515
3518
3514
3513
3511
3517
3511
3508
3509
3507
3515
3510
3433
3434
3518
3513
3509
3515
3509
3509
3511
3514
3510
3510
3515
3515
3511
3515
3515
3514
3515
3511
3508
3507
3510
3507
3509
3509
3440
3438
3431
3510
3514
3514
3515
3514
3509
3509
3507
3513
3515
3512
3511
3514
3513
3518
3514
3517
3511
3512
3507
3509
3509
3513
3434
3492
3513
3511
3515
3516
3511
3507
3511
3511
3509
3509
3509
3509
3511
3511
3513
3514
3515
3516
3515
3511
3512
3509
3506
3460
3427
3513
3513
3518
3507
3515
3516
3517
3513
3511
3505
3511
3513
3510
3510
3511
3513
3515
3515
3514
3517
3511
3510
3507
3507
3427
3430
3426
3430
3511
3517
3516
3515
3513
3515
3513
3510
3514
3511
3513
3508
3509
3513
3511
3515
3517
3516
3515
3511
3514
3507
3431
3429
3513
3513
3509
3511
3510
3516
3516
3514
3511
3514
3517
3513
3511
3510
3514
3507
3510
3515
3517
3418
3433
3434
3430
3431
3430
3430
3426
3433
3430
3429
3434
3438
3404
3438
3520
3517
3514
3508
3513
3510
3511
3513
3510
3510
3509
3511
3517
3515
3515
3519
3514
3427
3509
3508
3513
3505
3509
3507
3511
3520
3514
3510
3516
3513
3513
3509
3511
3509
3510
3510
3506
3510
3514
3515
3510
3517
3430
3430
3515
3511
3509
3516
3507
3510
3507
3514
3504
3510
3512
3515
3517
3513
3515
3508
3509
3511
3507
3509
3511
3520
3511
3514
3433
3433
3434
3514
3511
3509
3510
3510
3511
3511
3515
3511
3513
3514
3511
3511
3513
3514
3514
3507
3508
3509
3510
3511
3514
3519
3433
3483
3516
3515
3513
3509
3508
3507
3509
3509
3510
3507
3514
3514
3509
3516
3513
3510
3507
3510
3511
3505
3505
3507
3507
3513
3435
3433
3427
3517
3511
3511
3511
3510
3509
3511
3507
3510
3507
3515
3515
3515
3515
3504
3510
3511
3505
3509
3506
3510
3505
3435
3438
3522
3519
3517
3511
3514
3511
3513
3510
3506
3506
3509
3511
3517
3516
3515
3515
3514
3513
3510
3512
3510
3504
3509
3509
3425
3431
3408
3433
3516
3518
3513
3510
3511
3513
3508
3507
3507
3507
3507
3511
3515
3514
3517
3517
3511
3509
3514
3510
3513
3510
3426
3435
3513
3509
3511
3510
3510
3514
3515
3513
3513
3507
3505
3505
3506
3506
3510
3515
3513
3511
3515
3511
3514
3509
3507
3511
3427
3429
3505
3510
3510
3511
3517
3515
3511
3518
3514
3513
3507
3507
3509
3415
3426
3429
3430
3433
3437
3437
3431
3435
3431
3430
3430
3426
3430
3431
3513
3520
3510
3514
3515
3514
3517
3510
3511
3511
3509
3509
3509
3510
3508
3511
3511
3514
3513
3517
3510
3517
3430
3505
3508
3506
3509
3510
3509
3511
3511
3515
3515
3511
3514
3515
3512
3511
3507
3507
3514
3514
3515
3516
3518
3517
3517
3511
3435
3514
3514
3511
3510
3510
3513
3513
3514
3517
3515
3519
3517
3513
3513
3513
3510
3514
3509
3510
3511
3513
3513
3517
3517
3435
3436
3511
3511
3511
3514
3509
3514
3509
3510
3517
3512
3517
3515
3517
3513
3513
3510
3511
3513
3510
3511
3510
3510
3518
3519
3433
3436
3515
3515
3514
3511
3511
3510
3510
3507
3511
3514
3511
3513
3511
3514
3513
3517
3514
3507
3507
3510
3509
3515
3509
3515
3434
3431
3434
3433
3435
3428
3426
3509
3514
3511
3509
3510
3516
3515
3518
3515
3516
3514
3510
3509
3514
3507
3507
3509
3513
3508
3426
3491
3519
3515
3517
3517
3514
3515
3511
3513
3514
3512
3511
3511
3513
3516
3514
3514
3514
3513
3513
3514
3510
3508
3510
3470
3435
3434
3430
3423
3513
3515
3516
3519
3514
3513
3509
3508
3508
3513
3509
3513
3511
3515
3526
3517
3511
3515
3518
3510
3511
3511
3435
3531
3515
3520
3520
3515
3515
3517
3516
3507
3508
3509
3508
3507
3505
3511
3515
3520
3523
3511
3515
3513
3511
3510
3511
3419
3429
3511
3511
3516
3515
3514
3507
3517
3503
3434
3431
3433
3424
3430
3430
3437
3428
3425
3439
3429
3429
3434
3433
3431
3514
3511
3427
3429
3511
3510
3510
3513
3515
3516
3515
3517
3514
3516
3511
3515
3511
3510
3507
3514
3511
3514
3514
3514
3515
3518
3514
3512
3430
3493
3509
3511
3510
3515
3510
3511
3507
3507
3515
3513
3514
3514
3513
3509
3507
3509
3507
3508
3511
3517
3513
3520
3510
3511
3429
3507
3511
3508
3507
3506
3506
3514
3517
3515
3517
3515
3511
3511
3510
3510
3511
3509
3508
3505
3507
3509
3513
3534
3517
3431
3430
3431
3430
3509
3509
3510
3509
3509
3511
3517
3511
3514
3514
3511
3514
3514
3510
3508
3510
3506
3506
3509
3510
3509
3519
3421
3435
3430
3431
3510
3510
3511
3507
3508
3510
3505
3518
3515
3518
3516
3511
3513
3513
3511
3510
3515
3511
3507
3514
3510
3509
3517
3434
3513
3511
3513
3515
3511
3509
3508
3510
3507
3509
3509
3516
3515
3513
3513
3514
3514
3510
3510
3511
3509
3510
3511
3503
3431
3436
3518
3515
3517
3517
3514
3509
3505
3511
3510
3507
3509
3517
3513
3519
3515
3514
3517
3511
3512
3515
3510
3509
3510
3515
3431
3437
3414
3439
3514
3513
3515
3510
3513
3511
3511
3511
3513
3510
3509
3511
3516
3511
3510
3514
3514
3510
3509
3508
3507
3510
3427
3435
3508
3517
3519
3517
3518
3514
3515
3510
3507
3511
3509
3509
3508
3509
3513
3518
3514
3515
3507
3514
3510
3507
3511
3505
3424
3434
3510
3411
3435
3431
3430
3436
3430
3431
3435
3427
3430
3427
3429
3433
3409
3431
3515
3517
3520
3515
3515
3511
3509
3514
3510
3423
3507
3507
3507
3514
3513
3510
3513
3519
3510
3508
3512
3509
3510
3509
3506
3507
3507
3517
3514
3514
3514
3513
3507
3510
3434
3429
3509
3507
3505
3510
3514
3511
3515
3519
3515
3515
3511
3515
3509
3511
3511
3509
3510
3510
3517
3515
3517
3519
3517
3517
3427
3434
3509
3509
3513
3511
3518
3511
3510
3517
3518
3515
3514
3518
3513
3510
3509
3510
3514
3509
3515
3511
3515
3514
3515
3515
3433
3513
3513
3511
3508
3511
3509
3510
3511
3510
3518
3519
3513
3514
3515
3513
3511
3510
3510
3514
3509
3512
3518
3515
3520
3418
3434
3437
3430
3429
3511
3511
3510
3509
3511
3513
3515
3513
3515
3517
3517
3515
3511
3514
3509
3506
3515
3507
3509
3514
3514
3517
3430
3517
3517
3512
3514
3511
3509
3514
3506
3511
3511
3512
3517
3515
3515
3515
3514
3516
3513
3511
3513
3509
3509
3512
3515
3434
3436
3514
3514
3518
3515
3510
3511
3511
3507
3510
3514
3513
3510
3514
3509
3515
3515
3511
3511
3511
3510
3509
3507
3510
3513
3429
3434
3414
3437
3516
3510
3513
3509
3510
3509
3508
3509
3514
3511
3511
3519
3517
3515
3517
3510
3515
3515
3509
3507
3509
3507
3427
3437
3514
3515
3515
3516
3513
3519
3515
3518
3517
3518
3516
3515
3515
3518
3519
3515
3515
3513
3517
3513
3517
3419
3437
3435
3438
3435
3440
3440
3437
3431
3434
3433
3439
3438
3439
3437
3519
3515
3519
3514
3520
3515
3517
3519
3514
3517
3518
3514
3518
3517
3435
3438
3519
3518
3515
3514
3518
3514
3515
3517
3515
3513
3515
3517
3517
3517
3516
3517
3516
3516
3517
3515
3518
3518
3517
3518
3434
3502
3515
3517
3511
3513
3514
3516
3517
3514
3513
3515
3519
3513
3517
3515
3518
3513
3515
3515
3515
3515
3514
3518
3518
3518
3434
3519
3518
3514
3517
3517
3518
3517
3516
3515
3514
3516
3511
3510
3509
3504
3509
3509
3509
3507
3487
3517
3513
3514
3509
3426
3426
3425
3429
3507
3511
3510
3511
3511
3519
3514
3515
3513
3514
3510
3507
3509
3505
3514
3511
3509
3510
3513
3516
3513
3513
3459
3433
3436
3427
3511
3515
3508
3508
3515
3510
3511
3515
3507
3511
3514
3515
3510
3513
3510
3509
3512
3507
3507
3516
3517
3518
3517
3435
3517
3514
3505
3510
3505
3509
3506
3506
3513
3513
3513
3517
3515
3515
3513
3511
3512
3507
3508
3507
3511
3510
3511
3513
3430
3434
3437
3429
3515
3511
3507
3506
3507
3507
3509
3507
3516
3511
3511
3513
3518
3511
3510
3510
3509
3509
3510
3507
3509
3511
3429
3434
3515
3512
3517
3508
3511
3510
3509
3505
3506
3507
3507
3510
3514
3515
3515
3507
3516
3511
3511
3506
3513
3506
3507
3510
3431
3494
3515
3520
3514
3512
3513
3514
3507
3511
3511
3509
3509
3514
3510
3515
3514
3408
3433
3431
3428
3431
3427
3430
3427
3427
3434
3422
3436
3438
3435
3435
3515
3513
3515
3507
3510
3506
3506
3509
3508
3510
3509
3515
3518
3511
3515
3517
3511
3509
3507
3509
3425
3510
3511
3510
3517
3518
3516
3506
3509
3510
3506
3507
3505
3510
3511
3511
3510
3518
3514
3517
3518
3517
3510
3514
3509
3425
3430
3511
3511
3513
3517
3517
3513
3514
3514
3511
3510
3510
3511
3504
3508
3507
3510
3509
3508
3514
3513
3515
3514
3513
3513
3428
3432
3509
3514
3510
3511
3513
3517
3506
3515
3514
3515
3514
3510
3511
3508
3509
3513
3515
3510
3511
3520
3509
3510
3513
3513
3434
3497
3513
3507
3507
3513
3508
3505
3515
3514
3510
3509
3514
3515
3509
3509
3507
3509
3510
3510
3510
3511
3524
3511
3514
3456
3433
3430
3425
3510
3511
3510
3507
3507
3508
3513
3511
3514
3515
3509
3509
3518
3509
3508
3509
3507
3511
3514
3511
3515
3517
3513
3426
3514
3513
3511
3509
3509
3509
3510
3513
3505
3517
3517
3519
3509
3514
3516
3510
3514
3511
3510
3511
3510
3510
3512
3515
3431
3434
3437
3435
3514
3513
3511
3509
3511
3508
3513
3509
3513
3521
3511
3514
3517
3513
3513
3513
3508
3511
3509
3514
3513
3502
3434
3435
3516
3517
3517
3511
3516
3509
3511
3509
3513
3511
3510
3516
3516
3516
3515
3520
3517
3514
3514
3507
3510
3507
3510
3513
3429
3477
3515
3511
3511
3516
3511
3506
3507
3509
3509
3495
3435
3446
3431
3433
3438
3430
3433
3433
3431
3428
3431
3426
3431
3430
3437
3434
3518
3519
3516
3517
3513
3515
3514
3511
3509
3509
3511
3507
3519
3511
3518
3514
3517
3511
3513
3516
3514
3514
3510
3510
3426
3433
3515
3518
3517
3518
3514
3514
3509
3511
3510
3513
3509
3507
3510
3511
3509
3515
3517
3514
3517
3510
3511
3509
3506
3514
3425
3485
3511
3511
3515
3514
3518
3515
3514
3513
3514
3510
3508
3509
3509
3509
3508
3507
3517
3513
3514
3514
3513
3516
3513
3508
3426
3407
3428
3510
3510
3513
3511
3518
3515
3511
3515
3513
3509
3509
3504
3509
3509
3507
3510
3515
3513
3520
3514
3514
3511
3510
3429
3425
3429
3506
3509
3510
3511
3515
3514
3520
3517
3513
3509
3509
3509
3507
3507
3509
3513
3514
3511
3517
3511
3514
3510
3513
3431
3513
3513
3509
3509
3507
3509
3513
3504
3526
3513
3515
3510
3510
3509
3510
3504
3504
3507
3509
3509
3513
3509
3515
3515
3425
3430
3509
3511
3509
3507
3509
3510
3510
3506
3515
3517
3514
3513
3510
3515
3508
3509
3507
3508
3507
3511
3511
3514
3513
3511
3431
3429
3417
3430
3509
3511
3510
3508
3510
3506
3510
3510
3511
3514
3510
3514
3510
3509
3505
3505
3507
3510
3509
3510
3517
3517
3429
3512
3517
3510
3509
3506
3511
3508
3506
3510
3511
3508
3514
3520
3514
3513
3511
3507
3508
3506
3506
3509
3506
3509
3513
3430
3440
3513
3515
3507
3518
3415
3425
3428
3427
3427
3421
3431
3430
3435
3433
3431
3434
3429
3415
3430
3509
3509
3510
3505
3509
3506
3431
3434
3515
3517
3516
3511
3511
3514
3510
3510
3506
3505
3509
3509
3511
3518
3513
3511
3511
3511
3514
3510
3512
3508
3512
3507
3433
3509
3514
3517
3515
3513
3514
3511
3511
3507
3509
3509
3509
3506
3511
3510
3519
3518
3515
3513
3518
3515
3512
3513
3505
3427
3431
3511
3517
3511
3511
3516
3517
3515
3515
3513
3515
3510
3511
3507
3511
3517
3516
3515
3517
3516
3511
3511
3511
3513
3515
3429
3427
3505
3511
3514
3514
3513
3531
3516
3519
3511
3511
3507
3509
3514
3509
3511
3511
3510
3518
3515
3515
3510
3520
3513
3509
3428
3451
3429
3513
3511
3513
3514
3507
3522
3512
3515
3511
3514
3514
3513
3514
3508
3511
3510
3517
3514
3514
3515
3513
3511
3511
3432
3511
3511
3508
3513
3511
3520
3516
3517
3513
3517
3513
3513
3510
3509
3511
3510
3505
3507
3510
3513
3517
3516
3517
3515
3428
3429
3514
3509
3509
3508
3511
3507
3515
3515
3515
3510
3515
3515
3514
3514
3513
3511
3511
3508
3511
3513
3510
3513
3506
3517
3430
3431
3407
3435
3510
3510
3508
3508
3513
3507
3513
3513
3515
3517
3513
3515
3511
3517
3511
3510
3506
3510
3514
3510
3515
3518
3435
3435
3515
3517
3518
3511
3511
3512
3509
3514
3511
3511
3514
3513
3515
3511
3514
3511
3512
3511
3509
3513
3511
3513
3514
3517
3408
3435
3430
3433
3433
3429
3427
3426
3426
3425
3430
3426
3434
3440
3434
3518
3514
3513
3513
3509
3505
3510
3510
3508
3511
3511
3433
3436
3518
3517
3515
3513
3514
3515
3511
3515
3507
3510
3511
3510
3511
3512
3517
3515
3514
3510
3507
3510
3505
3514
3509
3506
3431
3514
3520
3514
3515
3512
3510
3510
3509
3508
3507
3509
3508
3505
3509
3510
3515
3513
3510
3514
3511
3511
3504
3507
3508
3429
3430
3408
3434
3516
3518
3513
3514
3515
3489
3511
3509
3507
3509
3510
3509
3510
3509
3511
3519
3514
3513
3514
3511
3507
3506
3508
3429
3513
3511
3511
3517
3515
3509
3517
3513
3508
3507
3508
3507
3511
3506
3510
3517
3512
3511
3504
3517
3514
3511
3511
3505
3423
3429
3427
3427
3515
3510
3511
3513
3514
3516
3514
3513
3513
3505
3506
3507
3508
3508
3510
3509
3516
3504
3514
3513
3511
3515
3421
3427
3506
3507
3509
3509
3511
3514
3514
3514
3514
3514
3514
3511
3511
3507
3507
3506
3509
3509
3509
3515
3515
3513
3512
3515
3425
3511
3510
3514
3510
3508
3507
3509
3507
3517
3516
3511
3510
3509
3511
3506
3506
3506
3509
3510
3510
3510
3515
3520
3511
3422
3427
3429
3427
3418
3507
3509
3509
3509
3508
3511
3507
3515
3516
3508
3507
3513
3507
3508
3510
3509
3509
3510
3507
3515
3514
3514
3434
3504
3514
3513
3511
3505
3511
3508
3508
3514
3514
3513
3515
3517
3510
3516
3515
3509
3506
3494
3438
3430
3431
3438
3434
3437
3432
3423
3431
3434
3434
3431
3427
3426
3428
3507
3509
3511
3511
3511
3504
3514
3514
3516
3507
3513
3509
3510
3509
3509
3511
3513
3431
3516
3511
3514
3514
3511
3506
3507
3509
3509
3506
3510
3510
3514
3518
3516
3516
3513
3511
3515
3511
3509
3511
3511
3509
3434
3439
3517
3520
3515
3513
3515
3509
3510
3510
3511
3507
3510
3510
3511
3513
3517
3507
3514
3517
3510
3511
3511
3504
3505
3506
3428
3437
3515
3520
3514
3518
3517
3511
3513
3511
3507
3511
3506
3510
3508
3509
3515
3518
3514
3518
3514
3514
3511
3510
3507
3511
3430
3511
3510
3515
3515
3515
3518
3510
3510
3510
3513
3508
3506
3508
3511
3514
3509
3511
3508
3518
3518
3508
3511
3512
3509
3440
3431
3408
3429
3511
3511
3517
3504
3516
3514
3514
3514
3510
3507
3507
3508
3507
3509
3511
3511
3519
3519
3511
3511
3508
3509
3512
3426
3509
3508
3509
3509
3509
3514
3516
3523
3512
3518
3510
3511
3515
3510
3509
3509
3508
3511
3505
3530
3518
3518
3515
3510
3431
3431
3430
3427
3511
3510
3509
3515
3519
3514
3511
3515
3519
3514
3510
3511
3511
3509
3511
3511
3511
3516
3513
3518
3515
3515
3460
3434
3511
3509
3511
3508
3510
3513
3515
3517
3518
3517
3517
3513
3513
3511
3514
3508
3511
3509
3507
3513
3510
3513
3514
3511
3434
3439
3515
3509
3509
3509
3509
3509
3509
3514
3511
3515
3515
3514
3408
3436
3431
3426
3427
3428
3430
3428
3431
3431
3432
3434
3438
3440
3435
3430
3514
3513
3509
3508
3511
3509
3513
3510
3515
3514
3516
3515
3517
3514
3517
3508
3506
3507
3509
3508
3510
3513
3489
3435
3518
3515
3515
3516
3515
3513
3506
3507
3508
3510
3514
3509
3514
3506
3511
3510
3510
3508
3511
3507
3507
3506
3511
3511
3429
3433
3513
3515
3517
3518
3515
3509
3514
3511
3507
3510
3507
3510
3518
3507
3515
3515
3511
3514
3511
3511
3510
3508
3510
3509
3429
3434
3431
3411
3518
3516
3514
3515
3514
3519
3507
3509
3510
3513
3507
3513
3514
3517
3515
3516
3510
3511
