3052
3056
3053
3055
3056
3054
3055
3055
3055
3055
3035
3056
3136
3139
3137
3046
3043
3045
3138
3137
3139
3144
3136
3136
3140
3137
3138
3138
3136
3139
3147
3138
3138
3141
3143
3115
3054
3056
3052
3051
3056
3138
3139
3138
3138
3134
3145
3136
3136
3140
3139
3150
3137
3136
3138
3141
3054
3052
3056
3056
3056
3050
3051
3055
3057
3056
3053
3051
3055
3138
3138
3136
3138
3137
3139
3139
3089
3051
3025
3051
3056
3054
3055
3056
3054
3053
3051
3054
3050
3053
3136
3136
3139
3139
3142
3138
3137
3055
3136
3137
3138
3138
3137
3134
3137
3139
3141
3136
3136
3137
3136
3134
3136
3138
3138
3136
3137
3043
3050
3136
3138
3141
3143
3139
3137
3136
3138
3136
3138
3140
3141
3138
3143
3137
3137
3141
3142
3142
3051
3136
3136
3137
3138
3139
3139
3136
3136
3135
3136
3139
3136
3138
3165
3138
3146
3136
3138
3135
3057
3056
3047
3135
3133
3136
3134
3136
3134
3137
3129
3134
3138
3135
3136
3136
3130
3136
3127
3130
3135
3056
3051
3136
3137
3136
3134
3138
3134
3132
3132
3136
3135
3131
3135
3136
3135
3136
3135
3135
3136
3051
3059
3136
3136
3137
3139
3132
3136
3137
3139
3136
3135
3138
3130
3136
3138
3136
3133
3136
3137
3139
3052
3133
3133
3131
3137
3136
3134
3131
3134
3135
3135
3132
3136
3136
3134
3133
3135
3136
3133
3135
3052
3043
3135
3135
3136
3136
3137
3136
3136
3136
3136
3135
3136
3138
3138
3137
3138
3133
3136
3137
3138
3054
3053
3136
3135
3133
3136
3133
3130
3136
3136
3136
3136
3135
3152
3134
3135
3140
3136
3136
3143
3051
3040
3055
3134
3136
3135
3136
3134
3137
3136
3137
3136
3131
3135
3137
3137
3136
3130
3134
3145
3137
3053
3046
3136
3134
3135
3131
3136
3137
3141
3132
3140
3132
3134
3138
3137
3136
3135
3135
3136
3136
3039
3088
3136
3136
3136
3135
3143
3139
3121
3136
3142
3136
3135
3136
3139
3137
3134
3136
3137
3136
3135
3050
3134
3137
3136
3142
3137
3135
3138
3138
3137
3135
3133
3140
3138
3138
3142
3142
3138
3142
3139
3045
3037
3056
3139
3136
3136
3142
3138
3141
3137
3139
3137
3139
3139
3149
3139
3138
3141
3137
3139
3136
3053
3139
3162
3137
3136
3143
3137
3135
3135
3138
3136
3136
3139
3135
3139
3141
3140
3142
3137
3138
3056
3135
3137
3139
3136
3138
3137
3143
3139
3137
3143
3143
3136
3145
3138
3138
3142
3140
3136
3137
3138
3057
3142
3142
3142
3140
3139
3136
3140
3142
3143
3137
3147
3141
3141
3141
3139
3139
3136
3139
3142
3056
3139
3141
3143
3136
3139
3136
3142
3134
3137
3142
3136
3138
3146
3138
3139
3143
3139
3136
3136
3135
3054
3055
3134
3152
3136
3141
3139
3136
3140
3136
3136
3141
3137
3136
3138
3133
3141
3130
3141
3139
3055
3055
3051
3054
3053
3047
3054
3056
3054
3053
3056
3057
3054
3047
3061
3049
3055
3051
3049
3056
3055
3055
3051
3139
3152
3136
3141
3137
3139
3137
3137
3138
3136
3137
3139
3136
3136
3139
3137
3136
3142
3044
3136
3143
3139
3137
3135
3142
3137
3142
3142
3135
3138
3139
3133
3136
3140
3137
3138
3138
3137
3138
3055
3136
3139
3140
3141
3142
3137
3136
3136
3127
3136
3136
3136
3135
3135
3135
3136
3137
3136
3134
3054
3055
3053
3136
3136
3136
3132
3133
3135
3133
3135
3143
3132
3136
3134
3136
3135
3135
3136
3132
3090
3051
3136
3137
3135
3136
3133
3136
3143
3136
3134
3136
3135
3136
3136
3134
3136
3135
3136
3136
3136
3053
3047
3131
3135
3133
3135
3136
3134
3137
3136
3135
3138
3137
3134
3136
3138
3133
3134
3138
3136
3049
3035
3138
3134
3126
3136
3136
3134
3136
3136
3136
3136
3147
3135
3133
3136
3136
3136
3133
3135
3130
3054
3136
3136
3136
3135
3135
3139
3136
3131
3131
3135
3136
3138
3134
3115
3151
3136
3136
3135
3133
3054
3095
3136
3131
3136
3136
3131
3136
3135
3123
3137
3141
3137
3131
3132
3136
3136
3138
3138
3135
3137
3054
3045
3133
3137
3136
3131
3133
3133
3131
3134
3136
3137
3134
3135
3135
3135
3136
3136
3135
3133
3047
3051
3046
3136
3136
3127
3127
3137
3136
3138
3136
3136
3134
3138
3136
3138
3136
3136
3135
3136
3133
3045
3135
3135
3133
3135
3137
3133
3134
3138
3136
3136
3135
3136
3139
3136
3133
3136
3136
3131
3135
3051
3137
3136
3134
3136
3138
3137
3141
3136
3139
3141
3138
3141
3135
3138
3139
3139
3140
3142
3140
3143
3038
3047
3053
3142
3137
3143
3138
3138
3136
3140
3140
3136
3138
3136
3140
3139
3136
3141
3120
3137
3056
3143
3141
3137
3135
3139
3136
3139
3133
3136
3138
3137
3138
3141
3138
3138
3119
3137
3136
3142
3137
3051
3137
3148
3137
3139
3137
3140
3141
3142
3137
3140
3138
3139
3136
3141
3140
3142
3137
3143
3138
3055
2862
3054
3053
3056
3027
3050
3051
3054
3043
3054
3053
3045
3139
3136
3138
3139
3139
3136
3139
3138
3050
3136
3135
3136
3143
3139
3137
3138
3136
3136
3137
3141
3142
3143
3138
3139
3136
3136
3142
3136
3053
3139
3137
3137
3136
3139
3136
3142
3140
3140
3139
3140
3142
3138
3137
3137
3159
3136
3136
3145
3124
3045
3056
3138
3137
3146
3138
3141
3137
3143
3139
3143
3139
3141
3138
3141
3138
3138
3140
3137
3141
3059
3136
3143
3137
3139
3140
3143
3136
3137
3139
3140
3142
3137
3147
3141
3131
3136
3141
3142
3138
3088
3056
3137
3138
3138
3141
3138
3145
3138
3141
3137
3137
3145
3141
3149
3141
3143
3140
3141
3137
3136
3052
3051
3047
3152
3138
3142
3133
3139
3134
3131
3139
3135
3131
3139
3136
3136
3133
3136
3139
3136
3044
3051
3054
3136
3138
3135
3136
3136
3135
3136
3131
3133
3136
3136
3136
3135
3136
3136
3133
3136
3138
3045
3136
3135
3140
3137
3138
3137
3133
3134
3137
3141
3138
3136
3142
3136
3133
3136
3136
3135
3139
3050
3055
3136
3142
3134
3136
3136
3134
3136
3135
3139
3135
3136
3131
3130
3136
3133
3134
3132
3134
3139
3056
3136
3136
3135
3131
3136
3136
3136
3137
3131
3136
3136
3135
3136
3130
3140
3137
3136
3137
3137
3050
3056
3051
3136
3134
3134
3138
3135
3136
3134
3136
3136
3137
3130
3136
3134
3133
3133
3133
3127
3136
3053
3045
3135
3139
3136
3134
3134
3136
3136
3140
3136
3139
3138
3135
3136
3135
3134
3135
3138
3135
3051
3051
3139
3136
3136
3133
3137
3136
3132
3135
3134
3136
3138
3136
3138
3135
3130
3136
3132
3136
3138
3046
3131
3135
3143
3138
3136
3136
3136
3139
3136
3136
3139
3131
3136
3129
3137
3131
3135
3138
3136
3051
3043
3135
3136
3136
3131
3136
3136
3137
3133
3139
3134
3133
3134
3134
3137
3137
3141
3140
3138
3137
3055
3046
3056
3137
3138
3137
3137
3139
3136
3139
3141
3142
3139
3136
3138
3139
3143
3139
3137
3141
3049
3107
3141
3141
3136
3139
3153
3138
3146
3141
3136
3138
3142
3138
3147
3138
3137
3143
3139
3136
3137
3049
3140
3137
3136
3141
3138
3136
3139
3138
3137
3139
3137
3143
3146
3138
3141
3140
3141
3140
3142
3047
3111
3136
3139
3142
3141
3136
3142
3142
3136
3139
3140
3138
3137
3146
3140
3137
3147
3142
3137
3137
3057
3138
3137
3141
3139
3142
3141
3143
3138
3138
3139
3145
3139
3139
3139
3142
3144
3136
3140
3143
3056
3056
3055
3137
3140
3143
3138
3146
3136
3143
3140
3140
3141
3145
3142
3136
3138
3137
3137
3140
3146
3058
3056
3139
3137
3139
3136
3141
3136
3136
3139
3141
3138
3141
3137
3139
3140
3141
3140
3141
3142
3053
3056
3055
3140
3138
3136
3139
3141
3143
3139
3136
3142
3138
3147
3141
3141
3139
3138
3145
3136
3145
3056
3142
3142
3138
3138
3142
3143
3139
3142
3144
3142
3146
3142
3138
3135
3137
3138
3138
3147
3141
3053
3139
3142
3138
3139
3141
3138
3141
3136
3141
3134
3134
3134
3136
3135
3143
3135
3136
3136
3135
3142
3053
3051
3053
3136
3136
3139
3135
3136
3137
3136
3136
3136
3134
3137
3135
3139
3136
3139
3136
3134
3055
3135
3136
3136
3136
3136
3139
3136
3137
3138
3135
3136
3139
3142
3136
3136
3136
3136
3138
3136
3135
3046
3054
3136
3135
3135
3137
3137
3136
3137
3136
3136
3137
3133
3133
3136
3136
3141
3136
3135
3140
3045
3136
3137
3135
3136
3135
3136
3137
3136
3141
3135
3137
3135
3136
3136
3135
3142
3134
3140
3135
3088
3055
3138
3140
3138
3131
3136
3151
3138
3135
3143
3137
3139
3136
3134
3137
3137
3136
3152
3146
3135
3050
3136
3135
3134
3134
3136
3137
3139
3138
3136
3137
3137
3135
3134
3138
3136
3137
3135
3136
3131
3056
3051
3055
3136
3137
3135
3136
3136
3138
3136
3136
3135
3136
3137
3142
3133
3138
3136
3136
3139
3138
3050
3136
3133
3141
3136
3136
3137
3139
3137
3137
3140
3136
3136
3136
3140
3137
3138
3141
3136
3137
3053
3110
3136
3136
3138
3136
3133
3132
3135
3136
3141
3136
3137
3137
3136
3134
3140
3136
3138
3138
3136
3053
3139
3136
3152
3130
3139
3137
3141
3139
3142
3139
3140
3139
3138
3140
3137
3143
3139
3136
3143
3049
3050
3056
3141
3137
3149
3140
3139
3136
3140
3138
3137
3146
3142
3138
3143
3141
3145
3136
3138
3140
3057
3142
3146
3137
3137
3140
3136
3136
3142
3142
3136
3138
3146
3141
3141
3141
3145
3145
3141
3138
3063
3143
3136
3141
3152
3145
3140
3141
3139
3142
3138
3137
3139
3137
3143
3138
3142
3136
3139
3142
3137
3056
3144
3140
3143
3141
3142
3143
3136
3138
3139
3144
3141
3149
3149
3142
3142
3150
3141
3147
3149
3055
3138
3139
3151
3141
3142
3136
3139
3139
3136
3144
3140
3145
3137
3137
3140
3137
3122
3141
3141
3148
3057
3139
3143
3141
3149
3138
3141
3145
3139
3137
3137
3146
3139
3145
3138
3141
3137
3143
3136
3138
3055
3053
3054
3138
3136
3143
3138
3146
3147
3142
3146
3138
3142
3145
3145
3147
3138
3141
3143
3139
3137
3055
3140
3141
3142
3142
3137
3145
3139
3142
3135
3140
3141
3141
3138
3141
3142
3152
3143
3120
3139
3056
3140
3141
3139
3138
3139
3138
3143
3141
3137
3142
3138
3137
3139
3147
3137
3151
3139
3141
3137
3113
3057
3051
3136
3125
3134
3135
3136
3136
3133
3133
3120
3133
3136
3137
3136
3137
3135
3137
3136
3139
3054
3052
3136
3136
3136
3136
3139
3138
3134
3138
3136
3136
3136
3134
3138
3136
3133
3139
3137
3138
3082
3056
3136
3136
3138
3136
3131
3136
3139
3142
3136
3137
3136
3137
3136
3138
3137
3137
3136
3136
3139
3055
3136
3136
3136
3138
3139
3138
3140
3133
3140
3135
3136
3137
3138
3136
3134
3136
3137
3137
3152
3057
3056
3136
3136
3137
3136
3139
3133
3136
3137
3136
3139
3150
3137
3138
3136
3136
3140
3134
3136
3137
3053
3134
3136
3136
3138
3136
3136
3135
3136
3137
3138
3136
3139
3137
3136
3136
3138
3136
3131
3137
3053
3054
3135
3136
3138
3135
3137
3136
3135
3136
3134
3136
3136
3136
3135
3135
3132
3137
3139
3133
3136
3067
3055
3137
3135
3134
3137
3136
3132
3138
3138
3133
3136
3137
3136
3135
3136
3139
3138
3135
3138
3048
3055
3136
3135
3136
3135
3136
3137
3136
3134
3137
3136
3138
3135
3137
3139
3141
3138
3136
3135
3135
3056
3136
3136
3138
3137
3133
3133
3137
3133
3136
3136
3136
3142
3137
3137
3136
3140
3143
3138
3138
3057
3046
3060
3139
3142
3139
3142
3139
3143
3152
3139
3141
3139
3141
3139
3138
3143
3139
3141
3146
3141
3057
3149
3142
3136
3141
3136
3146
3139
3136
3146
3143
3138
3143
3135
3141
3143
3140
3141
3150
3136
3055
3047
3141
3135
3138
3137
3141
3139
3137
3138
3143
3138
3141
3136
3141
3137
3139
3143
3139
3143
3136
3057
3055
3147
3146
3139
3141
3141
3138
3138
3137
3139
3151
3145
3146
3141
3149
3146
3141
3136
3138
3054
3111
3142
3143
3141
3141
3142
3136
3137
3142
3145
3144
3136
3138
3141
3137
3140
3142
3138
3139
3134
3056
3137
3143
3140
3142
3143
3139
3138
3143
3142
3142
3143
3134
3142
3141
3141
3146
3141
3147
3140
3049
3046
Packet received from server!
C> left track: forward, right track: forward
3045
3045
3053
3055
3078
3203
3344
3542
3946
4095
4095
4095
4095
4095
4095
4095
4095
3901
3262
2947
3170
3824
4095
4095
4095
4095
4095
4095
4095
4016
3461
4095
4095
4095
4095
4095
4095
4095
4095
4095
4095
4095
4095
4095
4095
4095
4095
4095
3793
4095
4095
4095
4095
4095
4095
4095
4095
4095
4095
4095
4095
4095
4095
4095
4095
4095
4095
4095
4095
3348
3270
3414
4095
4095
4095
3824
3187
4095
4095
4095
4095
4095
3346
3331
4095
4095
4095
4095
3055
3015
4095
4095
4095
4095
3047
2928
3675
4095
4095
4095
3599
3129
4095
4095
4095
4095
3269
3114
4095
4095
4095
4045
3211
3025
4095
4095
4095
4095
3517
4095
4095
4095
4095
3230
3498
4095
4095
4095
3280
2974
3575
4095
4095
4095
3382
3205
4095
4095
4095
3696
2960
3356
4095
4095
4095
3376
2906
3351
4095
4095
4095
3551
3269
4095
4095
4095
4095
4095
3702
4095
4095
4095
3115
4095
3920
4095
4095
4095
3606
4095
4095
4095
4095
3123
3263
4095
4095
4095
3692
2935
3023
4095
4095
4095
3783
3056
3861
4095
4095
4048
2915
3089
4095
4095
4095
3322
2933
3099
4095
4095
4095
3539
3234
4095
4095
4095
3804
3791
4095
4095
4095
4095
3134
3223
3983
4095
4095
4095
3184
3419
4095
4095
4095
3045
2957
4015
4095
4095
4095
2943
3037
4095
4095
4095
4095
3478
3814
4095
4095
4095
3603
3471
4095
4095
4095
4055
3633
3281
4095
4095
4095
4095
4095
4095
4095
4095
4095
3201
4095
4095
4095
4095
3553
2921
3247
4095
4095
4095
3439
3327
4095
4095
4095
3551
2975
3342
4095
4095
4095
3679
2929
3344
4095
4095
4095
3341
3184
4095
4095
4095
4095
4095
3560
4095
4095
4095
4095
4095
3825
4095
4095
4095
4095
4095
4095
4095
4095
3366
3442
4095
4095
4095
4095
3013
2978
4095
4095
4095
4095
3149
3564
4095
4095
4095
3093
3042
3787
4095
4095
4095
3451
3003
4011
4095
4095
4095
4095
3637
4095
4095
4095
4095
3949
3841
4095
4095
3914
4095
4095
4095
4095
4095
4095
3757
4095
4095
4095
4095
3063
3301
4095
4095
4095
3597
2942
3085
4095
4095
4095
4095
3165
3982
4095
4095
4095
4095
3143
4095
4095
4095
4095
4095
3120
4095
4095
4095
4095
3229
4095
4095
4095
4095
3162
4095
4095
4095
4095
3488
2928
3699
4095
4095
4095
3538
3198
4095
4095
4095
3603
3013
3306
4095
4095
4095
4095
4095
4095
4095
4095
4095
4095
4095
4095
4095
4095
3360
3429
4095
4095
4095
4095
3111
2942
3806
4095
4095
4095
3323
3285
4095
4095
4095
4095
2981
3469
4095
4095
4095
4095
3008
3549
4095
4095
4095
4095
4095
4095
4095
4095
3487
4095
4095
4095
4095
3908
3102
4095
4095
4095
4095
4067
3045
3890
4095
4095
4095
3090
3022
3855
4095
4095
4095
2945
2996
4070
4095
4095
4095
3366
3903
4095
4095
4095
3340
3497
4095
4095
4095
3358
3193
3637
4095
4095
4095
3393
3823
4095
4095
4095
3147
2906
4080
4095
4095
4080
2967
2983
4095
4095
4095
4095
3126
3661
4095
4095
4095
3411
3041
4032
4095
4095
3615
3390
3271
4095
4095
4095
4042
3431
4095
4095
4095
3728
3390
3715
4095
4095
4095
3141
3159
4095
4095
4095
4095
3266
3522
4095
4095
4095
3214
2961
3728
4095
4095
4095
3006
2960
3734
4095
4095
4095
3056
3665
4095
4095
4095
3345
3091
4095
4095
4095
4095
4095
3830
4095
4095
4095
4095
4095
4095
4095
4095
3223
2992
3663
4095
4095
3988
2921
2927
3927
4095
4095
4095
3086
3527
4095
4095
4095
3070
2965
3851
4095
4095
Packet received from server!
C> left track: stop, right track: stop
3794
2955
2924
3581
4095
4095
4095
4095
3287
3279
3952
4095
4095
4095
4095
4095
3436
3057
3201
3046
4095
4095
4095
4095
4095
4095
4095
4095
4095
4095
4095
4095
4095
4095
4095
4095
4095
4095
4095
4095
4095
4095
4095
4095
4095
4095
4095
4095
4095
4095
4095
4095
4095
4095
4095
4095
4095
4095
4095
4095
4095
4095
4095
4095
4095
4095
4095
4095
4095
4095
4095
4095
4095
4095
4095
4095
4095
4095
4095
4095
4095
4095
4095
4095
4095
4095
4095
4095
4095
4095
4095
4095
4095
4095
4095
4095
4095
4095
4095
4095
4095
4095
4095
4095
4095
4095
4095
4095
4095
4095
4095
4095
4095
4095
4095
4095
4095
4095
4095
4095
4095
4095
4095
4095
4095
4095
4095
4095
4095
4095
4095
4095
4095
4095
4095
4095
4095
4095
4095
4095
4095
4095
4095
4095
4095
4095
4095
4095
4095
4095
4095
4095
4095
4095
4095
4095
4095
4095
4095
4095
4095
4095
4095
4095
4095
4095
4095
4095
4095
4095
4095
4095
4095
4095
4095
4095
4095
4095
4095
4095
4095
4095
4095
4095
4095
4095
4095
4095
4095
4095
4095
4095
4095
4095
4095
4095
4095
4095
4095
4095
4095
4095
4095
4095
4095
4095
4095
4095
4095
4095
4095
4095
4095
4095
4095
4095
4095
4095
4095
4095
4095
4095
4095
4095
4095
4095
4095
4095
4095
4095
4095
4095
4095
4095
4095
4095
4095
4095
4095
4095
4095
4095
4095
4095
4095
4095
4095
4095
4095
4095
4095
4095
4095
4095
4095
4095
4095
4095
4095
4095
4095
4095
4095
4095
4095
4095
4095
4095
4095
4095
4095
4095
4095
4095
4095
4095
4095
4095
4095
4095
4095
4095
4095
4095
4095
4095
4095
4095
4095
4095
4095
4095
4095
4095
4095
4095
4095
4095
4095
4095
4095
4095
4095
4095
4095
4095
4095
4095
4095
4095
4095
4095
4095
4095
4095
4095
4095
4095
4095
4095
4095
4095
4095
4095
4095
4095
4095
4095
4095
4095
4095
4095
4095
4095
4095
4095
4095
4095
4095
4095
4095
4095
4095
4095
4095
4095
4095
4095
4095
4095
4095
4095
4095
4095
4095
4095
4095
4095
4095
4095
4095
4095
4095
4095
4095
4095
4095
4095
4095
4095
4095
4095
4095
4095
4095
4095
4095
4095
4095
4095
4095
4095
4095
4095
4095
4095
4095
4095
4095
4095
4095
4095
4095
4095
4095
4095
4095
4095
4095
4095
4095
4095
4095
4095
4095
4095
4095
4095
4095
4095
4095
4095
4095
4095
4095
4095
4095
4095
4095
4095
4095
4095
4095
4095
4095
4095
4095
4095
4095
4095
4095
4095
4095
4095
4095
4095
4095
4095
4095
4095
4095
4095
4095
4095
4095
4095
4095
4095
4095
4095
4095
4095
4095
4095
4095
4095
4095
4095
4095
4095
4095
4095
4095
4095
4095
4095
4095
4095
4095
4095
4095
4095
4095
4095
4095
4095
4095
4095
4095
4095
4095
4095
4095
4095
4095
4095
4095
4095
4095
4095
4095
Packet received from server!
C> left track: forward4095
, right track: forward4095

4095
4095
4095
4095
4095
4095
4095
4095
4095
4095
3958
3403
3007
2928
2923
2971
3123
3312
4015
4095
4095
4095
4095
4095
4095
3889
3211
3178
3521
4095
4095
4095
4095
4095
4095
4095
4095
3847
3878
4095
4095
4095
4095
4095
4095
4095
4095
4095
4095
4095
4095
4095
4095
4095
4095
4095
4095
4095
3653
3002
4095
4095
4095
4095
4095
4019
3071
2923
4095
4095
4095
4095
4095
3314
3201
4095
4095
4095
4095
3083
2976
3458
4095
4095
4095
3719
2920
3088
4095
4095
4095
4095
3600
3313
4095
4095
4095
4095
3322
3005
3863
4095
4095
4095
4095
4095
3307
4095
4095
4095
4095
4095
4095
4095
4095
4095
3935
4095
3895
4095
4095
4095
3472
4095
4095
4095
4095
4095
3715
3441
4095
4095
4095
4095
3059
3147
4095
4095
4095
3958
2930
2973
4095
4095
4095
4095
3278
3344
4095
4095
4095
4095
2971
3331
4095
4095
4095
3503
2909
3172
4095
4095
4095
4095
3490
3887
4095
4095
4095
4095
4095
3904
4095
4095
4095
4095
3444
3898
4095
4095
4095
3216
3643
4095
4095
4095
3098
3531
4095
4095
4095
3957
2998
3233
4095
4095
4095
4095
3221
3602
4095
4095
4095
3358
2963
3376
4095
4095
4095
3203
2921
3246
4095
4095
4095
3670
3159
4093
4095
4095
4095
4095
3024
4095
4095
4095
4095
3783
3221
4095
4095
4095
4095
3539
3792
4095
4095
4095
4047
4095
4095
4095
4095
3905
3243
4095
4095
4095
4095
4095
3208
3709
4095
4095
4095
3370
2951
3719
4095
4095
4095
3181
2907
3184
4095
4095
4095
3339
3109
4095
4095
4095
3536
2881
3238
4095
4095
4095
3115
2950
3349
4095
4095
4095
3331
3324
4095
4095
4095
3642
3518
3775
4095
4095
4095
3312
3519
4095
4095
4095
4095
3471
3477
4095
4095
4095
3858
2991
3408
4095
4095
4095
3509
2915
3357
4095
4095
4095
3778
3142
3953
4095
4095
4095
2905
3193
4095
4095
4095
3536
2906
3186
4095
4095
4095
4095
3439
4095
4095
4095
4095
4095
3573
4095
4095
4095
3359
2925
3129
4095
4095
4095
3760
3199
3999
4095
4095
4095
3014
3150
4095
4095
4095
3389
2890
3152
4095
4095
4095
3651
3158
4095
4095
4095
3831
2976
3255
4095
4095
4095
3501
2913
3215
4095
4095
4095
3370
3088
4095
4095
4095
3873
3014
3113
4095
4095
4095
3419
2949
3120
4095
4095
4095
3895
3178
3760
4095
4095
4095
4095
4095
4095
4095
4095
3533
4095
4095
4095
4095
4095
3758
3553
4095
4095
4095
4067
2995
3136
4095
4095
4095
3213
2854
3162
4095
4095
4095
3493
3134
4095
4095
4095
3839
2965
3156
4095
4095
4095
4095
4095
3431
4095
4095
4095
4095
4095
4095
4095
4095
3355
3422
4095
4095
4095
4095
2994
3687
4095
4095
4095
4095
3152
3698
4095
4095
4095
3044
3053
4095
4095
4095
4005
2941
3044
4095
4095
4095
4095
3136
3643
4095
4095
4095
3775
3471
4043
4095
4095
3962
3375
3312
4095
4095
4095
4095
4095
4095
4095
4095
4000
3039
3767
4095
4095
4095
3351
2908
3551
4095
4095
4095
3514
3184
4095
4095
4095
3651
2965
3307
4095
4095
Packet received from server!
C> left track: stop, right track: stop
4095
3197
2841
3007
3982
4095
4095
4095
3861
3127
3115
3696
4095
4095
4095
4095
4095
4095
4095
3147
4095
4095
4095
4095
4095
4095
4095
4095
4095
4095
4095
4095
4095
4095
4095
4095
4095
4095
4095
4095
4095
4095
4095
4095
4095
4095
4095
4095
4095
4095
4095
4095
4095
4095
4095
4095
4095
4095
4095
4095
4095
4095
4095
4095
4095
4095
4095
4095
4095
4095
4095
4095
4095
4095
4095
4095
4095
4095
4095
4095
4095
4095
4095
4095
4095
4095
4095
4095
4095
4095
4095
4095
4095
4095
4095
4095
4095
4095
4095
4095
4095
4095
4095
4095
4095
4095
4095
4095
4095
4095
4095
4095
4095
4095
4095
4095
4095
4095
4095
4095
4095
4095
4095
4095
4095
4095
4095
4095
4095
4095
4095
4095
4095
4095
4095
4095
4095
4095
4095
4095
4095
4095
4095
4095
4095
4095
4095
4095
4095
4095
4095
4095
4095
4095
4095
4095
4095
4095
4095
4095
4095
4095
4095
4095
4095
4095
4095
4095
4095
4095
4095
4095
4095
4095
4095
4095
4095
4095
4095
4095
4095
4095
4095
4095
4095
4095
4095
4095
4095
4095
4095
4095
4095
4095
4095
4095
4095
4095
4095
4095
4095
4095
4095
4095
4095
4095
4095
4095
4095
4095
4095
4095
4095
4095
4095
4095
4095
4095
4095
4095
4095
4095
4095
4095
4095
4095
4095
4095
4095
4095
4095
4095
4095
4095
4095
4095
4095
4095
4095
4095
4095
4095
4095
4095
4095
4095
4095
4095
4095
4095
4095
4095
4095
4095
4095
4095
4095
4095
4095
4095
4095
4095
4095
4095
4095
4095
4095
4095
4095
4095
4095
4095
4095
4095
4095
4095
4095
4095
4095
4095
4095
4095
4095
4095
4095
4095
Packet received from server!
C> left track: backward4095
, right track: backward
4095
4095
4095
4095
4095
4095
4095
3730
3392
3177
3255
3145
2946
3053
3313
3959
4095
4095
4095
4095
4095
4095
4095
3583
3295
3216
3759
4095
4095
4095
4095
4095
3963
3345
3092
2917
3159
3929
4095
4095
4095
4095
3847
3239
2949
3273
4095
4095
4095
4095
4000
3312
3312
4095
4095
4095
4095
3841
3200
2832
3275
4095
4095
4095
4095
3503
3054
3190
4095
4095
4095
4095
3539
3152
4027
4095
4095
4095
3890
3139
2837
3238
4095
4095
4095
4095
3131
2943
3354
4095
4095
4095
4095
3188
3237
4095
4095
4095
4095
3187
2955
2994
4095
4095
4095
4095
3304
2947
3135
4095
4095
4095
4095
3220
3217
4095
4095
4095
4095
3155
2880
3079
4095
4095
4095
4095
3191
2935
3519
4095
4095
4095
4013
3138
3633
4095
4095
4095
3810
3010
3135
3280
4095
4095
4095
3761
3039
3178
3997
4095
4095
4095
3571
3362
4085
4095
4095
4095
3457
3137
3237
4091
4095
4095
4095
3301
3179
3485
4095
4095
4095
4055
3407
3931
4095
4095
4095
3537
3237
3265
4095
4095
4095
4095
3354
3187
3735
4095
4095
4095
3779
3438
4095
4095
4095
4095
3539
3244
3335
4095
4095
4095
4095
3260
2973
3242
4095
4095
4095
3899
3154
3409
4095
4095
4095
3570
2968
2945
3581
4095
4095
4095
3237
2941
3360
4095
4095
4095
3839
3325
3881
4095
4095
4095
3482
3455
3066
4095
4095
4095
4095
3274
2979
3860
4095
4095
4095
3302
3118
4095
4095
4095
4095
3102
2850
3129
4095
4095
4095
3637
2963
2971
4095
4095
4095
4095
3118
3297
4095
4095
4095
3505
2955
2896
3733
4095
4095
4095
3056
2887
3632
4095
4095
4095
3181
3142
4095
4095
4095
3840
3231
2914
3472
4095
4095
4095
3568
2943
3235
4095
4095
4095
4095
3119
3540
4095
4095
4095
3807
2926
2963
3813
4095
4095
4095
3171
2931
3441
4095
4095
4095
3420
3140
4095
4095
4095
4095
3058
2889
3227
4095
4095
4095
3455
2958
3120
4095
4095
4095
3830
3151
3627
4095
4095
4095
3607
2834
2959
4030
4095
4095
4095
3094
2965
3760
4095
4095
4095
3324
3190
4095
4095
4095
4095
3058
2903
3327
4095
4095
4095
3413
2944
3237
4095
4095
4095
3491
3134
4095
4095
4095
4095
3050
2899
3363
4095
4095
4095
3325
2940
3265
4095
4095
4095
3541
3123
3919
4095
4095
4095
3440
2886
3071
4095
4095
4095
4095
2994
2899
4095
4095
4095
4095
3269
3216
4095
4095
4095
4095
2999
2926
3485
4095
4095
4095
3209
2940
3734
4095
4095
4095
3264
3097
4095
4095
4095
3812
2943
2841
3351
4095
4095
4095
3206
2866
3280
4095
4095
4095
3450
Packet received from server!
C> left track: stop, right track: stop
3056
3877
4095
4095
4095
3632
3003
2832
2898
3260
4095
4095
4095
4095
4095
4095
3878
3410
3170
2955
2970
2960
3170
3353
3678
4095
4095
4095
4095
4095
4095
4095
4095
4095
4095
4095
4095
4095
4095
4095
4095
4095
4095
4095
4095
4095
4095
4095
4095
4095
4095
4095
4095
4095
4095
4095
4095
4095
4095
4095
4095
4095
4095
4095
4095
4095
4095
4095
4095
4095
4095
4095
4095
4095
4095
4095
4095
4095
4095
4095
4095
4095
4095
4095
4095
4095
4095
4095
4095
4095
4095
4095
4095
4095
4095
4095
4095
4095
4095
4095
4095
4095
4095
4095
4095
4095
4095
4095
4095
4095
4095
4095
4095
4095
4095
4095
4095
4095
4095
4095
4095
4095
4095
4095
4095
4095
4095
4095
4095
4095
4095
4095
4095
4095
4095
4095
4095
4095
4095
4095
4095
4095
4095
4095
4095
4095
4095
4095
4095
4095
4095
4095
4095
4095
4095
4095
4095
4095
4095
4095
4095
4095
4095
4095
4095
4095
4095
4095
4095
4095
4095
4095
4095
4095
4095
4095
4095
4095
4095
4095
4095
4095
4095
4095
4095
4095
4095
4095
4095
4095
4095
4095
4095
4095
4095
4095
4095
4095
4095
4095
4095
4095
4095
4095
4095
4095
4095
4095
4095
4095
4095
4095
4095
4095
4095
4095
4095
4095
4095
4095
4095
4095
4095
4095
4095
4095
4095
4095
4095
4095
4095
4095
4095
4095
4095
4095
4095
4095
4095
4095
4095
4095
4095
4095
4095
4095
4095
4095
4095
4095
4095
4095
4095
4095
4095
4095
4095
4095
4095
4095
4095
4095
4095
4095
4095
4095
4095
4095
4095
4095
4095
4095
4095
4095
4095
4095
4095
4095
4095
4095
4095
4095
4095
4095
4095
4095
4095
4095
4095
4095
4095
4095
4095
4095
4095
4095
4095
4095
4095
4095
4095
4095
4095
4095
4095
4095
4095
4095
4095
4095
4095
4095
4095
4095
4095
4095
4095
4095
4095
4095
4095
4095
4095
4095
4095
4095
4095
4095
4095
4095
4095
4095
4095
4095
4095
4095
4095
4095
4095
4095
4095
4095
4095
4095
4095
4095
4095
4095
4095
4095
4095
4095
4095
4095
4095
4095
4095
4095
4095
4095
4095
4095
4095
4095
4095
4095
4095
4095
4095
4095
4095
4095
4095
4095
4095
4095
4095
4095
4095
4095
4095
4095
4095
4095
4095
4095
4095
4095
4095
4095
4095
4095
4095
4095
4095
4095
4095
4095
4095
4095
4095
4095
4095
4095
4095
4095
4095
4095
4095
4095
4095
4095
4095
4095
4095
4095
4095
4095
4095
4095
4095
4095
4095
4095
4095
4095
4095
4095
4095
4095
4095
4095
4095
4095
4095
4095
4095
4095
4095
4095
4095
4095
4095
4095
4095
4095
4095
4095
4095
4095
4095
4095
4095
4095
4095
4095
4095
4095
4095
4095
4095
4095
4095
4095
4095
4095
4095
4095
4095
4095
4095
4095
4095
4095
4095
4095
4095
4095
4095
4095
4095
4095
4095
4095
4095
4095
4095
4095
4095
4095
4095
4095
4095
4095
4095
4095
4095
4095
4095
4095
4095
4095
4095
4095
4095
4095
4095
4095
4095
4095
4095
4095
4095
4095
4095
4095
4095
4095
4095
4095
4095
4095
4095
4095
4095
4095
4095
4095
4095
4095
4095
4095
4095
4095
4095
4095
4095
4095
4095
4095
4095
4095
4095
4095
4095
4095
4095
4095
4095
4095
4095
4095
4095
4095
4095
4095
4095
4095
4095
4095
4095
4095
4095
4095
4095
4095
4095
4095
4095
4095
4095
4095
4095
4095
4095
4095
4095
4095
4095
4095
4095
4095
4095
4095
4095
4095
4095
4095
4095
4095
4095
4095
4095
4095
4095
4095
4095
4095
4095
4095
4095
4095
4095
4095
4095
4095
4095
4095
4095
4095
4095
4095
4095
4095
4095
4095
4095
4095
4095
4095
4095
4095
4095
4095
4095
4095
4095
4095
4095
4095
4095
4095
4095
4095
4095
4095
4095
4095
4095
4095
4095
4095
4095
4095
4095
4095
4095
4095
4095
4095
4095
4095
4095
4095
4095
4095
4095
4095
4095
4095
4095
4095
4095
4095
4095
4095
4095
4095
4095
4095
4095
4095
4095
4095
4095
4095
4095
4095
4095
4095
4095
4095
4095
4095
4095
4095
4095
4095
4095
4095
4095
4095
4095
4095
4095
4095
4095
4095
4095
4095
4095
4095
4095
4095
4095
4095
4095
4095
4095
4095
4095
4095
4095
4095
4095
4095
4095
4095
4095
4095
4095
4095
4095
4095
4095
4095
4095
4095
4095
4095
4095
4095
4095
4095
4095
4095
4095
4095
4095
4095
4095
4095
4095
4095
4095
4095
4095
4095
4095
4095
4095
4095
4095
4095
4095
4095
4095
4095
4095
4095
4095
4095
4095
4095
4095
4095
4095
4095
4095
4095
4095
4095
4095
4095
4095
4095
4095
4095
4095
4095
4095
4095
4095
4095
4095
4095
4095
4095
4095
4095
4095
4095
4095
4095
4095
4095
4095
4095
4095
4095
4095
4095
4095
4095
4095
4095
4095
4095
4095
4095
4095
4095
4095
4095
4095
4095
4095
4095
4095
4095
4095
4095
4095
4095
4095
4095
4095
4095
4095
4095
4095
4095
4095
4095
4095
4095
4095
4095
4095
4095
4095
4095
4095
4095
4095
4095
4095
4095
4095
4095
4095
4095
4095
4095
4095
4095
4095
4095
4095
4095
4095
4095
4095
4095
4095
4095
4095
4095
4095
4095
4095
4095
4095
4095
4095
4095
4095
4095
4095
4095
4095
4095
4095
4095
4095
4095
4095
4095
4095
4095
4095
4095
4095
4095
4095
4095
4095
4095
4095
4095
4095
4095
4095
4095
4095
4095
4095
4095
4095
4095
4095
4095
4095
4095
4095
4095
4095
4095
4095
4095
4095
4095
4095
4095
4095
4095
4095
4095
4095
4095
4095
4095
4095
4095
4095
4095
4095
4095
4095
4095
4095
4095
4095
4095
4095
4095
4095
4095
4095
4095
4095
4095
4095
4095
4095
4095
4095
4095
4095
4095
4095
4095
4095
4095
4095
4095
4095
4095
4095
4095
4095
4095
4095
4095
4095
4095
4095
4095
4095
4095
4095
4095
4095
4095
4095
4095
4095
4095
4095
4095
4095
4095
4095
4095
4095
4095
4095
4095
4095
4095
4095
4095
4095
4095
4095
4095
4095
4095
4095
4095
4095
4095
4095
4095
4095
4095
4095
4095
4095
4095
4095
4095
4095
4095
4095
4095
4095
4095
4095
4095
4095
4095
4095
4095
4095
4095
4095
4095
4095
4095
4095
4095
4095
4095
4095
4095
4095
4095
4095
4095
4095
4095
4095
4095
4095
4095
4095
4095
4095
4095
4095
4095
4095
4095
4095
4095
4095
4095
4095
4095
4095
4095
4095
4095
4095
4095
4095
4095
4095
4095
4095
4095
4095
4095
4095
4095
4095
4095
4095
4095
4095
4095
4095
4095
4095
4095
4095
4095
4095
4095
4095
4095
4095
4095
4095
4095
4095
4095
4095
4095
4095
4095
4095
4095
4095
4095
4095
4095
4095
4095
4095
4095
4095
4095
4095
4095
4095
4095
4095
4095
4095
4095
4095
4095
4095
4095
4095
4095
4095
4095
4095
4095
4095
4095
4095
4095
4095
4095
4095
4095
4095
4095
4095
4095
4095
4095
4095
4095
4095
4095
4095
4095
4095
4095
4095
4095
4095
4095
4095
4095
4095
4095
4095
4095
4095
4095
4095
4095
4095
4095
4095
4095
4095
4095
4095
4095
4095
4095
4095
4095
4095
4095
4095
4095
4095
4095
4095
4095
4095
4095
4095
4095
4095
4095
4095
4095
4095
4095
4095
4095
4095
4095
4095
4095
4095
4095
4095
4095
4095
4095
4095
4095
4095
4095
4095
4095
4095
4095
4095
4095
4095
4095
4095
4095
4095
4095
4095
4095
4095
4095
4095
4095
4095
4095
4095
4095
4095
4095
4095
4095
4095
4095
4095
4095
4095
4095
4095
4095
4095
4095
4095
4095
4095
4095
4095
4095
4095
4095
4095
4095
4095
4095
4095
4095
4095
4095
4095
4095
